
/var/spool/sge/ies/grd-ies-cs7-01/job_scripts/230783779 -stream 2021.1_ADP1_DEV_installer_porting -projHome /ies/iesd_data3_nb/iesdwa/qualitygates/wa/2021.1_ADP1_DEV_installer_porting/code/iesd -buildFile /ies/iesd_data3_nb/iesdwa/qualitygates/wa/2021.1_ADP1_DEV_installer_porting/code/iesd/ctopology_src/tests/build.xml -testlist /ies/iesd_data3_nb/iesdwa/qualitygates/wa/2021.1_ADP1_DEV_installer_porting/code/iesd/chs_home/bld/testjobs.linux/job.573.txt

ARC=lx-amd64
_=/bin/env
DISPLAY=lnx-ies-bld-06.ies.mentorg.com:3
ENVIRONMENT=BATCH
GRID_SCRIPT_TO_EXECUTE=/ies/iesd_data11/iesdgridhome/scripts/prod/BuildScripts/bin/rununittest.pl
HISTCONTROL=ignoredups
HISTSIZE=1000
HOME=/home/iesdgrid
HOSTNAME=grd-ies-cs7-01
IESD_GRIDDATA=/ies/iesd_data11/iesdgridhome/data
IESD_SCRIPTS=/ies/iesd_data11/iesdgridhome/scripts/prod
JOB_ID=230783779
JOB_NAME=gridrunner.sh
JOB_SCRIPT=/var/spool/sge/ies/grd-ies-cs7-01/job_scripts/230783779
KDEDIRS=/usr
LANG=en_US.UTF-8
LESSOPEN=||/usr/bin/lesspipe.sh %s
LOGNAME=iesdgrid
MAIL=/var/spool/mail/iesdgrid
MANPATH=:/opt/puppetlabs/puppet/share/man
NHOSTS=1
NQUEUES=1
NSLOTS=1
PATH=/usr/lib64/qt-3.3/bin:/home/iesdgrid/perl5/bin:/var/spool/sge/ies/tmp/230783779.1.all.q:/usr/local/bin:/bin:/usr/bin:/usr/local/sbin:/usr/sbin:/opt/puppetlabs/bin:/home/iesdgrid/opt/intellij/idea-IC-162.2228.15/bin
PERL5LIB=/home/iesdgrid/perl5/lib/perl5:
PERL_LOCAL_LIB_ROOT=:/home/iesdgrid/perl5
PERL_MB_OPT=--install_base /home/iesdgrid/perl5
PERL_MM_OPT=INSTALL_BASE=/home/iesdgrid/perl5
PWD=/home/iesdgrid
QTDIR=/usr/lib64/qt-3.3
QT_GRAPHICSSYSTEM_CHECKED=1
QTINC=/usr/lib64/qt-3.3/include
QTLIB=/usr/lib64/qt-3.3/lib
QT_PLUGIN_PATH=/usr/lib64/kde4/plugins:/usr/lib/kde4/plugins
QUEUE=all.q
REQNAME=gridrunner.sh
REQUEST=gridrunner.sh
RESTARTED=0
SGE_ACCOUNT=sge
SGE_ARCH=lx-amd64
SGE_BINARY_PATH=/ies/grid/uge86/bin/lx-amd64
SGE_CELL=default
SGE_CWD_PATH=/home/iesdgrid
SGE_EXECD_PORT=6471
SGE_HGR_memory=5.588G
SGE_JOB_SPOOL_DIR=/var/spool/sge/ies/grd-ies-cs7-01/active_jobs/230783779.1
SGE_O_HOME=/home/iesdgrid
SGE_O_HOST=ies-iesd-grd002
SGE_O_LOGNAME=iesdgrid
SGE_O_MAIL=/var/mail/iesdgrid
SGE_O_PATH=/ies/iesd_data11/iesdgridhome/tools/appsroot/aol/java/jdk-11.0.4/bin:/ies/iesd_data3_nb/iesdwa/qualitygates/wa/2021.1_ADP1_DEV_installer_porting/code/iesd/chs_home/bld/bin:/ies/iesd_data3_nb/iesdwa/qualitygates/wa/2021.1_ADP1_DEV_installer_porting/code/iesd/chs_home/bin:/ies/iesd_data3_nb/iesdwa/qualitygates/wa/2021.1_ADP1_DEV_installer_porting/code/iesd/chs_home/lib:/ies/iesd_data3_nb/iesdwa/qualitygates/wa/2021.1_ADP1_DEV_installer_porting/code/iesd/chs_home/bld/lib:/usr/atria/bin:/ies/grid/uge86/mgc:/ies/grid/uge86/bin/lx-amd64:/usr/local/bin:/usr/bin
SGE_O_SHELL=/bin/ksh
SGE_O_WORKDIR=/tmp/slave/ci01/workspace/SubmitQualityGatesGit
SGE_QMASTER_PORT=6470
SGE_RERUN_JOB=1
SGE_RERUN_REQUESTED=1
SGE_ROOT=/ies/grid/uge86
SGE_STDERR_PATH=/ies/iesd_data3_nb/iesdwa/qualitygates/wa/2021.1_ADP1_DEV_installer_porting/junit_test_result/logs/linux/job.573.log
SGE_STDIN_PATH=/dev/null
SGE_STDOUT_PATH=/ies/iesd_data3_nb/iesdwa/qualitygates/wa/2021.1_ADP1_DEV_installer_porting/junit_test_result/logs/linux/job.573.log
SGE_TASK_FIRST=undefined
SGE_TASK_ID=undefined
SGE_TASK_LAST=undefined
SGE_TASK_STEPSIZE=undefined
SHELL=/bin/sh
SHLVL=1
TMPDIR=/var/spool/sge/ies/tmp/230783779.1.all.q
TMP=/var/spool/sge/ies/tmp/230783779.1.all.q
TZ=UTC
USER=iesdgrid
+ export MGC_VCO=aol
+ MGC_VCO=aol
+ export LD_LIBRARY_PATH=/ies/iesd_data11/iesdgridhome/scripts/prod/Modules/aol:
+ LD_LIBRARY_PATH=/ies/iesd_data11/iesdgridhome/scripts/prod/Modules/aol:
+ export PATH=/bin:/usr/lib64/qt-3.3/bin:/home/iesdgrid/perl5/bin:/var/spool/sge/ies/tmp/230783779.1.all.q:/usr/local/bin:/bin:/usr/bin:/usr/local/sbin:/usr/sbin:/opt/puppetlabs/bin:/home/iesdgrid/opt/intellij/idea-IC-162.2228.15/bin
+ PATH=/bin:/usr/lib64/qt-3.3/bin:/home/iesdgrid/perl5/bin:/var/spool/sge/ies/tmp/230783779.1.all.q:/usr/local/bin:/bin:/usr/bin:/usr/local/sbin:/usr/sbin:/opt/puppetlabs/bin:/home/iesdgrid/opt/intellij/idea-IC-162.2228.15/bin
+ '[' -x /ies/grid/uge86/default/common/settings.sh ']'
+ echo 'Calling perl /ies/iesd_data11/iesdgridhome/scripts/prod/BuildScripts/bin/rununittest.pl -stream' 2021.1_ADP1_DEV_installer_porting -projHome /ies/iesd_data3_nb/iesdwa/qualitygates/wa/2021.1_ADP1_DEV_installer_porting/code/iesd -buildFile /ies/iesd_data3_nb/iesdwa/qualitygates/wa/2021.1_ADP1_DEV_installer_porting/code/iesd/ctopology_src/tests/build.xml -testlist '/ies/iesd_data3_nb/iesdwa/qualitygates/wa/2021.1_ADP1_DEV_installer_porting/code/iesd/chs_home/bld/testjobs.linux/job.573.txt '
Calling perl /ies/iesd_data11/iesdgridhome/scripts/prod/BuildScripts/bin/rununittest.pl -stream 2021.1_ADP1_DEV_installer_porting -projHome /ies/iesd_data3_nb/iesdwa/qualitygates/wa/2021.1_ADP1_DEV_installer_porting/code/iesd -buildFile /ies/iesd_data3_nb/iesdwa/qualitygates/wa/2021.1_ADP1_DEV_installer_porting/code/iesd/ctopology_src/tests/build.xml -testlist /ies/iesd_data3_nb/iesdwa/qualitygates/wa/2021.1_ADP1_DEV_installer_porting/code/iesd/chs_home/bld/testjobs.linux/job.573.txt 
+ echo 'Fail if file not found '
Fail if file not found 
+ perl /ies/iesd_data11/iesdgridhome/scripts/prod/BuildScripts/bin/rununittest.pl -stream 2021.1_ADP1_DEV_installer_porting -projHome /ies/iesd_data3_nb/iesdwa/qualitygates/wa/2021.1_ADP1_DEV_installer_porting/code/iesd -buildFile /ies/iesd_data3_nb/iesdwa/qualitygates/wa/2021.1_ADP1_DEV_installer_porting/code/iesd/ctopology_src/tests/build.xml -testlist /ies/iesd_data3_nb/iesdwa/qualitygates/wa/2021.1_ADP1_DEV_installer_porting/code/iesd/chs_home/bld/testjobs.linux/job.573.txt
-- Tue Jun 22 18:10:15 2021: /ies/iesd_data11/iesdgridhome/scripts/prod/BuildScripts/bin/rununittest.pl -stream 2021.1_ADP1_DEV_installer_porting -projHome /ies/iesd_data3_nb/iesdwa/qualitygates/wa/2021.1_ADP1_DEV_installer_porting/code/iesd -buildFile /ies/iesd_data3_nb/iesdwa/qualitygates/wa/2021.1_ADP1_DEV_installer_porting/code/iesd/ctopology_src/tests/build.xml -testlist /ies/iesd_data3_nb/iesdwa/qualitygates/wa/2021.1_ADP1_DEV_installer_porting/code/iesd/chs_home/bld/testjobs.linux/job.573.txt
-- Tue Jun 22 18:10:15 2021: Checking for branch configuration attributes file: '/ies/iesd_data11/iesdgridhome/BranchDataRoot/2021.1_ADP1_DEV_installer_porting/attributes.ini'
-- Tue Jun 22 18:10:15 2021: Branch configuration attributes file does not exist
-- Tue Jun 22 18:10:15 2021: Found /ies/iesd_data3_nb/iesdwa/qualitygates/wa/2021.1_ADP1_DEV_installer_porting/code/iesd/infrastructure_src/src/infra_features.ini. Reading the config with least precedence.
-- Tue Jun 22 18:10:16 2021: TestListExecutor /ies/iesd_data3_nb/iesdwa/qualitygates/wa/2021.1_ADP1_DEV_installer_porting/code/iesd/chs_home/bld/testjobs.linux/job.573.txt STARTED
-- Tue Jun 22 18:10:16 2021: PROJ_HOME=/ies/iesd_data3_nb/iesdwa/qualitygates/wa/2021.1_ADP1_DEV_installer_porting/code/iesd
-- Tue Jun 22 18:10:16 2021: BUILD_HOME=/ies/iesd_data3_nb/iesdwa/qualitygates/wa/2021.1_ADP1_DEV_installer_porting/code/iesd
-- Tue Jun 22 18:10:16 2021: CHS_HOME=/ies/iesd_data3_nb/iesdwa/qualitygates/wa/2021.1_ADP1_DEV_installer_porting/code/iesd/chs_home
-- Tue Jun 22 18:10:16 2021: JAVA_HOME=/ies/iesd_data11/iesdgridhome/tools/appsroot/aol/java/jdk-11.0.4
-- Tue Jun 22 18:10:16 2021: ANT_HOME=/ies/iesd_data3_nb/iesdwa/qualitygates/wa/2021.1_ADP1_DEV_installer_porting/code/iesd/chs_home/bld
-- Tue Jun 22 18:10:16 2021: PATH=/ies/iesd_data3_nb/iesdwa/qualitygates/wa/2021.1_ADP1_DEV_installer_porting/code/iesd/chs_home/bin:/bin:/usr/lib64/qt-3.3/bin:/home/iesdgrid/perl5/bin:/var/spool/sge/ies/tmp/230783779.1.all.q:/usr/local/bin:/bin:/usr/bin:/usr/local/sbin:/usr/sbin:/opt/puppetlabs/bin:/home/iesdgrid/opt/intellij/idea-IC-162.2228.15/bin
-- Tue Jun 22 18:10:16 2021: PATH=/ies/iesd_data3_nb/iesdwa/qualitygates/wa/2021.1_ADP1_DEV_installer_porting/code/iesd/chs_home/bld/bin:/ies/iesd_data3_nb/iesdwa/qualitygates/wa/2021.1_ADP1_DEV_installer_porting/code/iesd/chs_home/bin:/bin:/usr/lib64/qt-3.3/bin:/home/iesdgrid/perl5/bin:/var/spool/sge/ies/tmp/230783779.1.all.q:/usr/local/bin:/bin:/usr/bin:/usr/local/sbin:/usr/sbin:/opt/puppetlabs/bin:/home/iesdgrid/opt/intellij/idea-IC-162.2228.15/bin
-- Tue Jun 22 18:10:16 2021: PATH=/ies/iesd_data11/iesdgridhome/tools/appsroot/aol/java/jdk-11.0.4/bin:/ies/iesd_data3_nb/iesdwa/qualitygates/wa/2021.1_ADP1_DEV_installer_porting/code/iesd/chs_home/bld/bin:/ies/iesd_data3_nb/iesdwa/qualitygates/wa/2021.1_ADP1_DEV_installer_porting/code/iesd/chs_home/bin:/bin:/usr/lib64/qt-3.3/bin:/home/iesdgrid/perl5/bin:/var/spool/sge/ies/tmp/230783779.1.all.q:/usr/local/bin:/bin:/usr/bin:/usr/local/sbin:/usr/sbin:/opt/puppetlabs/bin:/home/iesdgrid/opt/intellij/idea-IC-162.2228.15/bin
-- Tue Jun 22 18:10:16 2021: ANT_OPTS=-Xmx2G -Dfile.encoding=iso-8859-1
-- Tue Jun 22 18:10:16 2021: ant  -Dbuild_vco=aol -Dbuild_env=linux -propertyfile /ies/iesd_data3_nb/iesdwa/qualitygates/wa/2021.1_ADP1_DEV_installer_porting/code/iesd/build.properties -Dchs.build.skiptestexports=true -Dcapital.testlist.path=/ies/iesd_data3_nb/iesdwa/qualitygates/wa/2021.1_ADP1_DEV_installer_porting/code/iesd/chs_home/bld/testjobs.linux/job.573.txt runtestsonlyqg -f /ies/iesd_data3_nb/iesdwa/qualitygates/wa/2021.1_ADP1_DEV_installer_porting/code/iesd/ctopology_src/tests/build.xml STARTED
-- Tue Jun 22 18:10:16 2021: /ies/iesd_data3_nb/iesdwa/qualitygates/wa/2021.1_ADP1_DEV_installer_porting/code/iesd/chs_home/bld/bin/ant  -Dbuild_vco=aol -Dbuild_env=linux -propertyfile /ies/iesd_data3_nb/iesdwa/qualitygates/wa/2021.1_ADP1_DEV_installer_porting/code/iesd/build.properties -Dchs.build.skiptestexports=true -Dcapital.testlist.path=/ies/iesd_data3_nb/iesdwa/qualitygates/wa/2021.1_ADP1_DEV_installer_porting/code/iesd/chs_home/bld/testjobs.linux/job.573.txt runtestsonlyqg -f /ies/iesd_data3_nb/iesdwa/qualitygates/wa/2021.1_ADP1_DEV_installer_porting/code/iesd/ctopology_src/tests/build.xml
Buildfile: /ies/iesd_data3_nb/iesdwa/qualitygates/wa/2021.1_ADP1_DEV_installer_porting/code/iesd/ctopology_src/tests/build.xml
Trying to override old definition of task jar
   [script] Warning: Nashorn engine is planned to be removed from a future JDK release

initJaCoCoExecFilePerJob:
     [echo] jacoco.execfileprefix = linux.job.573

-os-init-linux:
     [echo] Reset to include attachlistener
[propertyreset] Warning: Nashorn engine is planned to be removed from a future JDK release
[propertyreset] Warning: Nashorn engine is planned to be removed from a future JDK release
[propertyreset] Warning: Nashorn engine is planned to be removed from a future JDK release
[propertyreset] Warning: Nashorn engine is planned to be removed from a future JDK release
[propertyreset] Warning: Nashorn engine is planned to be removed from a future JDK release
     [echo] capital.skiplookandfeel=true 

extendedtestsinit:
[propertyreset] Warning: Nashorn engine is planned to be removed from a future JDK release
     [echo] Test results directory, /ies/iesd_data3_nb/iesdwa/qualitygates/wa/2021.1_ADP1_DEV_installer_porting/code/iesd/chs_home/bld/testresults/topology exists.

instrument:

runtestsonlyqg:
     [echo] Running runtestsonly from TestTargets - called from Capital Integrator Tests /ies/iesd_data3_nb/iesdwa/qualitygates/wa/2021.1_ADP1_DEV_installer_porting/code/iesd/ctopology_src/tests/build.xml
[readtestlist] Found 15 test classes in testlist '/ies/iesd_data3_nb/iesdwa/qualitygates/wa/2021.1_ADP1_DEV_installer_porting/code/iesd/chs_home/bld/testjobs.linux/job.573.txt'
    [junit] Running chs.caplets.topo.actions.place.InsertSpliceWireEndAttrTransferTest
    [junit] Tests run: 1, Failures: 0, Errors: 0, Skipped: 0, Time elapsed: 9.775 sec
    [junit] Running chs.caplets.topo.actions.place.IntegrateSlotHarnessExtTest
    [junit] Tests run: 2, Failures: 0, Errors: 0, Skipped: 0, Time elapsed: 8.631 sec
    [junit] WARNING: An illegal reflective access operation has occurred
    [junit] WARNING: Illegal reflective access by sun.awt.peer.cacio.Reflection (file:/ies/iesd_data12_nb/qualitygates/iesd-21.1/2021.1_ADP1_DEV_installer_porting/code/iesd/chs_home/bld/lib/cacio-shared.jar) to field java.awt.Component.peer
    [junit] WARNING: Please consider reporting this to the maintainers of sun.awt.peer.cacio.Reflection
    [junit] WARNING: Use --illegal-access=warn to enable warnings of further illegal reflective access operations
    [junit] WARNING: All illegal access operations will be denied in a future release
    [junit] Running chs.caplets.topo.actions.place.PlaceAllActionTest
    [junit] 
    [junit] ** (java:15910): WARNING **: Couldn't connect to accessibility bus: Failed to connect to socket /tmp/dbus-8FEy8l3Ypf: Connection refused
    [junit] Tests run: 25, Failures: 1, Errors: 0, Skipped: 0, Time elapsed: 59.266 sec
    [junit] Test chs.caplets.topo.actions.place.PlaceAllActionTest FAILED
    [junit] WARNING: An illegal reflective access operation has occurred
    [junit] WARNING: Illegal reflective access by sun.awt.peer.cacio.Reflection (file:/ies/iesd_data12_nb/qualitygates/iesd-21.1/2021.1_ADP1_DEV_installer_porting/code/iesd/chs_home/bld/lib/cacio-shared.jar) to field java.awt.Component.peer
    [junit] WARNING: Please consider reporting this to the maintainers of sun.awt.peer.cacio.Reflection
    [junit] WARNING: Use --illegal-access=warn to enable warnings of further illegal reflective access operations
    [junit] WARNING: All illegal access operations will be denied in a future release
    [junit] Running chs.caplets.topo.actions.place.PlaceSelectedActionTest
    [junit] 
    [junit] ** (java:21102): WARNING **: Couldn't connect to accessibility bus: Failed to connect to socket /tmp/dbus-8FEy8l3Ypf: Connection refused
    [junit] Tests run: 10, Failures: 0, Errors: 0, Skipped: 0, Time elapsed: 35.142 sec
    [junit] WARNING: An illegal reflective access operation has occurred
    [junit] WARNING: Illegal reflective access by sun.awt.peer.cacio.Reflection (file:/ies/iesd_data12_nb/qualitygates/iesd-21.1/2021.1_ADP1_DEV_installer_porting/code/iesd/chs_home/bld/lib/cacio-shared.jar) to field java.awt.Component.peer
    [junit] WARNING: Please consider reporting this to the maintainers of sun.awt.peer.cacio.Reflection
    [junit] WARNING: Use --illegal-access=warn to enable warnings of further illegal reflective access operations
    [junit] WARNING: All illegal access operations will be denied in a future release
    [junit] Running chs.caplets.topo.actions.place.PlaceSelectedGroundTest
    [junit] 
    [junit] ** (java:23846): WARNING **: Couldn't connect to accessibility bus: Failed to connect to socket /tmp/dbus-8FEy8l3Ypf: Connection refused
    [junit] Tests run: 1, Failures: 0, Errors: 0, Skipped: 0, Time elapsed: 12.057 sec
    [junit] Running chs.caplets.topo.actions.place.PlacementControllerTest
    [junit] Tests run: 5, Failures: 0, Errors: 0, Skipped: 0, Time elapsed: 1.905 sec
    [junit] WARNING: An illegal reflective access operation has occurred
    [junit] WARNING: Illegal reflective access by sun.awt.peer.cacio.Reflection (file:/ies/iesd_data12_nb/qualitygates/iesd-21.1/2021.1_ADP1_DEV_installer_porting/code/iesd/chs_home/bld/lib/cacio-shared.jar) to field java.awt.Component.peer
    [junit] WARNING: Please consider reporting this to the maintainers of sun.awt.peer.cacio.Reflection
    [junit] WARNING: Use --illegal-access=warn to enable warnings of further illegal reflective access operations
    [junit] WARNING: All illegal access operations will be denied in a future release
    [junit] Running chs.caplets.topo.actions.place.RefineGroundTest
    [junit] Tests run: 23, Failures: 0, Errors: 0, Skipped: 0, Time elapsed: 21.044 sec
    [junit] Running chs.caplets.topo.actions.place.SelectedGroundPlacementControllerTest
    [junit] Tests run: 2, Failures: 0, Errors: 0, Skipped: 0, Time elapsed: 3.932 sec
    [junit] Running chs.caplets.topo.actions.place.SelectedPlacementControllerTest
    [junit] Tests run: 4, Failures: 0, Errors: 0, Skipped: 0, Time elapsed: 0.982 sec
    [junit] WARNING: An illegal reflective access operation has occurred
    [junit] WARNING: Illegal reflective access by sun.awt.peer.cacio.Reflection (file:/ies/iesd_data12_nb/qualitygates/iesd-21.1/2021.1_ADP1_DEV_installer_porting/code/iesd/chs_home/bld/lib/cacio-shared.jar) to field java.awt.Component.peer
    [junit] WARNING: Please consider reporting this to the maintainers of sun.awt.peer.cacio.Reflection
    [junit] WARNING: Use --illegal-access=warn to enable warnings of further illegal reflective access operations
    [junit] WARNING: All illegal access operations will be denied in a future release
    [junit] Running chs.caplets.topo.actions.place.SplitBundle_dts0100527609_Test
    [junit] Tests run: 1, Failures: 0, Errors: 0, Skipped: 0, Time elapsed: 6.497 sec
    [junit] Running chs.caplets.topo.actions.place.ThroughNodes_InsertSpliceTest
    [junit] Tests run: 1, Failures: 0, Errors: 0, Skipped: 0, Time elapsed: 5.762 sec
    [junit] Running chs.caplets.topo.actions.place.TopologyDeviceUnplaceHandlerTest
    [junit] Tests run: 6, Failures: 0, Errors: 0, Skipped: 0, Time elapsed: 6.606 sec
    [junit] WARNING: An illegal reflective access operation has occurred
    [junit] WARNING: Illegal reflective access by sun.awt.peer.cacio.Reflection (file:/ies/iesd_data12_nb/qualitygates/iesd-21.1/2021.1_ADP1_DEV_installer_porting/code/iesd/chs_home/bld/lib/cacio-shared.jar) to field java.awt.Component.peer
    [junit] WARNING: Please consider reporting this to the maintainers of sun.awt.peer.cacio.Reflection
    [junit] WARNING: Use --illegal-access=warn to enable warnings of further illegal reflective access operations
    [junit] WARNING: All illegal access operations will be denied in a future release
    [junit] Running chs.caplets.topo.actions.place.TopologyInvalidDevicePlaceActionTest
    [junit] Tests run: 1, Failures: 0, Errors: 0, Skipped: 0, Time elapsed: 8.972 sec
    [junit] WARNING: An illegal reflective access operation has occurred
    [junit] WARNING: Illegal reflective access by sun.awt.peer.cacio.Reflection (file:/ies/iesd_data12_nb/qualitygates/iesd-21.1/2021.1_ADP1_DEV_installer_porting/code/iesd/chs_home/bld/lib/cacio-shared.jar) to field java.awt.Component.peer
    [junit] WARNING: Please consider reporting this to the maintainers of sun.awt.peer.cacio.Reflection
    [junit] WARNING: Use --illegal-access=warn to enable warnings of further illegal reflective access operations
    [junit] WARNING: All illegal access operations will be denied in a future release
    [junit] Running chs.caplets.topo.actions.place.TopologyPlaceActionFailTest
    [junit] Tests run: 2, Failures: 0, Errors: 0, Skipped: 0, Time elapsed: 11.676 sec
    [junit] WARNING: An illegal reflective access operation has occurred
    [junit] WARNING: Illegal reflective access by sun.awt.peer.cacio.Reflection (file:/ies/iesd_data12_nb/qualitygates/iesd-21.1/2021.1_ADP1_DEV_installer_porting/code/iesd/chs_home/bld/lib/cacio-shared.jar) to field java.awt.Component.peer
    [junit] WARNING: Please consider reporting this to the maintainers of sun.awt.peer.cacio.Reflection
    [junit] WARNING: Use --illegal-access=warn to enable warnings of further illegal reflective access operations
    [junit] WARNING: All illegal access operations will be denied in a future release
    [junit] Running chs.caplets.topo.actions.place.TopologyPlaceActionTest
    [junit] Tests run: 9, Failures: 0, Errors: 0, Skipped: 0, Time elapsed: 18.775 sec

BUILD SUCCESSFUL
Total time: 5 minutes 38 seconds
-- Tue Jun 22 18:15:55 2021: ant  -Dbuild_vco=aol -Dbuild_env=linux -propertyfile /ies/iesd_data3_nb/iesdwa/qualitygates/wa/2021.1_ADP1_DEV_installer_porting/code/iesd/build.properties -Dchs.build.skiptestexports=true -Dcapital.testlist.path=/ies/iesd_data3_nb/iesdwa/qualitygates/wa/2021.1_ADP1_DEV_installer_porting/code/iesd/chs_home/bld/testjobs.linux/job.573.txt runtestsonlyqg -f /ies/iesd_data3_nb/iesdwa/qualitygates/wa/2021.1_ADP1_DEV_installer_porting/code/iesd/ctopology_src/tests/build.xml DONE in 339685ms
-- Tue Jun 22 18:15:55 2021: TestListExecutor /ies/iesd_data3_nb/iesdwa/qualitygates/wa/2021.1_ADP1_DEV_installer_porting/code/iesd/chs_home/bld/testjobs.linux/job.573.txt DONE in 339708ms
-- Tue Jun 22 18:15:55 2021: /ies/iesd_data11/iesdgridhome/scripts/prod/BuildScripts/bin/rununittest.pl DONE - exit code : 0
