-- Wed May  5 01:17:44 2021: G:/iesdwa/qualitygates/wa/2021.1_ADP1_INT/code/iesd/chs_home/bld/bin/ant -propertyfile G:/iesdwa/qualitygates/wa/2021.1_ADP1_INT/code/iesd/build.windows.properties -Dsrc_file="C:/repos/iesd/chs_home.zip" -Dchecksum_file="G:/iesdwa/qualitygates/wa/2021.1_ADP1_INT/code/iesd/chs_home.zip.MD5"  verify-checksum -f G:/iesdwa/qualitygates/wa/2021.1_ADP1_INT/code/iesd/infrastructure_src/src/build.xml
Buildfile: G:\iesdwa\qualitygates\wa\2021.1_ADP1_INT\code\iesd\infrastructure_src\src\build.xml
Trying to override old definition of task jar

verify-checksum:
     [echo] Generated checksum of source - 5b00a840259e7ddbdae07d9d55b95da1
     [echo] Generated checksum of dest   - a3b35abe90de6739ca43515a39d120ab
     [echo] Checksum does not match? : true

BUILD FAILED
G:\iesdwa\qualitygates\wa\2021.1_ADP1_INT\code\iesd\infrastructure_src\src\build.xml:1821: Checksum mismatch between C:/repos/iesd/chs_home.zip : a3b35abe90de6739ca43515a39d120ab and G:/iesdwa/qualitygates/wa/2021.1_ADP1_INT/code/iesd/chs_home.zip.MD5 : 5b00a840259e7ddbdae07d9d55b95da1

Total time: 1 minute 28 seconds
-- Wed May  5 01:19:19 2021: G:/iesdwa/qualitygates/wa/2021.1_ADP1_INT/code/iesd/chs_home/bld/bin/ant -propertyfile G:/iesdwa/qualitygates/wa/2021.1_ADP1_INT/code/iesd/build.windows.properties -Dget-file-url="http://ies-iesd-qgweb.ies.mentorg.com:8080/qualitygates/wa/2021.1_ADP1_INT/code/iesd/chs_home.zip" -Dget-file-dest="C:/repos/iesd/chs_home.zip" get-file -f G:/iesdwa/qualitygates/wa/2021.1_ADP1_INT/code/iesd/infrastructure_src/src/build.xml
Buildfile: G:\iesdwa\qualitygates\wa\2021.1_ADP1_INT\code\iesd\infrastructure_src\src\build.xml
Trying to override old definition of task jar

get-file:
      [get] Getting: http://ies-iesd-qgweb.ies.mentorg.com:8080/qualitygates/wa/2021.1_ADP1_INT/code/iesd/chs_home.zip
      [get] To: C:\repos\iesd\chs_home.zip

BUILD SUCCESSFUL
Total time: 1 minute 16 seconds
-- Wed May  5 01:20:39 2021: G:/iesdwa/qualitygates/wa/2021.1_ADP1_INT/code/iesd/chs_home/bld/bin/ant -propertyfile G:/iesdwa/qualitygates/wa/2021.1_ADP1_INT/code/iesd/build.windows.properties -Dsrc_file="C:/repos/iesd/chs_home.zip" -Dchecksum_file="G:/iesdwa/qualitygates/wa/2021.1_ADP1_INT/code/iesd/chs_home.zip.MD5"  verify-checksum -f G:/iesdwa/qualitygates/wa/2021.1_ADP1_INT/code/iesd/infrastructure_src/src/build.xml
Buildfile: G:\iesdwa\qualitygates\wa\2021.1_ADP1_INT\code\iesd\infrastructure_src\src\build.xml
Trying to override old definition of task jar

verify-checksum:
     [echo] Generated checksum of source - 5b00a840259e7ddbdae07d9d55b95da1
     [echo] Generated checksum of dest   - 5b00a840259e7ddbdae07d9d55b95da1
     [echo] Checksum does not match? : ${checksumDoesNotMatch}

BUILD SUCCESSFUL
Total time: 1 minute 8 seconds
-- Wed May  5 01:21:51 2021: IESD::ChsHomeUtil::downloadAndExtractBuildZip - Deleting chs_home dir: C:/repos/iesd/chs_home.
-- Wed May  5 01:22:20 2021: Directory 'C:/repos/iesd/chs_home' deleted.
-- Wed May  5 01:22:20 2021: Total time: 29.587 seconds
-- Wed May  5 01:22:20 2021: 7z x C:/repos/iesd/chs_home.zip -y -oC:/repos/iesd/chs_home
-- Wed May  5 01:23:21 2021: Total time: 60.145 seconds
-- Wed May  5 01:23:21 2021: C:/repos/iesd/chs_home/bld/bin/ant -propertyfile G:/iesdwa/qualitygates/wa/2021.1_ADP1_INT/code/iesd/build.windows.properties -Dchshome=C:/repos/iesd/chs_home -Dchs.home=C:/repos/iesd/chs_home -Dchsbuildtools_home=C:/repos/iesd/chs_home/bld -Dtest.results.base=G:/iesdwa/qualitygates/wa/2021.1_ADP1_INT/code/iesd/chs_home/bld/testresults  -Dchs.build.skiptestexports=true -Dcapital.testlist.path=G:/iesdwa/qualitygates/wa/2021.1_ADP1_INT/code/iesd/chs_home/bld/testjobs.windows/job.31.txt runtestsonlyqg -f G:/iesdwa/qualitygates/wa/2021.1_ADP1_INT/code/iesd/cbridges_src/tests/build.xml
Buildfile: G:\iesdwa\qualitygates\wa\2021.1_ADP1_INT\code\iesd\cbridges_src\tests\build.xml
Trying to override old definition of task jar
   [script] Warning: Nashorn engine is planned to be removed from a future JDK release

initJaCoCoExecFilePerJob:
     [echo] jacoco.execfileprefix = windows.job.31

-os-init-linux:

extendedtestsinit:
[propertyreset] Warning: Nashorn engine is planned to be removed from a future JDK release
     [echo] Test results directory, G:/iesdwa/qualitygates/wa/2021.1_ADP1_INT/code/iesd/chs_home/bld/testresults/bridges exists.

instrument:

runtestsonlyqg:
     [echo] Running runtestsonly from TestTargets - called from Capital Bridges Tests G:\iesdwa\qualitygates\wa\2021.1_ADP1_INT\code\iesd\cbridges_src\tests\build.xml
[readtestlist] Found 50 test classes in testlist 'G:\iesdwa\qualitygates\wa\2021.1_ADP1_INT\code\iesd\chs_home\bld\testjobs.windows\job.31.txt'
    [junit] Running chs.ccrs.rest.DeviceServiceTest
    [junit] Tests run: 1, Failures: 0, Errors: 0, Skipped: 0, Time elapsed: 3.019 sec
    [junit] Running chs.ccrs.rest.NXCMRequestWrapperTest
    [junit] Tests run: 1, Failures: 0, Errors: 0, Skipped: 0, Time elapsed: 0.623 sec
    [junit] Running chs.ccrs.rest.NXSessionManagerTest
    [junit] Tests run: 1, Failures: 0, Errors: 0, Skipped: 0, Time elapsed: 0.479 sec
    [junit] Running chs.ccrs.rest.NodeServiceTest
    [junit] Tests run: 1, Failures: 0, Errors: 0, Skipped: 0, Time elapsed: 2.338 sec
    [junit] Running chs.ccrs.rest.SegmentServiceTest
    [junit] Tests run: 1, Failures: 0, Errors: 0, Skipped: 0, Time elapsed: 2.325 sec
    [junit] Running chs.ccrs.rest.UOMServiceTest
    [junit] Tests run: 1, Failures: 0, Errors: 0, Skipped: 0, Time elapsed: 2.163 sec
    [junit] Running chs.ccrs.rest.contenttransformer.CMPICToNXCableTransformerTest
    [junit] Tests run: 2, Failures: 0, Errors: 0, Skipped: 0, Time elapsed: 0.808 sec
    [junit] Running chs.ccrs.rest.contenttransformer.CMPICToNXDeviceTransformerTest
    [junit] Tests run: 3, Failures: 0, Errors: 0, Skipped: 0, Time elapsed: 0.95 sec
    [junit] Running chs.ccrs.rest.contenttransformer.CMPICToNXNodeTransformerTest
    [junit] Tests run: 1, Failures: 0, Errors: 0, Skipped: 0, Time elapsed: 0.8 sec
    [junit] Running chs.ccrs.rest.contenttransformer.CMPICToNXSegmentTransformerTest
    [junit] Tests run: 1, Failures: 0, Errors: 0, Skipped: 0, Time elapsed: 0.908 sec
    [junit] Running chs.ccrs.rest.contenttransformer.CMPICToNXUOMTransformerTest
    [junit] Tests run: 1, Failures: 0, Errors: 0, Skipped: 0, Time elapsed: 0.774 sec
    [junit] Running chs.ccrs.server.MarineServerTest
    [junit] Tests run: 6, Failures: 0, Errors: 0, Skipped: 0, Time elapsed: 2.778 sec
    [junit] Running chs.ccrs.server.start.DisplayFeedbackMessageTaskTest
    [junit] Tests run: 4, Failures: 0, Errors: 0, Skipped: 0, Time elapsed: 1.902 sec
    [junit] Running chs.ccrs.server.start.LicenseAndReportInitializationTaskTest
    [junit] Tests run: 2, Failures: 0, Errors: 0, Skipped: 0, Time elapsed: 0.944 sec
    [junit] Running chs.ccrs.server.start.MarineServerStartLifecycleTaskTest
    [junit] Tests run: 2, Failures: 0, Errors: 0, Skipped: 0, Time elapsed: 0.621 sec
    [junit] Running chs.ccrs.server.start.PortValidationTaskTest
    [junit] Tests run: 8, Failures: 0, Errors: 0, Skipped: 0, Time elapsed: 1.906 sec
    [junit] Running chs.ccrs.server.start.PreInitializationTaskTest
    [junit] Tests run: 1, Failures: 0, Errors: 0, Skipped: 0, Time elapsed: 0.471 sec
    [junit] Running chs.ccrs.server.start.ServerPortSetupTaskTest
    [junit] Tests run: 5, Failures: 0, Errors: 0, Skipped: 0, Time elapsed: 1.653 sec
    [junit] Running chs.ccrs.server.start.StartLifecycleTaskChainBuilderTest
    [junit] Tests run: 1, Failures: 0, Errors: 0, Skipped: 0, Time elapsed: 0.568 sec
    [junit] Running chs.ccrs.server.start.StartServerTaskTest
    [junit] Tests run: 6, Failures: 0, Errors: 0, Skipped: 0, Time elapsed: 1.889 sec
    [junit] Running chs.ccrs.server.stop.MarineServerStopLifecycleTaskTest
    [junit] Tests run: 3, Failures: 0, Errors: 0, Skipped: 0, Time elapsed: 0.502 sec
    [junit] Running chs.ccrs.server.stop.StopServerServiceTest
    [junit] Tests run: 7, Failures: 0, Errors: 0, Skipped: 0, Time elapsed: 6.609 sec
    [junit] Running chs.ccrs.server.stop.StopServerTaskTest
    [junit] Tests run: 2, Failures: 0, Errors: 0, Skipped: 0, Time elapsed: 0.769 sec
    [junit] Running chs.ccrs.servlet.CMPICDelegationServletConfigTest
    [junit] Tests run: 2, Failures: 0, Errors: 0, Skipped: 0, Time elapsed: 0.719 sec
    [junit] Running chs.ccrs.servlet.CMPICDelegationServletTest
    [junit] Tests run: 6, Failures: 0, Errors: 0, Skipped: 0, Time elapsed: 2.174 sec
    [junit] Running chs.ccrs.servlet.CMPICRequestWrapperTest
    [junit] Tests run: 4, Failures: 0, Errors: 0, Skipped: 0, Time elapsed: 0.78 sec
    [junit] Running chs.ccrs.servlet.LoginDelegationServletTest
    [junit] Tests run: 7, Failures: 0, Errors: 0, Skipped: 0, Time elapsed: 2.75 sec
    [junit] Running chs.ccrs.servlet.MarineActivityCheckerTest
    [junit] Tests run: 2, Failures: 0, Errors: 0, Skipped: 0, Time elapsed: 14.165 sec
    [junit] Running chs.ccrs.servlet.MarineAdministratorEmailServletTest
    [junit] Tests run: 3, Failures: 0, Errors: 0, Skipped: 0, Time elapsed: 1.165 sec
    [junit] Running chs.ccrs.servlet.MarineContentUploaderServletTest
    [junit] Tests run: 3, Failures: 0, Errors: 0, Skipped: 0, Time elapsed: 1.351 sec
    [junit] Running chs.ccrs.servlet.MarineDefaultWebServerServletTest
    [junit] Tests run: 2, Failures: 0, Errors: 0, Skipped: 0, Time elapsed: 0.676 sec
    [junit] Running chs.ccrs.servlet.MarineLoginURLServletTest
    [junit] Tests run: 1, Failures: 0, Errors: 0, Skipped: 0, Time elapsed: 0.639 sec
    [junit] Running chs.ccrs.servlet.MarineScheduleSyncBackUpJobTest
    [junit] Tests run: 3, Failures: 1, Errors: 0, Skipped: 0, Time elapsed: 2.022 sec
    [junit] Test chs.ccrs.servlet.MarineScheduleSyncBackUpJobTest FAILED
    [junit] Running chs.ccrs.servlet.MarineScheduleSyncServletTest
    [junit] Tests run: 1, Failures: 1, Errors: 0, Skipped: 0, Time elapsed: 1.611 sec
    [junit] Test chs.ccrs.servlet.MarineScheduleSyncServletTest FAILED
    [junit] Running chs.ccrs.servlet.MarineServletContextAdapterTest
    [junit] Tests run: 2, Failures: 0, Errors: 0, Skipped: 0, Time elapsed: 0.83 sec
    [junit] Running chs.ccrs.servlet.MarineSessionInfoServletTest
    [junit] Tests run: 2, Failures: 0, Errors: 0, Skipped: 0, Time elapsed: 0.971 sec
    [junit] Running chs.ccrs.servlet.MarineSyncContentValidationServletTest
    [junit] Tests run: 4, Failures: 0, Errors: 3, Skipped: 0, Time elapsed: 1.058 sec
    [junit] Test chs.ccrs.servlet.MarineSyncContentValidationServletTest FAILED
    [junit] Running chs.ccrs.servlet.MarineUserAuthenticationServletTest
    [junit] Tests run: 2, Failures: 0, Errors: 0, Skipped: 0, Time elapsed: 1.081 sec
    [junit] Running chs.ccrs.servlet.MarineWebServerServletDefaultHandlerTest
    [junit] Tests run: 1, Failures: 0, Errors: 0, Skipped: 0, Time elapsed: 2.23 sec
    [junit] Running chs.ccrs.servlet.MarineWebServerServletDelegationTest
    [junit] Tests run: 2, Failures: 0, Errors: 0, Skipped: 0, Time elapsed: 1.655 sec
    [junit] Running chs.ccrs.servlet.MarineWebServerServletRedirectionTest
    [junit] Tests run: 1, Failures: 0, Errors: 0, Skipped: 0, Time elapsed: 2.292 sec
    [junit] Running chs.ccrs.servlet.ShutdownServletTest
    [junit] Tests run: 6, Failures: 0, Errors: 0, Skipped: 0, Time elapsed: 0.976 sec
    [junit] Running chs.ccrs.servlet.context.MarineDefaultWebAppContextTest
    [junit] Tests run: 1, Failures: 0, Errors: 0, Skipped: 0, Time elapsed: 0.805 sec
    [junit] Running chs.ccrs.servlet.context.MarineFilterHolderTest
    [junit] Tests run: 1, Failures: 0, Errors: 0, Skipped: 0, Time elapsed: 0.627 sec
    [junit] Running chs.ccrs.servlet.context.MarineFilterMappingTest
    [junit] Tests run: 1, Failures: 0, Errors: 0, Skipped: 0, Time elapsed: 0.531 sec
    [junit] Running chs.ccrs.servlet.context.MarineServerCableInfoFilterTest
    [junit] Tests run: 1, Failures: 0, Errors: 0, Skipped: 0, Time elapsed: 2.162 sec
    [junit] Running chs.ccrs.servlet.context.MarineServerDeviceInfoFilterTest
    [junit] Tests run: 1, Failures: 0, Errors: 0, Skipped: 0, Time elapsed: 2.118 sec
    [junit] Running chs.ccrs.servlet.context.MarineServerNodeInfoFilterTest
    [junit] Tests run: 1, Failures: 0, Errors: 0, Skipped: 0, Time elapsed: 1.925 sec
    [junit] Running chs.ccrs.servlet.context.MarineServerSegmentInfoFilterTest
    [junit] Tests run: 1, Failures: 0, Errors: 0, Skipped: 0, Time elapsed: 1.71 sec
    [junit] Running chs.ccrs.servlet.context.MarineServerUOMFilterTest
    [junit] Tests run: 1, Failures: 0, Errors: 0, Skipped: 0, Time elapsed: 2.353 sec

BUILD SUCCESSFUL
Total time: 4 minutes 37 seconds
