-- Wed May  5 01:17:00 2021: G:/iesdwa/qualitygates/wa/2021.1_ADP1_INT/code/iesd/chs_home/bld/bin/ant -propertyfile G:/iesdwa/qualitygates/wa/2021.1_ADP1_INT/code/iesd/build.windows.properties -Dsrc_file="C:/repos/iesd/chs_home.zip" -Dchecksum_file="G:/iesdwa/qualitygates/wa/2021.1_ADP1_INT/code/iesd/chs_home.zip.MD5"  verify-checksum -f G:/iesdwa/qualitygates/wa/2021.1_ADP1_INT/code/iesd/infrastructure_src/src/build.xml
Buildfile: G:\iesdwa\qualitygates\wa\2021.1_ADP1_INT\code\iesd\infrastructure_src\src\build.xml
Trying to override old definition of task jar

verify-checksum:
     [echo] Generated checksum of source - 5b00a840259e7ddbdae07d9d55b95da1
     [echo] Generated checksum of dest   - a3b35abe90de6739ca43515a39d120ab
     [echo] Checksum does not match? : true

BUILD FAILED
G:\iesdwa\qualitygates\wa\2021.1_ADP1_INT\code\iesd\infrastructure_src\src\build.xml:1821: Checksum mismatch between C:/repos/iesd/chs_home.zip : a3b35abe90de6739ca43515a39d120ab and G:/iesdwa/qualitygates/wa/2021.1_ADP1_INT/code/iesd/chs_home.zip.MD5 : 5b00a840259e7ddbdae07d9d55b95da1

Total time: 58 seconds
-- Wed May  5 01:18:06 2021: G:/iesdwa/qualitygates/wa/2021.1_ADP1_INT/code/iesd/chs_home/bld/bin/ant -propertyfile G:/iesdwa/qualitygates/wa/2021.1_ADP1_INT/code/iesd/build.windows.properties -Dget-file-url="http://ies-iesd-qgweb.ies.mentorg.com:8080/qualitygates/wa/2021.1_ADP1_INT/code/iesd/chs_home.zip" -Dget-file-dest="C:/repos/iesd/chs_home.zip" get-file -f G:/iesdwa/qualitygates/wa/2021.1_ADP1_INT/code/iesd/infrastructure_src/src/build.xml
Buildfile: G:\iesdwa\qualitygates\wa\2021.1_ADP1_INT\code\iesd\infrastructure_src\src\build.xml
Trying to override old definition of task jar

get-file:
      [get] Getting: http://ies-iesd-qgweb.ies.mentorg.com:8080/qualitygates/wa/2021.1_ADP1_INT/code/iesd/chs_home.zip
      [get] To: C:\repos\iesd\chs_home.zip

BUILD SUCCESSFUL
Total time: 23 seconds
-- Wed May  5 01:18:33 2021: G:/iesdwa/qualitygates/wa/2021.1_ADP1_INT/code/iesd/chs_home/bld/bin/ant -propertyfile G:/iesdwa/qualitygates/wa/2021.1_ADP1_INT/code/iesd/build.windows.properties -Dsrc_file="C:/repos/iesd/chs_home.zip" -Dchecksum_file="G:/iesdwa/qualitygates/wa/2021.1_ADP1_INT/code/iesd/chs_home.zip.MD5"  verify-checksum -f G:/iesdwa/qualitygates/wa/2021.1_ADP1_INT/code/iesd/infrastructure_src/src/build.xml
Buildfile: G:\iesdwa\qualitygates\wa\2021.1_ADP1_INT\code\iesd\infrastructure_src\src\build.xml
Trying to override old definition of task jar

verify-checksum:
     [echo] Generated checksum of source - 5b00a840259e7ddbdae07d9d55b95da1
     [echo] Generated checksum of dest   - 5b00a840259e7ddbdae07d9d55b95da1
     [echo] Checksum does not match? : ${checksumDoesNotMatch}

BUILD SUCCESSFUL
Total time: 53 seconds
-- Wed May  5 01:19:29 2021: IESD::ChsHomeUtil::downloadAndExtractBuildZip - Deleting chs_home dir: C:/repos/iesd/chs_home.
-- Wed May  5 01:19:52 2021: Directory 'C:/repos/iesd/chs_home' deleted.
-- Wed May  5 01:19:52 2021: Total time: 23.471 seconds
-- Wed May  5 01:19:52 2021: 7z x C:/repos/iesd/chs_home.zip -y -oC:/repos/iesd/chs_home
-- Wed May  5 01:20:56 2021: Total time: 63.738 seconds
-- Wed May  5 01:20:56 2021: C:/repos/iesd/chs_home/bld/bin/ant -propertyfile G:/iesdwa/qualitygates/wa/2021.1_ADP1_INT/code/iesd/build.windows.properties -Dchshome=C:/repos/iesd/chs_home -Dchs.home=C:/repos/iesd/chs_home -Dchsbuildtools_home=C:/repos/iesd/chs_home/bld -Dtest.results.base=G:/iesdwa/qualitygates/wa/2021.1_ADP1_INT/code/iesd/chs_home/bld/testresults  -Dchs.build.skiptestexports=true -Dcapital.testlist.path=G:/iesdwa/qualitygates/wa/2021.1_ADP1_INT/code/iesd/chs_home/bld/testjobs.windows/job.27.txt runtestsonlyqg -f G:/iesdwa/qualitygates/wa/2021.1_ADP1_INT/code/iesd/ctools_src/tests/src/capitalmigrate/build.xml
Buildfile: G:\iesdwa\qualitygates\wa\2021.1_ADP1_INT\code\iesd\ctools_src\tests\src\capitalmigrate\build.xml
Trying to override old definition of task jar
   [script] Warning: Nashorn engine is planned to be removed from a future JDK release

initJaCoCoExecFilePerJob:
     [echo] jacoco.execfileprefix = windows.job.27

-os-init-linux:

extendedtestsinit:
[propertyreset] Warning: Nashorn engine is planned to be removed from a future JDK release
     [echo] Test results directory, G:/iesdwa/qualitygates/wa/2021.1_ADP1_INT/code/iesd/chs_home/bld/testresults/library exists.

instrument:

runtestsonlyqg:
     [echo] Running runtestsonly from TestTargets - called from Capital Migrate Tests G:\iesdwa\qualitygates\wa\2021.1_ADP1_INT\code\iesd\ctools_src\tests\src\capitalmigrate\build.xml
[readtestlist] Found 9 test classes in testlist 'G:\iesdwa\qualitygates\wa\2021.1_ADP1_INT\code\iesd\chs_home\bld\testjobs.windows\job.27.txt'
    [junit] Running chs.capitalmigrate.AppLauncherTest
    [junit] Tests run: 11, Failures: 0, Errors: 0, Skipped: 0, Time elapsed: 2.521 sec
    [junit] Running chs.capitalmigrate.CapitalDataMigrateHelperTest
    [junit] Tests run: 37, Failures: 0, Errors: 0, Skipped: 0, Time elapsed: 1.663 sec
    [junit] Running chs.capitalmigrate.CapitalDatabaseUpgradeCommandLineSupportTest
    [junit] Tests run: 6, Failures: 0, Errors: 0, Skipped: 0, Time elapsed: 0.896 sec
    [junit] Running chs.capitalmigrate.DatabaseSchemaChangeIdentifierTest
    [junit] Tests run: 1, Failures: 0, Errors: 1, Skipped: 0, Time elapsed: 0.35 sec
    [junit] Test chs.capitalmigrate.DatabaseSchemaChangeIdentifierTest FAILED
    [junit] Running chs.capitalmigrate.DatabaseUpgradeContentANSTablespace151Test
    [junit] Tests run: 4, Failures: 0, Errors: 0, Skipped: 0, Time elapsed: 0.247 sec
    [junit] Running chs.capitalmigrate.DatabaseUpgradeContentProjectdesshdcondusage_chkTest
    [junit] Tests run: 2, Failures: 0, Errors: 0, Skipped: 0, Time elapsed: 0.129 sec
    [junit] Running chs.capitalmigrate.DatabaseUpgradeContentSharedPositionTest
    [junit] Tests run: 2, Failures: 0, Errors: 0, Skipped: 0, Time elapsed: 0.32 sec
    [junit] Running chs.capitalmigrate.DatabaseUpgradeContentTest
    [junit] Tests run: 42, Failures: 0, Errors: 0, Skipped: 0, Time elapsed: 1.093 sec
    [junit] Running chs.capitalmigrate.DropDatabaseScriptContentVerificationTest
    [junit] Tests run: 1, Failures: 0, Errors: 0, Skipped: 0, Time elapsed: 0.192 sec

BUILD SUCCESSFUL
Total time: 49 seconds
