-- Wed May  5 01:14:17 2021: G:/iesdwa/qualitygates/wa/2021.1_ADP1_INT/code/iesd/chs_home/bld/bin/ant -propertyfile G:/iesdwa/qualitygates/wa/2021.1_ADP1_INT/code/iesd/build.windows.properties -Dsrc_file="C:/repos/iesd/chs_home.zip" -Dchecksum_file="G:/iesdwa/qualitygates/wa/2021.1_ADP1_INT/code/iesd/chs_home.zip.MD5"  verify-checksum -f G:/iesdwa/qualitygates/wa/2021.1_ADP1_INT/code/iesd/infrastructure_src/src/build.xml
Buildfile: G:\iesdwa\qualitygates\wa\2021.1_ADP1_INT\code\iesd\infrastructure_src\src\build.xml
Trying to override old definition of task jar

verify-checksum:
     [echo] Generated checksum of source - 5b00a840259e7ddbdae07d9d55b95da1
     [echo] Generated checksum of dest   - a3b35abe90de6739ca43515a39d120ab
     [echo] Checksum does not match? : true

BUILD FAILED
G:\iesdwa\qualitygates\wa\2021.1_ADP1_INT\code\iesd\infrastructure_src\src\build.xml:1821: Checksum mismatch between C:/repos/iesd/chs_home.zip : a3b35abe90de6739ca43515a39d120ab and G:/iesdwa/qualitygates/wa/2021.1_ADP1_INT/code/iesd/chs_home.zip.MD5 : 5b00a840259e7ddbdae07d9d55b95da1

Total time: 1 minute 6 seconds
-- Wed May  5 01:15:30 2021: G:/iesdwa/qualitygates/wa/2021.1_ADP1_INT/code/iesd/chs_home/bld/bin/ant -propertyfile G:/iesdwa/qualitygates/wa/2021.1_ADP1_INT/code/iesd/build.windows.properties -Dget-file-url="http://ies-iesd-qgweb.ies.mentorg.com:8080/qualitygates/wa/2021.1_ADP1_INT/code/iesd/chs_home.zip" -Dget-file-dest="C:/repos/iesd/chs_home.zip" get-file -f G:/iesdwa/qualitygates/wa/2021.1_ADP1_INT/code/iesd/infrastructure_src/src/build.xml
Buildfile: G:\iesdwa\qualitygates\wa\2021.1_ADP1_INT\code\iesd\infrastructure_src\src\build.xml
Trying to override old definition of task jar

get-file:
      [get] Getting: http://ies-iesd-qgweb.ies.mentorg.com:8080/qualitygates/wa/2021.1_ADP1_INT/code/iesd/chs_home.zip
      [get] To: C:\repos\iesd\chs_home.zip

BUILD SUCCESSFUL
Total time: 1 minute 25 seconds
-- Wed May  5 01:16:58 2021: G:/iesdwa/qualitygates/wa/2021.1_ADP1_INT/code/iesd/chs_home/bld/bin/ant -propertyfile G:/iesdwa/qualitygates/wa/2021.1_ADP1_INT/code/iesd/build.windows.properties -Dsrc_file="C:/repos/iesd/chs_home.zip" -Dchecksum_file="G:/iesdwa/qualitygates/wa/2021.1_ADP1_INT/code/iesd/chs_home.zip.MD5"  verify-checksum -f G:/iesdwa/qualitygates/wa/2021.1_ADP1_INT/code/iesd/infrastructure_src/src/build.xml
Buildfile: G:\iesdwa\qualitygates\wa\2021.1_ADP1_INT\code\iesd\infrastructure_src\src\build.xml
Trying to override old definition of task jar

verify-checksum:
     [echo] Generated checksum of source - 5b00a840259e7ddbdae07d9d55b95da1
     [echo] Generated checksum of dest   - 5b00a840259e7ddbdae07d9d55b95da1
     [echo] Checksum does not match? : ${checksumDoesNotMatch}

BUILD SUCCESSFUL
Total time: 1 minute 21 seconds
-- Wed May  5 01:18:22 2021: IESD::ChsHomeUtil::downloadAndExtractBuildZip - Deleting chs_home dir: C:/repos/iesd/chs_home.
-- Wed May  5 01:18:58 2021: Directory 'C:/repos/iesd/chs_home' deleted.
-- Wed May  5 01:18:58 2021: Total time: 36.063 seconds
-- Wed May  5 01:18:58 2021: 7z x C:/repos/iesd/chs_home.zip -y -oC:/repos/iesd/chs_home
-- Wed May  5 01:20:50 2021: Total time: 111.877 seconds
-- Wed May  5 01:20:50 2021: C:/repos/iesd/chs_home/bld/bin/ant -propertyfile G:/iesdwa/qualitygates/wa/2021.1_ADP1_INT/code/iesd/build.windows.properties -Dchshome=C:/repos/iesd/chs_home -Dchs.home=C:/repos/iesd/chs_home -Dchsbuildtools_home=C:/repos/iesd/chs_home/bld -Dtest.results.base=G:/iesdwa/qualitygates/wa/2021.1_ADP1_INT/code/iesd/chs_home/bld/testresults  -Dchs.build.skiptestexports=true -Dcapital.testlist.path=G:/iesdwa/qualitygates/wa/2021.1_ADP1_INT/code/iesd/chs_home/bld/testjobs.windows/job.4.txt runtestsonlyqg -f G:/iesdwa/qualitygates/wa/2021.1_ADP1_INT/code/iesd/datamodel_src/tests/build.xml
Buildfile: G:\iesdwa\qualitygates\wa\2021.1_ADP1_INT\code\iesd\datamodel_src\tests\build.xml
Trying to override old definition of task jar
   [script] Warning: Nashorn engine is planned to be removed from a future JDK release

initJaCoCoExecFilePerJob:
     [echo] jacoco.execfileprefix = windows.job.4

-os-init-linux:

extendedtestsinit:
[propertyreset] Warning: Nashorn engine is planned to be removed from a future JDK release
     [echo] Test results directory, G:/iesdwa/qualitygates/wa/2021.1_ADP1_INT/code/iesd/chs_home/bld/testresults/datamodel exists.

instrument:

runtestsonlyqg:
     [echo] Running runtestsonly from TestTargets - called from COF Tests G:\iesdwa\qualitygates\wa\2021.1_ADP1_INT\code\iesd\datamodel_src\tests\build.xml
[readtestlist] Found 48 test classes in testlist 'G:\iesdwa\qualitygates\wa\2021.1_ADP1_INT\code\iesd\chs_home\bld\testjobs.windows\job.4.txt'
    [junit] Running chs.common.styles.ApplyLogicStyleSet2Test
    [junit] WARNING: An illegal reflective access operation has occurred
    [junit] WARNING: Illegal reflective access by chs.utility.helpers.Java8CompatibleFontMetricsUtil (file:/C:/repos/iesd/chs_home/lib/capitalcofutils.jar) to field sun.font.FontDesignMetrics.ascent
    [junit] WARNING: Please consider reporting this to the maintainers of chs.utility.helpers.Java8CompatibleFontMetricsUtil
    [junit] WARNING: Use --illegal-access=warn to enable warnings of further illegal reflective access operations
    [junit] WARNING: All illegal access operations will be denied in a future release
    [junit] Tests run: 17, Failures: 0, Errors: 0, Skipped: 0, Time elapsed: 80.042 sec
    [junit] Running chs.common.styles.ApplyLogicStyleSet3Test
    [junit] WARNING: An illegal reflective access operation has occurred
    [junit] WARNING: Illegal reflective access by chs.utility.helpers.Java8CompatibleFontMetricsUtil (file:/C:/repos/iesd/chs_home/lib/capitalcofutils.jar) to field sun.font.FontDesignMetrics.ascent
    [junit] WARNING: Please consider reporting this to the maintainers of chs.utility.helpers.Java8CompatibleFontMetricsUtil
    [junit] WARNING: Use --illegal-access=warn to enable warnings of further illegal reflective access operations
    [junit] WARNING: All illegal access operations will be denied in a future release
    [junit] Tests run: 20, Failures: 0, Errors: 0, Skipped: 0, Time elapsed: 83.97 sec
    [junit] Running chs.common.styles.ApplyLogicStyleSet4Test
    [junit] WARNING: An illegal reflective access operation has occurred
    [junit] WARNING: Illegal reflective access by chs.utility.helpers.Java8CompatibleFontMetricsUtil (file:/C:/repos/iesd/chs_home/lib/capitalcofutils.jar) to field sun.font.FontDesignMetrics.ascent
    [junit] WARNING: Please consider reporting this to the maintainers of chs.utility.helpers.Java8CompatibleFontMetricsUtil
    [junit] WARNING: Use --illegal-access=warn to enable warnings of further illegal reflective access operations
    [junit] WARNING: All illegal access operations will be denied in a future release
    [junit] Tests run: 18, Failures: 0, Errors: 0, Skipped: 0, Time elapsed: 77.603 sec
    [junit] Running chs.common.styles.ApplyLogicStyleSet5Test
    [junit] WARNING: An illegal reflective access operation has occurred
    [junit] WARNING: Illegal reflective access by chs.utility.helpers.Java8CompatibleFontMetricsUtil (file:/C:/repos/iesd/chs_home/lib/capitalcofutils.jar) to field sun.font.FontDesignMetrics.ascent
    [junit] WARNING: Please consider reporting this to the maintainers of chs.utility.helpers.Java8CompatibleFontMetricsUtil
    [junit] WARNING: Use --illegal-access=warn to enable warnings of further illegal reflective access operations
    [junit] WARNING: All illegal access operations will be denied in a future release
    [junit] Tests run: 20, Failures: 0, Errors: 0, Skipped: 0, Time elapsed: 127.574 sec
    [junit] Running chs.common.styles.ApplyLogicStyleSet6Test
    [junit] WARNING: An illegal reflective access operation has occurred
    [junit] WARNING: Illegal reflective access by chs.utility.helpers.Java8CompatibleFontMetricsUtil (file:/C:/repos/iesd/chs_home/lib/capitalcofutils.jar) to field sun.font.FontDesignMetrics.ascent
    [junit] WARNING: Please consider reporting this to the maintainers of chs.utility.helpers.Java8CompatibleFontMetricsUtil
    [junit] WARNING: Use --illegal-access=warn to enable warnings of further illegal reflective access operations
    [junit] WARNING: All illegal access operations will be denied in a future release
    [junit] Tests run: 11, Failures: 0, Errors: 0, Skipped: 0, Time elapsed: 53.51 sec
    [junit] Running chs.common.styles.ApplyLogicStyleSet7Test
    [junit] WARNING: An illegal reflective access operation has occurred
    [junit] WARNING: Illegal reflective access by chs.utility.helpers.Java8CompatibleFontMetricsUtil (file:/C:/repos/iesd/chs_home/lib/capitalcofutils.jar) to field sun.font.FontDesignMetrics.ascent
    [junit] WARNING: Please consider reporting this to the maintainers of chs.utility.helpers.Java8CompatibleFontMetricsUtil
    [junit] WARNING: Use --illegal-access=warn to enable warnings of further illegal reflective access operations
    [junit] WARNING: All illegal access operations will be denied in a future release
    [junit] Tests run: 4, Failures: 0, Errors: 0, Skipped: 0, Time elapsed: 34.373 sec
    [junit] Running chs.common.styles.ApplyLogicStyleSet8Test
    [junit] WARNING: An illegal reflective access operation has occurred
    [junit] WARNING: Illegal reflective access by chs.utility.helpers.Java8CompatibleFontMetricsUtil (file:/C:/repos/iesd/chs_home/lib/capitalcofutils.jar) to field sun.font.FontDesignMetrics.ascent
    [junit] WARNING: Please consider reporting this to the maintainers of chs.utility.helpers.Java8CompatibleFontMetricsUtil
    [junit] WARNING: Use --illegal-access=warn to enable warnings of further illegal reflective access operations
    [junit] WARNING: All illegal access operations will be denied in a future release
    [junit] Tests run: 5, Failures: 0, Errors: 0, Skipped: 0, Time elapsed: 32.615 sec
    [junit] Running chs.common.styles.ApplyLogicStyleSetCustomColTest
    [junit] WARNING: An illegal reflective access operation has occurred
    [junit] WARNING: Illegal reflective access by chs.utility.helpers.Java8CompatibleFontMetricsUtil (file:/C:/repos/iesd/chs_home/lib/capitalcofutils.jar) to field sun.font.FontDesignMetrics.ascent
    [junit] WARNING: Please consider reporting this to the maintainers of chs.utility.helpers.Java8CompatibleFontMetricsUtil
    [junit] WARNING: Use --illegal-access=warn to enable warnings of further illegal reflective access operations
    [junit] WARNING: All illegal access operations will be denied in a future release
    [junit] Tests run: 1, Failures: 0, Errors: 0, Skipped: 0, Time elapsed: 20.006 sec
    [junit] Running chs.common.styles.ApplyLogicStyleSetTest
    [junit] WARNING: An illegal reflective access operation has occurred
    [junit] WARNING: Illegal reflective access by chs.utility.helpers.Java8CompatibleFontMetricsUtil (file:/C:/repos/iesd/chs_home/lib/capitalcofutils.jar) to field sun.font.FontDesignMetrics.ascent
    [junit] WARNING: Please consider reporting this to the maintainers of chs.utility.helpers.Java8CompatibleFontMetricsUtil
    [junit] WARNING: Use --illegal-access=warn to enable warnings of further illegal reflective access operations
    [junit] WARNING: All illegal access operations will be denied in a future release
    [junit] Tests run: 20, Failures: 0, Errors: 0, Skipped: 0, Time elapsed: 106.165 sec
    [junit] Running chs.common.styles.ApplyPlatformStyleSetTest
    [junit] Tests run: 1, Failures: 0, Errors: 0, Skipped: 0, Time elapsed: 22.059 sec
    [junit] Running chs.common.styles.ApplyStyleWithBoundingBoxRotationJustificationTest
    [junit] Tests run: 36, Failures: 0, Errors: 0, Skipped: 0, Time elapsed: 42.827 sec
    [junit] Running chs.common.styles.ApplyStyleWithBoxingWrapBoundingBoxTest
    [junit] Tests run: 6, Failures: 0, Errors: 0, Skipped: 0, Time elapsed: 34.096 sec
    [junit] Running chs.common.styles.ApplyStyleWithExcludePositionOnObjectsJustifiedRelativeToBundleTest
    [junit] Tests run: 1, Failures: 0, Errors: 0, Skipped: 0, Time elapsed: 44.353 sec
    [junit] Running chs.common.styles.ApplyTopologyStyleSetTest
    [junit] WARNING: An illegal reflective access operation has occurred
    [junit] WARNING: Illegal reflective access by chs.utility.helpers.Java8CompatibleFontMetricsUtil (file:/C:/repos/iesd/chs_home/lib/capitalcofutils.jar) to field sun.font.FontDesignMetrics.ascent
    [junit] WARNING: Please consider reporting this to the maintainers of chs.utility.helpers.Java8CompatibleFontMetricsUtil
    [junit] WARNING: Use --illegal-access=warn to enable warnings of further illegal reflective access operations
    [junit] WARNING: All illegal access operations will be denied in a future release
    [junit] Tests run: 7, Failures: 0, Errors: 0, Skipped: 0, Time elapsed: 71.289 sec
    [junit] Running chs.common.styles.ConnectorOrientationTest
    [junit] Tests run: 1, Failures: 0, Errors: 0, Skipped: 0, Time elapsed: 21.566 sec
    [junit] Running chs.common.styles.FEAT00013738RotateBundleTest
    [junit] WARNING: An illegal reflective access operation has occurred
    [junit] WARNING: Illegal reflective access by chs.utility.helpers.Java8CompatibleFontMetricsUtil (file:/C:/repos/iesd/chs_home/lib/capitalcofutils.jar) to field sun.font.FontDesignMetrics.ascent
    [junit] WARNING: Please consider reporting this to the maintainers of chs.utility.helpers.Java8CompatibleFontMetricsUtil
    [junit] WARNING: Use --illegal-access=warn to enable warnings of further illegal reflective access operations
    [junit] WARNING: All illegal access operations will be denied in a future release
    [junit] Tests run: 1, Failures: 0, Errors: 0, Skipped: 0, Time elapsed: 22.251 sec
    [junit] Running chs.common.styles.FEAT13700FreeRotateTest
    [junit] Tests run: 1, Failures: 0, Errors: 0, Skipped: 0, Time elapsed: 29.52 sec
    [junit] Running chs.common.styles.HarnessPluginTableStyleTest
    [junit] Tests run: 1, Failures: 0, Errors: 0, Skipped: 0, Time elapsed: 24.02 sec
    [junit] Running chs.common.styles.HarnessStylingCustomPreferenceTest
    [junit] Tests run: 1, Failures: 0, Errors: 0, Skipped: 0, Time elapsed: 25.485 sec
    [junit] Running chs.common.styles.HarnessStylingLeaderLineTest
    [junit] Tests run: 1, Failures: 0, Errors: 0, Skipped: 0, Time elapsed: 22.033 sec
    [junit] Running chs.common.styles.HideEmptyCavityStyleTest
    [junit] WARNING: An illegal reflective access operation has occurred
    [junit] WARNING: Illegal reflective access by chs.utility.helpers.Java8CompatibleFontMetricsUtil (file:/C:/repos/iesd/chs_home/lib/capitalcofutils.jar) to field sun.font.FontDesignMetrics.ascent
    [junit] WARNING: Please consider reporting this to the maintainers of chs.utility.helpers.Java8CompatibleFontMetricsUtil
    [junit] WARNING: Use --illegal-access=warn to enable warnings of further illegal reflective access operations
    [junit] WARNING: All illegal access operations will be denied in a future release
    [junit] Tests run: 1, Failures: 0, Errors: 0, Skipped: 0, Time elapsed: 18.8 sec
    [junit] Running chs.common.styles.HtmlPluginTableToggleColorTest
    [junit] WARNING: An illegal reflective access operation has occurred
    [junit] WARNING: Illegal reflective access by chs.utility.helpers.Java8CompatibleFontMetricsUtil (file:/C:/repos/iesd/chs_home/lib/capitalcofutils.jar) to field sun.font.FontDesignMetrics.ascent
    [junit] WARNING: Please consider reporting this to the maintainers of chs.utility.helpers.Java8CompatibleFontMetricsUtil
    [junit] WARNING: Use --illegal-access=warn to enable warnings of further illegal reflective access operations
    [junit] WARNING: All illegal access operations will be denied in a future release
    [junit] Tests run: 1, Failures: 1, Errors: 0, Skipped: 0, Time elapsed: 17.554 sec
    [junit] Test chs.common.styles.HtmlPluginTableToggleColorTest FAILED
    [junit] Running chs.common.styles.InsulationLayersTest
    [junit] Tests run: 1, Failures: 0, Errors: 0, Skipped: 0, Time elapsed: 19.864 sec
    [junit] Running chs.common.styles.MultipleHeaderPanelTest
    [junit] WARNING: An illegal reflective access operation has occurred
    [junit] WARNING: Illegal reflective access by chs.utility.helpers.Java8CompatibleFontMetricsUtil (file:/C:/repos/iesd/chs_home/lib/capitalcofutils.jar) to field sun.font.FontDesignMetrics.ascent
    [junit] WARNING: Please consider reporting this to the maintainers of chs.utility.helpers.Java8CompatibleFontMetricsUtil
    [junit] WARNING: Use --illegal-access=warn to enable warnings of further illegal reflective access operations
    [junit] WARNING: All illegal access operations will be denied in a future release
    [junit] Tests run: 1, Failures: 0, Errors: 0, Skipped: 0, Time elapsed: 18.992 sec
    [junit] Running chs.common.styles.OriginPropertyNameTest
    [junit] Tests run: 1, Failures: 0, Errors: 0, Skipped: 0, Time elapsed: 31.284 sec
    [junit] Running chs.common.styles.PlaceDecorationsUsingWidthExtentTest
    [junit] WARNING: An illegal reflective access operation has occurred
    [junit] WARNING: Illegal reflective access by chs.utility.helpers.Java8CompatibleFontMetricsUtil (file:/C:/repos/iesd/chs_home/lib/capitalcofutils.jar) to field sun.font.FontDesignMetrics.ascent
    [junit] WARNING: Please consider reporting this to the maintainers of chs.utility.helpers.Java8CompatibleFontMetricsUtil
    [junit] WARNING: Use --illegal-access=warn to enable warnings of further illegal reflective access operations
    [junit] WARNING: All illegal access operations will be denied in a future release
    [junit] Tests run: 1, Failures: 0, Errors: 0, Skipped: 0, Time elapsed: 31.653 sec
    [junit] Running chs.common.styles.QueryResultDecorationTest
    [junit] Tests run: 1, Failures: 0, Errors: 0, Skipped: 0, Time elapsed: 29.245 sec
    [junit] Running chs.common.styles.RefreshLogicStyleSetTest
    [junit] Tests run: 12, Failures: 0, Errors: 0, Skipped: 0, Time elapsed: 51.186 sec
    [junit] Running chs.common.styles.ReplaceOriginPropertyTest
    [junit] Tests run: 1, Failures: 0, Errors: 0, Skipped: 0, Time elapsed: 20.526 sec
    [junit] Running chs.common.styles.StyleSymbolsUsingOriginTest
    [junit] Tests run: 1, Failures: 0, Errors: 0, Skipped: 0, Time elapsed: 22.34 sec
    [junit] Running chs.common.styles.SymbolVwFrmDirctnAndGripOnSegmentTest
    [junit] Tests run: 2, Failures: 0, Errors: 0, Skipped: 0, Time elapsed: 41.081 sec
    [junit] Running chs.common.tags.impl.groupvalidators.ExclusiveGroupFinderTest
    [junit] Tests run: 16, Failures: 0, Errors: 0, Skipped: 0, Time elapsed: 16.283 sec
    [junit] Running chs.ctf.BOMHelperTest
    [junit] Tests run: 11, Failures: 0, Errors: 0, Skipped: 0, Time elapsed: 2.407 sec
    [junit] Running chs.ctf.DuplicateFileCheckerTest
    [junit] Tests run: 11, Failures: 0, Errors: 0, Skipped: 0, Time elapsed: 2.91 sec
    [junit] Running chs.ctf.caf.ui.FontNameRetainedOnLocaleChangeTest
    [junit] Tests run: 3, Failures: 0, Errors: 0, Skipped: 0, Time elapsed: 3.737 sec
    [junit] Running chs.ctf.copydesign.common.CopyIntegratorDesignTest
    [junit] Tests run: 1, Failures: 0, Errors: 0, Skipped: 0, Time elapsed: 30.04 sec
    [junit] Running chs.ctf.copydesign.common.CopyPlatformDesignTest
    [junit] Tests run: 1, Failures: 0, Errors: 0, Skipped: 0, Time elapsed: 31.718 sec
    [junit] Running chs.ctf.copydesign.common.ImportDesignSharedModularConnectorTest
    [junit] Tests run: 14, Failures: 0, Errors: 0, Skipped: 0, Time elapsed: 68.341 sec
    [junit] Running chs.ctf.copydesign.common.dts0100681067Test
    [junit] Tests run: 4, Failures: 0, Errors: 0, Skipped: 0, Time elapsed: 53.01 sec
    [junit] Running chs.ctf.copydesign.common.dts0101391617Test
    [junit] Tests run: 7, Failures: 0, Errors: 0, Skipped: 0, Time elapsed: 60.823 sec
    [junit] Running chs.ctf.drc.HarnessDRCWithLibraryTest
    [junit] WARNING: An illegal reflective access operation has occurred
    [junit] WARNING: Illegal reflective access by chs.utility.helpers.Java8CompatibleFontMetricsUtil (file:/C:/repos/iesd/chs_home/lib/capitalcofutils.jar) to field sun.font.FontDesignMetrics.ascent
    [junit] WARNING: Please consider reporting this to the maintainers of chs.utility.helpers.Java8CompatibleFontMetricsUtil
    [junit] WARNING: Use --illegal-access=warn to enable warnings of further illegal reflective access operations
    [junit] WARNING: All illegal access operations will be denied in a future release
    [junit] Tests run: 1, Failures: 0, Errors: 0, Skipped: 0, Time elapsed: 49.747 sec
    [junit] Running chs.ctf.ui.engineeringchangeorder.common.EffectivityBuilderDialogModeTest
    [junit] Tests run: 3, Failures: 0, Errors: 0, Skipped: 0, Time elapsed: 6.891 sec
    [junit] Running chs.ctf.ui.form.preferences.ErrorReportingBeanGuidanceLabelTest
    [junit] Tests run: 1, Failures: 0, Errors: 0, Skipped: 0, Time elapsed: 5.132 sec
    [junit] Running chs.ctf.ui.form.preferences.ErrorReportingBeanPrivacyPolicyLabelTest
    [junit] Tests run: 4, Failures: 0, Errors: 0, Skipped: 0, Time elapsed: 5.547 sec
    [junit] Running chs.ctf.ui.form.preferences.ErrorReportingBeanSanitizeTest
    [junit] Tests run: 6, Failures: 0, Errors: 0, Skipped: 0, Time elapsed: 5.044 sec
    [junit] Running chs.ctf.ui.form.preferences.ErrorReportingBeanTest
    [junit] Tests run: 2, Failures: 0, Errors: 0, Skipped: 0, Time elapsed: 5.158 sec
    [junit] Running chs.ctf.ui.form.sbom.workbooktemplateeditor.controls.EditorColorTablePreviewTest
    [junit] Tests run: 16, Failures: 0, Errors: 0, Skipped: 0, Time elapsed: 6.581 sec
    [junit] Running chs.ctf.ui.form.styles.FontRetainedOnLocaleChangeInFontPanelTest
    [junit] Tests run: 1, Failures: 0, Errors: 0, Skipped: 0, Time elapsed: 7.042 sec

BUILD SUCCESSFUL
Total time: 60 minutes 14 seconds
