-- Wed May  5 01:14:20 2021: G:/iesdwa/qualitygates/wa/2021.1_ADP1_INT/code/iesd/chs_home/bld/bin/ant -propertyfile G:/iesdwa/qualitygates/wa/2021.1_ADP1_INT/code/iesd/build.windows.properties -Dsrc_file="C:/repos/iesd/chs_home.zip" -Dchecksum_file="G:/iesdwa/qualitygates/wa/2021.1_ADP1_INT/code/iesd/chs_home.zip.MD5"  verify-checksum -f G:/iesdwa/qualitygates/wa/2021.1_ADP1_INT/code/iesd/infrastructure_src/src/build.xml
Buildfile: G:\iesdwa\qualitygates\wa\2021.1_ADP1_INT\code\iesd\infrastructure_src\src\build.xml
Trying to override old definition of task jar

verify-checksum:
     [echo] Generated checksum of source - 5b00a840259e7ddbdae07d9d55b95da1
     [echo] Generated checksum of dest   - a3b35abe90de6739ca43515a39d120ab
     [echo] Checksum does not match? : true

BUILD FAILED
G:\iesdwa\qualitygates\wa\2021.1_ADP1_INT\code\iesd\infrastructure_src\src\build.xml:1821: Checksum mismatch between C:/repos/iesd/chs_home.zip : a3b35abe90de6739ca43515a39d120ab and G:/iesdwa/qualitygates/wa/2021.1_ADP1_INT/code/iesd/chs_home.zip.MD5 : 5b00a840259e7ddbdae07d9d55b95da1

Total time: 46 seconds
-- Wed May  5 01:15:13 2021: G:/iesdwa/qualitygates/wa/2021.1_ADP1_INT/code/iesd/chs_home/bld/bin/ant -propertyfile G:/iesdwa/qualitygates/wa/2021.1_ADP1_INT/code/iesd/build.windows.properties -Dget-file-url="http://ies-iesd-qgweb.ies.mentorg.com:8080/qualitygates/wa/2021.1_ADP1_INT/code/iesd/chs_home.zip" -Dget-file-dest="C:/repos/iesd/chs_home.zip" get-file -f G:/iesdwa/qualitygates/wa/2021.1_ADP1_INT/code/iesd/infrastructure_src/src/build.xml
Buildfile: G:\iesdwa\qualitygates\wa\2021.1_ADP1_INT\code\iesd\infrastructure_src\src\build.xml
Trying to override old definition of task jar

get-file:
      [get] Getting: http://ies-iesd-qgweb.ies.mentorg.com:8080/qualitygates/wa/2021.1_ADP1_INT/code/iesd/chs_home.zip
      [get] To: C:\repos\iesd\chs_home.zip

BUILD SUCCESSFUL
Total time: 49 seconds
-- Wed May  5 01:16:06 2021: G:/iesdwa/qualitygates/wa/2021.1_ADP1_INT/code/iesd/chs_home/bld/bin/ant -propertyfile G:/iesdwa/qualitygates/wa/2021.1_ADP1_INT/code/iesd/build.windows.properties -Dsrc_file="C:/repos/iesd/chs_home.zip" -Dchecksum_file="G:/iesdwa/qualitygates/wa/2021.1_ADP1_INT/code/iesd/chs_home.zip.MD5"  verify-checksum -f G:/iesdwa/qualitygates/wa/2021.1_ADP1_INT/code/iesd/infrastructure_src/src/build.xml
Buildfile: G:\iesdwa\qualitygates\wa\2021.1_ADP1_INT\code\iesd\infrastructure_src\src\build.xml
Trying to override old definition of task jar

verify-checksum:
     [echo] Generated checksum of source - 5b00a840259e7ddbdae07d9d55b95da1
     [echo] Generated checksum of dest   - 5b00a840259e7ddbdae07d9d55b95da1
     [echo] Checksum does not match? : ${checksumDoesNotMatch}

BUILD SUCCESSFUL
Total time: 53 seconds
-- Wed May  5 01:17:01 2021: IESD::ChsHomeUtil::downloadAndExtractBuildZip - Deleting chs_home dir: C:/repos/iesd/chs_home.
-- Wed May  5 01:17:26 2021: Directory 'C:/repos/iesd/chs_home' deleted.
-- Wed May  5 01:17:26 2021: Total time: 24.879 seconds
-- Wed May  5 01:17:26 2021: 7z x C:/repos/iesd/chs_home.zip -y -oC:/repos/iesd/chs_home
-- Wed May  5 01:18:26 2021: Total time: 59.681 seconds
-- Wed May  5 01:18:26 2021: C:/repos/iesd/chs_home/bld/bin/ant -propertyfile G:/iesdwa/qualitygates/wa/2021.1_ADP1_INT/code/iesd/build.windows.properties -Dchshome=C:/repos/iesd/chs_home -Dchs.home=C:/repos/iesd/chs_home -Dchsbuildtools_home=C:/repos/iesd/chs_home/bld -Dtest.results.base=G:/iesdwa/qualitygates/wa/2021.1_ADP1_INT/code/iesd/chs_home/bld/testresults  -Dchs.build.skiptestexports=true -Dcapital.testlist.path=G:/iesdwa/qualitygates/wa/2021.1_ADP1_INT/code/iesd/chs_home/bld/testjobs.windows/job.5.txt runtestsonlyqg -f G:/iesdwa/qualitygates/wa/2021.1_ADP1_INT/code/iesd/datamodel_src/tests/build.xml
Buildfile: G:\iesdwa\qualitygates\wa\2021.1_ADP1_INT\code\iesd\datamodel_src\tests\build.xml
Trying to override old definition of task jar
   [script] Warning: Nashorn engine is planned to be removed from a future JDK release

initJaCoCoExecFilePerJob:
     [echo] jacoco.execfileprefix = windows.job.5

-os-init-linux:

extendedtestsinit:
[propertyreset] Warning: Nashorn engine is planned to be removed from a future JDK release
     [echo] Test results directory, G:/iesdwa/qualitygates/wa/2021.1_ADP1_INT/code/iesd/chs_home/bld/testresults/datamodel exists.

instrument:

runtestsonlyqg:
     [echo] Running runtestsonly from TestTargets - called from COF Tests G:\iesdwa\qualitygates\wa\2021.1_ADP1_INT\code\iesd\datamodel_src\tests\build.xml
[readtestlist] Found 34 test classes in testlist 'G:\iesdwa\qualitygates\wa\2021.1_ADP1_INT\code\iesd\chs_home\bld\testjobs.windows\job.5.txt'
    [junit] Running chs.extension.api.mailservice.PXServiceEventHandlerTest
    [junit] Tests run: 11, Failures: 0, Errors: 0, Skipped: 0, Time elapsed: 24.7 sec
    [junit] Running chs.quincy.ApacheVirtualFileSystemTest
    [junit] Tests run: 15, Failures: 0, Errors: 0, Skipped: 0, Time elapsed: 3.549 sec
    [junit] Running chs.quincy.CustomerCallHomeDRStatisticsTest
    [junit] Tests run: 1, Failures: 0, Errors: 0, Skipped: 0, Time elapsed: 3.282 sec
    [junit] Running chs.quincy.QuincyConfigurationTest
    [junit] WARNING: An illegal reflective access operation has occurred
    [junit] WARNING: Illegal reflective access by chs.junit.JUnitUtil (file:/C:/repos/iesd/chs_home/bld/testlib/capitaltestsinterfaces.jar) to field java.lang.ProcessEnvironment.theCaseInsensitiveEnvironment
    [junit] WARNING: Please consider reporting this to the maintainers of chs.junit.JUnitUtil
    [junit] WARNING: Use --illegal-access=warn to enable warnings of further illegal reflective access operations
    [junit] WARNING: All illegal access operations will be denied in a future release
    [junit] Tests run: 22, Failures: 0, Errors: 0, Skipped: 0, Time elapsed: 1.814 sec
    [junit] Running chs.reportgeneratorutils.reportables.CustomLogicXMLReportableTest
    [junit] Tests run: 6, Failures: 0, Errors: 0, Skipped: 0, Time elapsed: 72.978 sec
    [junit] Running chs.rest.resource.icd.ICDResourceSetterTest
    [junit] Tests run: 8, Failures: 0, Errors: 0, Skipped: 0, Time elapsed: 25.807 sec
    [junit] Running chs.teamplay.common.CapitalHTMLEditorTest
    [junit] Tests run: 32, Failures: 0, Errors: 1, Skipped: 0, Time elapsed: 55.206 sec
    [junit] Test chs.teamplay.common.CapitalHTMLEditorTest FAILED
    [junit] Running chs.utility.ui.ExternalHyperlinkListenerTest
    [junit] Tests run: 10, Failures: 0, Errors: 0, Skipped: 0, Time elapsed: 17.358 sec
    [junit] Running chs.utility.ui.PinSelectionConfigurableTableViewCapabilityTest
    [junit] WARNING: An illegal reflective access operation has occurred
    [junit] WARNING: Illegal reflective access by com.mentor.capital.javafx.table.impl.CapitalTableHeaderColumn (file:/C:/repos/iesd/chs_home/lib/capitalutils.jar) to field java.lang.reflect.Field.modifiers
    [junit] WARNING: Please consider reporting this to the maintainers of com.mentor.capital.javafx.table.impl.CapitalTableHeaderColumn
    [junit] WARNING: Use --illegal-access=warn to enable warnings of further illegal reflective access operations
    [junit] WARNING: All illegal access operations will be denied in a future release
    [junit] Tests run: 26, Failures: 0, Errors: 0, Skipped: 0, Time elapsed: 34.333 sec
    [junit] Running chs.utility.validateAndScrub.TopologyDesignValidatorTest
    [junit] Tests run: 1, Failures: 0, Errors: 0, Skipped: 0, Time elapsed: 35.174 sec
    [junit] Running chs.workingset.WorkingSetXMLExporterTest
    [junit] Tests run: 3, Failures: 0, Errors: 0, Skipped: 0, Time elapsed: 5.886 sec
    [junit] Running com.mentor.chsx.example.action.ExportFixturesActionTest
    [junit] WARNING: An illegal reflective access operation has occurred
    [junit] WARNING: Illegal reflective access by chs.utility.helpers.Java8CompatibleFontMetricsUtil (file:/C:/repos/iesd/chs_home/lib/capitalcofutils.jar) to field sun.font.FontDesignMetrics.ascent
    [junit] WARNING: Please consider reporting this to the maintainers of chs.utility.helpers.Java8CompatibleFontMetricsUtil
    [junit] WARNING: Use --illegal-access=warn to enable warnings of further illegal reflective access operations
    [junit] WARNING: All illegal access operations will be denied in a future release
    [junit] Tests run: 2, Failures: 0, Errors: 0, Skipped: 0, Time elapsed: 65.816 sec
    [junit] Running com.mentor.chsx.sbom.workbook.print.DynamicTableSizeHelperTest
    [junit] Tests run: 6, Failures: 0, Errors: 0, Skipped: 0, Time elapsed: 18.606 sec
    [junit] Running com.mentor.chsx.sbom.workbook.print.ImageTableFlowHelperTest
    [junit] Tests run: 7, Failures: 0, Errors: 0, Skipped: 0, Time elapsed: 19.584 sec
    [junit] Running com.mentor.chsx.sbom.workbook.print.PdfBoxPrintServiceTest
    [junit] Tests run: 4, Failures: 0, Errors: 0, Skipped: 0, Time elapsed: 18.921 sec
    [junit] Running com.mentor.chsx.sbom.workbook.print.PdfItextPrintServiceTest
    [junit] WARNING: An illegal reflective access operation has occurred
    [junit] WARNING: Illegal reflective access by com.lowagie.text.pdf.MappedRandomAccessFile$1 (file:/C:/repos/iesd/chs_home/lib/itext.jar) to method java.nio.DirectByteBuffer.cleaner()
    [junit] WARNING: Please consider reporting this to the maintainers of com.lowagie.text.pdf.MappedRandomAccessFile$1
    [junit] WARNING: Use --illegal-access=warn to enable warnings of further illegal reflective access operations
    [junit] WARNING: All illegal access operations will be denied in a future release
    [junit] Tests run: 3, Failures: 0, Errors: 0, Skipped: 0, Time elapsed: 18.488 sec
    [junit] Running com.mentor.chsx.sbom.workbook.print.PdfPrintServiceTest
    [junit] Tests run: 5, Failures: 0, Errors: 0, Skipped: 0, Time elapsed: 38.489 sec
    [junit] Running com.mentor.chsx.sbom.workbook.print.SplittableTableTest
    [junit] Tests run: 1, Failures: 0, Errors: 0, Skipped: 0, Time elapsed: 17.988 sec
    [junit] Running com.mentor.chsx.sbom.workbook.provider.CANNetworkProviderTest
    [junit] WARNING: An illegal reflective access operation has occurred
    [junit] WARNING: Illegal reflective access by chs.utility.helpers.Java8CompatibleFontMetricsUtil (file:/C:/repos/iesd/chs_home/lib/capitalcofutils.jar) to field sun.font.FontDesignMetrics.ascent
    [junit] WARNING: Please consider reporting this to the maintainers of chs.utility.helpers.Java8CompatibleFontMetricsUtil
    [junit] WARNING: Use --illegal-access=warn to enable warnings of further illegal reflective access operations
    [junit] WARNING: All illegal access operations will be denied in a future release
    [junit] Tests run: 9, Failures: 0, Errors: 0, Skipped: 0, Time elapsed: 60.229 sec
    [junit] Running com.mentor.chsx.sbom.workbook.provider.ConnectorLoadingProviderTest
    [junit] WARNING: An illegal reflective access operation has occurred
    [junit] WARNING: Illegal reflective access by chs.utility.helpers.Java8CompatibleFontMetricsUtil (file:/C:/repos/iesd/chs_home/lib/capitalcofutils.jar) to field sun.font.FontDesignMetrics.ascent
    [junit] WARNING: Please consider reporting this to the maintainers of chs.utility.helpers.Java8CompatibleFontMetricsUtil
    [junit] WARNING: Use --illegal-access=warn to enable warnings of further illegal reflective access operations
    [junit] WARNING: All illegal access operations will be denied in a future release
    [junit] Tests run: 7, Failures: 0, Errors: 0, Skipped: 0, Time elapsed: 81.881 sec
    [junit] Running com.mentor.chsx.sbom.workbook.provider.SingleMulticrimpProviderTest
    [junit] WARNING: An illegal reflective access operation has occurred
    [junit] WARNING: Illegal reflective access by chs.utility.cgm.write.unit.CGMTextUnit (file:/C:/repos/iesd/chs_home/lib/capitalcofutils.jar) to field java.awt.Font.values
    [junit] WARNING: Please consider reporting this to the maintainers of chs.utility.cgm.write.unit.CGMTextUnit
    [junit] WARNING: Use --illegal-access=warn to enable warnings of further illegal reflective access operations
    [junit] WARNING: All illegal access operations will be denied in a future release
    [junit] Tests run: 3, Failures: 0, Errors: 0, Skipped: 0, Time elapsed: 44.027 sec
    [junit] Running com.mentor.chsx.sbom.workbook.provider.SpliceNetworkProviderTest
    [junit] WARNING: An illegal reflective access operation has occurred
    [junit] WARNING: Illegal reflective access by chs.utility.helpers.Java8CompatibleFontMetricsUtil (file:/C:/repos/iesd/chs_home/lib/capitalcofutils.jar) to field sun.font.FontDesignMetrics.ascent
    [junit] WARNING: Please consider reporting this to the maintainers of chs.utility.helpers.Java8CompatibleFontMetricsUtil
    [junit] WARNING: Use --illegal-access=warn to enable warnings of further illegal reflective access operations
    [junit] WARNING: All illegal access operations will be denied in a future release
    [junit] Tests run: 5, Failures: 0, Errors: 0, Skipped: 0, Time elapsed: 40.926 sec
    [junit] Running com.mentor.chsx.sbom.workbook.provider.SpliceViewProviderTest
    [junit] WARNING: An illegal reflective access operation has occurred
    [junit] WARNING: Illegal reflective access by chs.utility.cgm.write.unit.CGMTextUnit (file:/C:/repos/iesd/chs_home/lib/capitalcofutils.jar) to field java.awt.Font.values
    [junit] WARNING: Please consider reporting this to the maintainers of chs.utility.cgm.write.unit.CGMTextUnit
    [junit] WARNING: Use --illegal-access=warn to enable warnings of further illegal reflective access operations
    [junit] WARNING: All illegal access operations will be denied in a future release
    [junit] Tests run: 14, Failures: 0, Errors: 0, Skipped: 4, Time elapsed: 61.807 sec
    [junit] Running com.mentor.chsx.sbom.workbook.provider.TwistLinkedMulticoreProviderTest
    [junit] Tests run: 1, Failures: 0, Errors: 0, Skipped: 0, Time elapsed: 30.394 sec
    [junit] Running com.mentor.chsx.sbom.workbook.provider.TwistedMulticoreProviderTest
    [junit] WARNING: An illegal reflective access operation has occurred
    [junit] WARNING: Illegal reflective access by chs.utility.helpers.Java8CompatibleFontMetricsUtil (file:/C:/repos/iesd/chs_home/lib/capitalcofutils.jar) to field sun.font.FontDesignMetrics.ascent
    [junit] WARNING: Please consider reporting this to the maintainers of chs.utility.helpers.Java8CompatibleFontMetricsUtil
    [junit] WARNING: Use --illegal-access=warn to enable warnings of further illegal reflective access operations
    [junit] WARNING: All illegal access operations will be denied in a future release
    [junit] Tests run: 6, Failures: 0, Errors: 0, Skipped: 0, Time elapsed: 49.815 sec
    [junit] Running com.mentor.chsx.sbom.workbook.provider.utils.svgWorkbookUtil.SVGToolsTest
    [junit] WARNING: An illegal reflective access operation has occurred
    [junit] WARNING: Illegal reflective access by chs.utility.cgm.write.unit.CGMTextUnit (file:/C:/repos/iesd/chs_home/lib/capitalcofutils.jar) to field java.awt.Font.values
    [junit] WARNING: Please consider reporting this to the maintainers of chs.utility.cgm.write.unit.CGMTextUnit
    [junit] WARNING: Use --illegal-access=warn to enable warnings of further illegal reflective access operations
    [junit] WARNING: All illegal access operations will be denied in a future release
    [junit] Tests run: 3, Failures: 0, Errors: 0, Skipped: 0, Time elapsed: 46.222 sec
    [junit] Running com.mentor.chsx.sbom.workbook.ui.PdfFontStylerTest
    [junit] WARNING: An illegal reflective access operation has occurred
    [junit] WARNING: Illegal reflective access by com.lowagie.text.pdf.MappedRandomAccessFile$1 (file:/C:/repos/iesd/chs_home/lib/itext.jar) to method java.nio.DirectByteBuffer.cleaner()
    [junit] WARNING: Please consider reporting this to the maintainers of com.lowagie.text.pdf.MappedRandomAccessFile$1
    [junit] WARNING: Use --illegal-access=warn to enable warnings of further illegal reflective access operations
    [junit] WARNING: All illegal access operations will be denied in a future release
    [junit] Tests run: 3, Failures: 0, Errors: 0, Skipped: 0, Time elapsed: 3.098 sec
    [junit] Running com.mentor.chsx.teamcenter.BridgedOutBuildListDetailsTest
    [junit] Tests run: 1, Failures: 0, Errors: 0, Skipped: 0, Time elapsed: 41.181 sec
    [junit] Running com.mentor.chsx.teamcenter.BridgedOutDesignPublishCapitalFlowTest
    [junit] WARNING: An illegal reflective access operation has occurred
    [junit] WARNING: Illegal reflective access by com.lowagie.text.pdf.MappedRandomAccessFile$1 (file:/C:/repos/iesd/chs_home/lib/itext.jar) to method java.nio.DirectByteBuffer.cleaner()
    [junit] WARNING: Please consider reporting this to the maintainers of com.lowagie.text.pdf.MappedRandomAccessFile$1
    [junit] WARNING: Use --illegal-access=warn to enable warnings of further illegal reflective access operations
    [junit] WARNING: All illegal access operations will be denied in a future release
    [junit] Tests run: 1, Failures: 0, Errors: 0, Skipped: 0, Time elapsed: 44.58 sec
    [junit] Running com.mentor.chsx.teamcenter.BuildListItemDetailsTest
    [junit] Tests run: 1, Failures: 0, Errors: 0, Skipped: 0, Time elapsed: 48.975 sec
    [junit] Running com.mentor.chsx.teamcenter.ConfigurableDatasetNameTest
    [junit] WARNING: An illegal reflective access operation has occurred
    [junit] WARNING: Illegal reflective access by com.lowagie.text.pdf.MappedRandomAccessFile$1 (file:/C:/repos/iesd/chs_home/lib/itext.jar) to method java.nio.DirectByteBuffer.cleaner()
    [junit] WARNING: Please consider reporting this to the maintainers of com.lowagie.text.pdf.MappedRandomAccessFile$1
    [junit] WARNING: Use --illegal-access=warn to enable warnings of further illegal reflective access operations
    [junit] WARNING: All illegal access operations will be denied in a future release
    [junit] Tests run: 1, Failures: 0, Errors: 0, Skipped: 0, Time elapsed: 65.637 sec
    [junit] Running com.mentor.chsx.teamcenter.ContinueWithPublishEvenIfPropUpdateFailsTest
    [junit] WARNING: An illegal reflective access operation has occurred
    [junit] WARNING: Illegal reflective access by com.lowagie.text.pdf.MappedRandomAccessFile$1 (file:/C:/repos/iesd/chs_home/lib/itext.jar) to method java.nio.DirectByteBuffer.cleaner()
    [junit] WARNING: Please consider reporting this to the maintainers of com.lowagie.text.pdf.MappedRandomAccessFile$1
    [junit] WARNING: Use --illegal-access=warn to enable warnings of further illegal reflective access operations
    [junit] WARNING: All illegal access operations will be denied in a future release
    [junit] Tests run: 1, Failures: 0, Errors: 0, Skipped: 0, Time elapsed: 45.634 sec
    [junit] Running com.mentor.chsx.teamcenter.DatasetCheckedOutStatusTest
    [junit] WARNING: An illegal reflective access operation has occurred
    [junit] WARNING: Illegal reflective access by com.lowagie.text.pdf.MappedRandomAccessFile$1 (file:/C:/repos/iesd/chs_home/lib/itext.jar) to method java.nio.DirectByteBuffer.cleaner()
    [junit] WARNING: Please consider reporting this to the maintainers of com.lowagie.text.pdf.MappedRandomAccessFile$1
    [junit] WARNING: Use --illegal-access=warn to enable warnings of further illegal reflective access operations
    [junit] WARNING: All illegal access operations will be denied in a future release
    [junit] Tests run: 1, Failures: 0, Errors: 0, Skipped: 0, Time elapsed: 45.157 sec
    [junit] Running com.mentor.chsx.teamcenter.DesignDetailsFetchTest
    [junit] Tests run: 1, Failures: 0, Errors: 0, Skipped: 0, Time elapsed: 40.687 sec

BUILD SUCCESSFUL
Total time: 37 minutes 32 seconds
