-- Wed May  5 01:14:13 2021: G:/iesdwa/qualitygates/wa/2021.1_ADP1_INT/code/iesd/chs_home/bld/bin/ant -propertyfile G:/iesdwa/qualitygates/wa/2021.1_ADP1_INT/code/iesd/build.windows.properties -Dsrc_file="C:/repos/iesd/chs_home.zip" -Dchecksum_file="G:/iesdwa/qualitygates/wa/2021.1_ADP1_INT/code/iesd/chs_home.zip.MD5"  verify-checksum -f G:/iesdwa/qualitygates/wa/2021.1_ADP1_INT/code/iesd/infrastructure_src/src/build.xml
Buildfile: G:\iesdwa\qualitygates\wa\2021.1_ADP1_INT\code\iesd\infrastructure_src\src\build.xml
Trying to override old definition of task jar

verify-checksum:
     [echo] Generated checksum of source - 5b00a840259e7ddbdae07d9d55b95da1
     [echo] Generated checksum of dest   - 194f4dc15d7ae2cb01e22d1e4689642d
     [echo] Checksum does not match? : true

BUILD FAILED
G:\iesdwa\qualitygates\wa\2021.1_ADP1_INT\code\iesd\infrastructure_src\src\build.xml:1821: Checksum mismatch between C:/repos/iesd/chs_home.zip : 194f4dc15d7ae2cb01e22d1e4689642d and G:/iesdwa/qualitygates/wa/2021.1_ADP1_INT/code/iesd/chs_home.zip.MD5 : 5b00a840259e7ddbdae07d9d55b95da1

Total time: 49 seconds
-- Wed May  5 01:15:11 2021: G:/iesdwa/qualitygates/wa/2021.1_ADP1_INT/code/iesd/chs_home/bld/bin/ant -propertyfile G:/iesdwa/qualitygates/wa/2021.1_ADP1_INT/code/iesd/build.windows.properties -Dget-file-url="http://ies-iesd-qgweb.ies.mentorg.com:8080/qualitygates/wa/2021.1_ADP1_INT/code/iesd/chs_home.zip" -Dget-file-dest="C:/repos/iesd/chs_home.zip" get-file -f G:/iesdwa/qualitygates/wa/2021.1_ADP1_INT/code/iesd/infrastructure_src/src/build.xml
Buildfile: G:\iesdwa\qualitygates\wa\2021.1_ADP1_INT\code\iesd\infrastructure_src\src\build.xml
Trying to override old definition of task jar

get-file:
      [get] Getting: http://ies-iesd-qgweb.ies.mentorg.com:8080/qualitygates/wa/2021.1_ADP1_INT/code/iesd/chs_home.zip
      [get] To: C:\repos\iesd\chs_home.zip

BUILD SUCCESSFUL
Total time: 59 seconds
-- Wed May  5 01:16:14 2021: G:/iesdwa/qualitygates/wa/2021.1_ADP1_INT/code/iesd/chs_home/bld/bin/ant -propertyfile G:/iesdwa/qualitygates/wa/2021.1_ADP1_INT/code/iesd/build.windows.properties -Dsrc_file="C:/repos/iesd/chs_home.zip" -Dchecksum_file="G:/iesdwa/qualitygates/wa/2021.1_ADP1_INT/code/iesd/chs_home.zip.MD5"  verify-checksum -f G:/iesdwa/qualitygates/wa/2021.1_ADP1_INT/code/iesd/infrastructure_src/src/build.xml
Buildfile: G:\iesdwa\qualitygates\wa\2021.1_ADP1_INT\code\iesd\infrastructure_src\src\build.xml
Trying to override old definition of task jar

verify-checksum:
     [echo] Generated checksum of source - 5b00a840259e7ddbdae07d9d55b95da1
     [echo] Generated checksum of dest   - 5b00a840259e7ddbdae07d9d55b95da1
     [echo] Checksum does not match? : ${checksumDoesNotMatch}

BUILD SUCCESSFUL
Total time: 52 seconds
-- Wed May  5 01:17:10 2021: IESD::ChsHomeUtil::downloadAndExtractBuildZip - Deleting chs_home dir: C:/repos/iesd/chs_home.
-- Wed May  5 01:17:37 2021: Directory 'C:/repos/iesd/chs_home' deleted.
-- Wed May  5 01:17:37 2021: Total time: 26.731 seconds
-- Wed May  5 01:17:37 2021: 7z x C:/repos/iesd/chs_home.zip -y -oC:/repos/iesd/chs_home
-- Wed May  5 01:18:38 2021: Total time: 60.830 seconds
-- Wed May  5 01:18:38 2021: C:/repos/iesd/chs_home/bld/bin/ant -propertyfile G:/iesdwa/qualitygates/wa/2021.1_ADP1_INT/code/iesd/build.windows.properties -Dchshome=C:/repos/iesd/chs_home -Dchs.home=C:/repos/iesd/chs_home -Dchsbuildtools_home=C:/repos/iesd/chs_home/bld -Dtest.results.base=G:/iesdwa/qualitygates/wa/2021.1_ADP1_INT/code/iesd/chs_home/bld/testresults  -Dchs.build.skiptestexports=true -Dcapital.testlist.path=G:/iesdwa/qualitygates/wa/2021.1_ADP1_INT/code/iesd/chs_home/bld/testjobs.windows/job.3.txt runtestsonlyqg -f G:/iesdwa/qualitygates/wa/2021.1_ADP1_INT/code/iesd/datamodel_src/tests/build.xml
Buildfile: G:\iesdwa\qualitygates\wa\2021.1_ADP1_INT\code\iesd\datamodel_src\tests\build.xml
Trying to override old definition of task jar
   [script] Warning: Nashorn engine is planned to be removed from a future JDK release

initJaCoCoExecFilePerJob:
     [echo] jacoco.execfileprefix = windows.job.3

-os-init-linux:

extendedtestsinit:
[propertyreset] Warning: Nashorn engine is planned to be removed from a future JDK release
     [echo] Test results directory, G:/iesdwa/qualitygates/wa/2021.1_ADP1_INT/code/iesd/chs_home/bld/testresults/datamodel exists.

instrument:

runtestsonlyqg:
     [echo] Running runtestsonly from TestTargets - called from COF Tests G:\iesdwa\qualitygates\wa\2021.1_ADP1_INT\code\iesd\datamodel_src\tests\build.xml
[readtestlist] Found 26 test classes in testlist 'G:\iesdwa\qualitygates\wa\2021.1_ADP1_INT\code\iesd\chs_home\bld\testjobs.windows\job.3.txt'
    [junit] Running chs.cofUtils.ZOrderRenderTest
    [junit] Tests run: 11, Failures: 0, Errors: 0, Skipped: 0, Time elapsed: 24.701 sec
    [junit] Running chs.cofUtils.cgm.CGMCodeInternalsTest
    [junit] WARNING: An illegal reflective access operation has occurred
    [junit] WARNING: Illegal reflective access by chs.utility.cgm.write.unit.CGMTextUnit (file:/C:/repos/iesd/chs_home/lib/capitalcofutils.jar) to field java.awt.Font.values
    [junit] WARNING: Please consider reporting this to the maintainers of chs.utility.cgm.write.unit.CGMTextUnit
    [junit] WARNING: Use --illegal-access=warn to enable warnings of further illegal reflective access operations
    [junit] WARNING: All illegal access operations will be denied in a future release
    [junit] Tests run: 8, Failures: 0, Errors: 0, Skipped: 0, Time elapsed: 4.242 sec
    [junit] Running chs.cofUtils.exporter.ConfigurationExporterTest
    [junit] Tests run: 6, Failures: 0, Errors: 0, Skipped: 0, Time elapsed: 25.863 sec
    [junit] Running chs.cofUtils.exporter.sbom.workbooktemplate.WorkbookTemplatePersistenceTest
    [junit] Tests run: 2, Failures: 0, Errors: 0, Skipped: 0, Time elapsed: 21.228 sec
    [junit] Running chs.cofUtils.hcv.HCVSVGGenerationComparisonTest
    [junit] WARNING: An illegal reflective access operation has occurred
    [junit] WARNING: Illegal reflective access by chs.utility.helpers.Java8CompatibleFontMetricsUtil (file:/C:/repos/iesd/chs_home/lib/capitalcofutils.jar) to field sun.font.FontDesignMetrics.ascent
    [junit] WARNING: Please consider reporting this to the maintainers of chs.utility.helpers.Java8CompatibleFontMetricsUtil
    [junit] WARNING: Use --illegal-access=warn to enable warnings of further illegal reflective access operations
    [junit] WARNING: All illegal access operations will be denied in a future release
    [junit] Tests run: 1, Failures: 0, Errors: 0, Skipped: 0, Time elapsed: 52.612 sec
    [junit] Running chs.cofUtils.importer.AbsoluteLineThicknessImportAndRenderTest
    [junit] Tests run: 2, Failures: 0, Errors: 0, Skipped: 0, Time elapsed: 86.497 sec
    [junit] Running chs.cofUtils.importer.SecurityUserAccountTagBuilderPasswordTest
    [junit] Tests run: 2, Failures: 0, Errors: 0, Skipped: 0, Time elapsed: 21.428 sec
    [junit] Running chs.cofUtils.importer.SymbolLibraryImportTest
    [junit] Tests run: 9, Failures: 0, Errors: 0, Skipped: 0, Time elapsed: 34.103 sec
    [junit] WARNING: An illegal reflective access operation has occurred
    [junit] WARNING: Illegal reflective access by org.uispec4j.UISpec4J (file:/C:/repos/iesd/chs_home/bld/lib/uispec4j.jar) to field java.awt.Toolkit.toolkit
    [junit] WARNING: Please consider reporting this to the maintainers of org.uispec4j.UISpec4J
    [junit] WARNING: Use --illegal-access=warn to enable warnings of further illegal reflective access operations
    [junit] WARNING: All illegal access operations will be denied in a future release
    [junit] Running chs.cofUtils.importer.symbolimporthelper.SymbolImportHelperTest
    [junit] Tests run: 24, Failures: 0, Errors: 0, Skipped: 0, Time elapsed: 14.411 sec
    [junit] Running chs.cog.COGGeneratedByteArraySupportTest
    [junit] Tests run: 1, Failures: 0, Errors: 0, Skipped: 0, Time elapsed: 2.814 sec
    [junit] Running chs.common.GenericExportImportTest
    [junit] WARNING: An illegal reflective access operation has occurred
    [junit] WARNING: Illegal reflective access by chs.utility.helpers.Java8CompatibleFontMetricsUtil (file:/C:/repos/iesd/chs_home/lib/capitalcofutils.jar) to field sun.font.FontDesignMetrics.ascent
    [junit] WARNING: Please consider reporting this to the maintainers of chs.utility.helpers.Java8CompatibleFontMetricsUtil
    [junit] WARNING: Use --illegal-access=warn to enable warnings of further illegal reflective access operations
    [junit] WARNING: All illegal access operations will be denied in a future release
    [junit] Tests run: 4, Failures: 0, Errors: 0, Skipped: 0, Time elapsed: 36.108 sec
    [junit] Running chs.common.cache.TextLayoutCacheTest
    [junit] Tests run: 15, Failures: 0, Errors: 0, Skipped: 0, Time elapsed: 29.463 sec
    [junit] Running chs.common.criteria.BasicCriteriaTest
    [junit] Tests run: 35, Failures: 0, Errors: 0, Skipped: 0, Time elapsed: 6.614 sec
    [junit] Running chs.common.dump.ObjectDumperTest
    [junit] Tests run: 4, Failures: 0, Errors: 0, Skipped: 0, Time elapsed: 26.263 sec
    [junit] Running chs.common.reporting.TeamcenterLogicComponentBOMTest
    [junit] WARNING: An illegal reflective access operation has occurred
    [junit] WARNING: Illegal reflective access by chs.utility.helpers.Java8CompatibleFontMetricsUtil (file:/C:/repos/iesd/chs_home/lib/capitalcofutils.jar) to field sun.font.FontDesignMetrics.ascent
    [junit] WARNING: Please consider reporting this to the maintainers of chs.utility.helpers.Java8CompatibleFontMetricsUtil
    [junit] WARNING: Use --illegal-access=warn to enable warnings of further illegal reflective access operations
    [junit] WARNING: All illegal access operations will be denied in a future release
    [junit] Tests run: 42, Failures: 26, Errors: 0, Skipped: 0, Time elapsed: 133.913 sec
    [junit] Test chs.common.reporting.TeamcenterLogicComponentBOMTest FAILED
    [junit] Running chs.common.reporting.embeddedReports.EmbeddedHarnessTubeBOMReportTest
    [junit] Tests run: 1, Failures: 0, Errors: 0, Skipped: 0, Time elapsed: 35.271 sec
    [junit] Running chs.common.reporting.embeddedReports.TeamcenterSOAHarnessComponentBOMTest
    [junit] WARNING: An illegal reflective access operation has occurred
    [junit] WARNING: Illegal reflective access by chs.utility.helpers.Java8CompatibleFontMetricsUtil (file:/C:/repos/iesd/chs_home/lib/capitalcofutils.jar) to field sun.font.FontDesignMetrics.ascent
    [junit] WARNING: Please consider reporting this to the maintainers of chs.utility.helpers.Java8CompatibleFontMetricsUtil
    [junit] WARNING: Use --illegal-access=warn to enable warnings of further illegal reflective access operations
    [junit] WARNING: All illegal access operations will be denied in a future release
    [junit] Tests run: 1, Failures: 0, Errors: 0, Skipped: 0, Time elapsed: 36.607 sec
    [junit] Running chs.common.styles.ApplyHarnessStyleSet1Test
    [junit] WARNING: An illegal reflective access operation has occurred
    [junit] WARNING: Illegal reflective access by chs.utility.helpers.Java8CompatibleFontMetricsUtil (file:/C:/repos/iesd/chs_home/lib/capitalcofutils.jar) to field sun.font.FontDesignMetrics.ascent
    [junit] WARNING: Please consider reporting this to the maintainers of chs.utility.helpers.Java8CompatibleFontMetricsUtil
    [junit] WARNING: Use --illegal-access=warn to enable warnings of further illegal reflective access operations
    [junit] WARNING: All illegal access operations will be denied in a future release
    [junit] Tests run: 15, Failures: 0, Errors: 0, Skipped: 0, Time elapsed: 73.51 sec
    [junit] Running chs.common.styles.ApplyHarnessStyleSet2Test
    [junit] WARNING: An illegal reflective access operation has occurred
    [junit] WARNING: Illegal reflective access by chs.utility.helpers.Java8CompatibleFontMetricsUtil (file:/C:/repos/iesd/chs_home/lib/capitalcofutils.jar) to field sun.font.FontDesignMetrics.ascent
    [junit] WARNING: Please consider reporting this to the maintainers of chs.utility.helpers.Java8CompatibleFontMetricsUtil
    [junit] WARNING: Use --illegal-access=warn to enable warnings of further illegal reflective access operations
    [junit] WARNING: All illegal access operations will be denied in a future release
    [junit] Tests run: 15, Failures: 0, Errors: 0, Skipped: 0, Time elapsed: 68.089 sec
    [junit] Running chs.common.styles.ApplyHarnessStyleSet5Test
    [junit] WARNING: An illegal reflective access operation has occurred
    [junit] WARNING: Illegal reflective access by chs.utility.helpers.Java8CompatibleFontMetricsUtil (file:/C:/repos/iesd/chs_home/lib/capitalcofutils.jar) to field sun.font.FontDesignMetrics.ascent
    [junit] WARNING: Please consider reporting this to the maintainers of chs.utility.helpers.Java8CompatibleFontMetricsUtil
    [junit] WARNING: Use --illegal-access=warn to enable warnings of further illegal reflective access operations
    [junit] WARNING: All illegal access operations will be denied in a future release
    [junit] Tests run: 14, Failures: 0, Errors: 0, Skipped: 0, Time elapsed: 70.798 sec
    [junit] Running chs.common.styles.ApplyHarnessStyleSet6Test
    [junit] WARNING: An illegal reflective access operation has occurred
    [junit] WARNING: Illegal reflective access by chs.utility.helpers.Java8CompatibleFontMetricsUtil (file:/C:/repos/iesd/chs_home/lib/capitalcofutils.jar) to field sun.font.FontDesignMetrics.ascent
    [junit] WARNING: Please consider reporting this to the maintainers of chs.utility.helpers.Java8CompatibleFontMetricsUtil
    [junit] WARNING: Use --illegal-access=warn to enable warnings of further illegal reflective access operations
    [junit] WARNING: All illegal access operations will be denied in a future release
    [junit] Tests run: 5, Failures: 0, Errors: 0, Skipped: 0, Time elapsed: 50.202 sec
    [junit] Running chs.common.styles.ApplyHarnessStyleSet7Test
    [junit] WARNING: An illegal reflective access operation has occurred
    [junit] WARNING: Illegal reflective access by chs.utility.helpers.Java8CompatibleFontMetricsUtil (file:/C:/repos/iesd/chs_home/lib/capitalcofutils.jar) to field sun.font.FontDesignMetrics.ascent
    [junit] WARNING: Please consider reporting this to the maintainers of chs.utility.helpers.Java8CompatibleFontMetricsUtil
    [junit] WARNING: Use --illegal-access=warn to enable warnings of further illegal reflective access operations
    [junit] WARNING: All illegal access operations will be denied in a future release
    [junit] Tests run: 8, Failures: 0, Errors: 0, Skipped: 0, Time elapsed: 43.916 sec
    [junit] Running chs.common.styles.ApplyHarnessStyleSetCustomColTest
    [junit] WARNING: An illegal reflective access operation has occurred
    [junit] WARNING: Illegal reflective access by chs.utility.helpers.Java8CompatibleFontMetricsUtil (file:/C:/repos/iesd/chs_home/lib/capitalcofutils.jar) to field sun.font.FontDesignMetrics.ascent
    [junit] WARNING: Please consider reporting this to the maintainers of chs.utility.helpers.Java8CompatibleFontMetricsUtil
    [junit] WARNING: Use --illegal-access=warn to enable warnings of further illegal reflective access operations
    [junit] WARNING: All illegal access operations will be denied in a future release
    [junit] Tests run: 1, Failures: 0, Errors: 0, Skipped: 0, Time elapsed: 35.396 sec
    [junit] Running chs.common.styles.ApplyIntegratorStyleSet1Test
    [junit] Tests run: 15, Failures: 0, Errors: 0, Skipped: 0, Time elapsed: 83.738 sec
    [junit] Running chs.common.styles.ApplyIntegratorStyleSet2Test
    [junit] Tests run: 15, Failures: 0, Errors: 0, Skipped: 0, Time elapsed: 71.677 sec
    [junit] Running chs.common.styles.ApplyIntegratorStyleSet3Test
    [junit] WARNING: An illegal reflective access operation has occurred
    [junit] WARNING: Illegal reflective access by chs.common.introspection.IntrospectiveObjectScan (file:/C:/repos/iesd/chs_home/lib/capitalcofutils.jar) to field java.lang.Enum.name
    [junit] WARNING: Please consider reporting this to the maintainers of chs.common.introspection.IntrospectiveObjectScan
    [junit] WARNING: Use --illegal-access=warn to enable warnings of further illegal reflective access operations
    [junit] WARNING: All illegal access operations will be denied in a future release
    [junit] Tests run: 15, Failures: 0, Errors: 0, Skipped: 0, Time elapsed: 124.492 sec

BUILD SUCCESSFUL
Total time: 38 minutes 42 seconds
