
/var/spool/sge/ies/ies-iesd-grd-11/job_scripts/227599305 -stream 2021.1_ADP1_INT -projHome /ies/iesd_data3_nb/iesdwa/qualitygates/wa/2021.1_ADP1_INT/code/iesd -buildFile /ies/iesd_data3_nb/iesdwa/qualitygates/wa/2021.1_ADP1_INT/code/iesd/ctopology_src/tests/build.xml -testlist /ies/iesd_data3_nb/iesdwa/qualitygates/wa/2021.1_ADP1_INT/code/iesd/chs_home/bld/testjobs.linux/job.590.txt

ARC=lx-amd64
_=/bin/env
CVS_RSH=ssh
DISPLAY=lnx-ies-bld-06.ies.mentorg.com:3
ENVIRONMENT=BATCH
GRID_SCRIPT_TO_EXECUTE=/ies/iesd_data11/iesdgridhome/scripts/prod/BuildScripts/bin/rununittest.pl
HISTCONTROL=ignoredups
HISTSIZE=1000
HOME=/home/iesdgrid
HOSTNAME=ies-iesd-grd-11
IESD_GRIDDATA=/ies/iesd_data11/iesdgridhome/data
IESD_SCRIPTS=/ies/iesd_data11/iesdgridhome/scripts/prod
JOB_ID=227599305
JOB_NAME=gridrunner.sh
JOB_SCRIPT=/var/spool/sge/ies/ies-iesd-grd-11/job_scripts/227599305
KDEDIRS=/usr
LANG=en_US.UTF-8
LESSOPEN=||/usr/bin/lesspipe.sh %s
LOGNAME=iesdgrid
MAIL=/var/spool/mail/iesdgrid
MANPATH=:/opt/puppetlabs/puppet/share/man
NHOSTS=1
NQUEUES=1
NSLOTS=1
PATH=/usr/lib64/qt-3.3/bin:/home/iesdgrid/perl5/bin:/var/spool/sge/ies/tmp/227599305.1.iesd.p:/usr/local/bin:/bin:/usr/bin:/usr/local/sbin:/usr/sbin:/opt/puppetlabs/bin:/home/iesdgrid/opt/intellij/idea-IC-162.2228.15/bin
PERL5LIB=/home/iesdgrid/perl5/lib/perl5:
PERL_LOCAL_LIB_ROOT=:/home/iesdgrid/perl5
PERL_MB_OPT=--install_base /home/iesdgrid/perl5
PERL_MM_OPT=INSTALL_BASE=/home/iesdgrid/perl5
PWD=/home/iesdgrid
QTDIR=/usr/lib64/qt-3.3
QT_GRAPHICSSYSTEM_CHECKED=1
QTINC=/usr/lib64/qt-3.3/include
QTLIB=/usr/lib64/qt-3.3/lib
QT_PLUGIN_PATH=/usr/lib64/kde4/plugins:/usr/lib/kde4/plugins
QUEUE=iesd.p
REQNAME=gridrunner.sh
REQUEST=gridrunner.sh
RESTARTED=0
SGE_ACCOUNT=sge
SGE_ARCH=lx-amd64
SGE_BINARY_PATH=/ies/grid/uge86/bin/lx-amd64
SGE_CELL=default
SGE_CWD_PATH=/home/iesdgrid
SGE_EXECD_PORT=6471
SGE_HGR_memory=5.588G
SGE_JOB_SPOOL_DIR=/var/spool/sge/ies/ies-iesd-grd-11/active_jobs/227599305.1
SGE_O_HOME=/home/iesdgrid
SGE_O_HOST=ies-iesd-grd002
SGE_O_LOGNAME=iesdgrid
SGE_O_MAIL=/var/mail/iesdgrid
SGE_O_PATH=/ies/iesd_data11/iesdgridhome/tools/appsroot/aol/java/jdk-11.0.4/bin:/ies/iesd_data3_nb/iesdwa/qualitygates/wa/2021.1_ADP1_INT/code/iesd/chs_home/bld/bin:/ies/iesd_data3_nb/iesdwa/qualitygates/wa/2021.1_ADP1_INT/code/iesd/chs_home/bin:/ies/iesd_data3_nb/iesdwa/qualitygates/wa/2021.1_ADP1_INT/code/iesd/chs_home/lib:/ies/iesd_data3_nb/iesdwa/qualitygates/wa/2021.1_ADP1_INT/code/iesd/chs_home/bld/lib:/usr/atria/bin:/ies/grid/uge86/mgc:/ies/grid/uge86/bin/lx-amd64:/usr/local/bin:/usr/bin
SGE_O_SHELL=/bin/ksh
SGE_O_WORKDIR=/tmp/slave/ci01/workspace/SubmitQualityGatesGit
SGE_QMASTER_PORT=6470
SGE_RERUN_JOB=1
SGE_RERUN_REQUESTED=1
SGE_ROOT=/ies/grid/uge86
SGE_STDERR_PATH=/ies/iesd_data3_nb/iesdwa/qualitygates/wa/2021.1_ADP1_INT/junit_test_result/logs/linux/job.590.log
SGE_STDIN_PATH=/dev/null
SGE_STDOUT_PATH=/ies/iesd_data3_nb/iesdwa/qualitygates/wa/2021.1_ADP1_INT/junit_test_result/logs/linux/job.590.log
SGE_TASK_FIRST=undefined
SGE_TASK_ID=undefined
SGE_TASK_LAST=undefined
SGE_TASK_STEPSIZE=undefined
SHELL=/bin/sh
SHLVL=1
SSH_ASKPASS=/usr/libexec/openssh/gnome-ssh-askpass
TMPDIR=/var/spool/sge/ies/tmp/227599305.1.iesd.p
TMP=/var/spool/sge/ies/tmp/227599305.1.iesd.p
TZ=UTC
USER=iesdgrid
XDG_DATA_DIRS=/home/iesdgrid/.local/share/flatpak/exports/share:/var/lib/flatpak/exports/share:/usr/local/share:/usr/share
+ export MGC_VCO=aol
+ MGC_VCO=aol
+ export LD_LIBRARY_PATH=/ies/iesd_data11/iesdgridhome/scripts/prod/Modules/aol:
+ LD_LIBRARY_PATH=/ies/iesd_data11/iesdgridhome/scripts/prod/Modules/aol:
+ export PATH=/bin:/usr/lib64/qt-3.3/bin:/home/iesdgrid/perl5/bin:/var/spool/sge/ies/tmp/227599305.1.iesd.p:/usr/local/bin:/bin:/usr/bin:/usr/local/sbin:/usr/sbin:/opt/puppetlabs/bin:/home/iesdgrid/opt/intellij/idea-IC-162.2228.15/bin
+ PATH=/bin:/usr/lib64/qt-3.3/bin:/home/iesdgrid/perl5/bin:/var/spool/sge/ies/tmp/227599305.1.iesd.p:/usr/local/bin:/bin:/usr/bin:/usr/local/sbin:/usr/sbin:/opt/puppetlabs/bin:/home/iesdgrid/opt/intellij/idea-IC-162.2228.15/bin
+ '[' -x /ies/grid/uge86/default/common/settings.sh ']'
+ echo 'Calling perl /ies/iesd_data11/iesdgridhome/scripts/prod/BuildScripts/bin/rununittest.pl -stream' 2021.1_ADP1_INT -projHome /ies/iesd_data3_nb/iesdwa/qualitygates/wa/2021.1_ADP1_INT/code/iesd -buildFile /ies/iesd_data3_nb/iesdwa/qualitygates/wa/2021.1_ADP1_INT/code/iesd/ctopology_src/tests/build.xml -testlist '/ies/iesd_data3_nb/iesdwa/qualitygates/wa/2021.1_ADP1_INT/code/iesd/chs_home/bld/testjobs.linux/job.590.txt '
Calling perl /ies/iesd_data11/iesdgridhome/scripts/prod/BuildScripts/bin/rununittest.pl -stream 2021.1_ADP1_INT -projHome /ies/iesd_data3_nb/iesdwa/qualitygates/wa/2021.1_ADP1_INT/code/iesd -buildFile /ies/iesd_data3_nb/iesdwa/qualitygates/wa/2021.1_ADP1_INT/code/iesd/ctopology_src/tests/build.xml -testlist /ies/iesd_data3_nb/iesdwa/qualitygates/wa/2021.1_ADP1_INT/code/iesd/chs_home/bld/testjobs.linux/job.590.txt 
+ echo 'Fail if file not found '
Fail if file not found 
+ perl /ies/iesd_data11/iesdgridhome/scripts/prod/BuildScripts/bin/rununittest.pl -stream 2021.1_ADP1_INT -projHome /ies/iesd_data3_nb/iesdwa/qualitygates/wa/2021.1_ADP1_INT/code/iesd -buildFile /ies/iesd_data3_nb/iesdwa/qualitygates/wa/2021.1_ADP1_INT/code/iesd/ctopology_src/tests/build.xml -testlist /ies/iesd_data3_nb/iesdwa/qualitygates/wa/2021.1_ADP1_INT/code/iesd/chs_home/bld/testjobs.linux/job.590.txt
-- Wed May  5 00:31:27 2021: /ies/iesd_data11/iesdgridhome/scripts/prod/BuildScripts/bin/rununittest.pl -stream 2021.1_ADP1_INT -projHome /ies/iesd_data3_nb/iesdwa/qualitygates/wa/2021.1_ADP1_INT/code/iesd -buildFile /ies/iesd_data3_nb/iesdwa/qualitygates/wa/2021.1_ADP1_INT/code/iesd/ctopology_src/tests/build.xml -testlist /ies/iesd_data3_nb/iesdwa/qualitygates/wa/2021.1_ADP1_INT/code/iesd/chs_home/bld/testjobs.linux/job.590.txt
-- Wed May  5 00:31:27 2021: Checking for branch configuration attributes file: '/ies/iesd_data11/iesdgridhome/BranchDataRoot/2021.1_ADP1_INT/attributes.ini'
-- Wed May  5 00:31:27 2021: Found /ies/iesd_data3_nb/iesdwa/qualitygates/wa/2021.1_ADP1_INT/code/iesd/infrastructure_src/src/infra_features.ini. Reading the config with least precedence.
-- Wed May  5 00:31:28 2021: TestListExecutor /ies/iesd_data3_nb/iesdwa/qualitygates/wa/2021.1_ADP1_INT/code/iesd/chs_home/bld/testjobs.linux/job.590.txt STARTED
-- Wed May  5 00:31:28 2021: PROJ_HOME=/ies/iesd_data3_nb/iesdwa/qualitygates/wa/2021.1_ADP1_INT/code/iesd
-- Wed May  5 00:31:28 2021: BUILD_HOME=/ies/iesd_data3_nb/iesdwa/qualitygates/wa/2021.1_ADP1_INT/code/iesd
-- Wed May  5 00:31:28 2021: CHS_HOME=/ies/iesd_data3_nb/iesdwa/qualitygates/wa/2021.1_ADP1_INT/code/iesd/chs_home
-- Wed May  5 00:31:28 2021: JAVA_HOME=/ies/iesd_data11/iesdgridhome/tools/appsroot/aol/java/jdk-11.0.4
-- Wed May  5 00:31:28 2021: ANT_HOME=/ies/iesd_data3_nb/iesdwa/qualitygates/wa/2021.1_ADP1_INT/code/iesd/chs_home/bld
-- Wed May  5 00:31:28 2021: PATH=/ies/iesd_data3_nb/iesdwa/qualitygates/wa/2021.1_ADP1_INT/code/iesd/chs_home/bin:/bin:/usr/lib64/qt-3.3/bin:/home/iesdgrid/perl5/bin:/var/spool/sge/ies/tmp/227599305.1.iesd.p:/usr/local/bin:/bin:/usr/bin:/usr/local/sbin:/usr/sbin:/opt/puppetlabs/bin:/home/iesdgrid/opt/intellij/idea-IC-162.2228.15/bin
-- Wed May  5 00:31:28 2021: PATH=/ies/iesd_data3_nb/iesdwa/qualitygates/wa/2021.1_ADP1_INT/code/iesd/chs_home/bld/bin:/ies/iesd_data3_nb/iesdwa/qualitygates/wa/2021.1_ADP1_INT/code/iesd/chs_home/bin:/bin:/usr/lib64/qt-3.3/bin:/home/iesdgrid/perl5/bin:/var/spool/sge/ies/tmp/227599305.1.iesd.p:/usr/local/bin:/bin:/usr/bin:/usr/local/sbin:/usr/sbin:/opt/puppetlabs/bin:/home/iesdgrid/opt/intellij/idea-IC-162.2228.15/bin
-- Wed May  5 00:31:28 2021: PATH=/ies/iesd_data11/iesdgridhome/tools/appsroot/aol/java/jdk-11.0.4/bin:/ies/iesd_data3_nb/iesdwa/qualitygates/wa/2021.1_ADP1_INT/code/iesd/chs_home/bld/bin:/ies/iesd_data3_nb/iesdwa/qualitygates/wa/2021.1_ADP1_INT/code/iesd/chs_home/bin:/bin:/usr/lib64/qt-3.3/bin:/home/iesdgrid/perl5/bin:/var/spool/sge/ies/tmp/227599305.1.iesd.p:/usr/local/bin:/bin:/usr/bin:/usr/local/sbin:/usr/sbin:/opt/puppetlabs/bin:/home/iesdgrid/opt/intellij/idea-IC-162.2228.15/bin
-- Wed May  5 00:31:28 2021: ANT_OPTS=-Xmx2G -Dfile.encoding=iso-8859-1
-- Wed May  5 00:31:28 2021: ant  -Dbuild_vco=aol -Dbuild_env=linux -propertyfile /ies/iesd_data3_nb/iesdwa/qualitygates/wa/2021.1_ADP1_INT/code/iesd/build.properties -Dchs.build.skiptestexports=true -Dcapital.testlist.path=/ies/iesd_data3_nb/iesdwa/qualitygates/wa/2021.1_ADP1_INT/code/iesd/chs_home/bld/testjobs.linux/job.590.txt runtestsonlyqg -f /ies/iesd_data3_nb/iesdwa/qualitygates/wa/2021.1_ADP1_INT/code/iesd/ctopology_src/tests/build.xml STARTED
-- Wed May  5 00:31:28 2021: /ies/iesd_data3_nb/iesdwa/qualitygates/wa/2021.1_ADP1_INT/code/iesd/chs_home/bld/bin/ant  -Dbuild_vco=aol -Dbuild_env=linux -propertyfile /ies/iesd_data3_nb/iesdwa/qualitygates/wa/2021.1_ADP1_INT/code/iesd/build.properties -Dchs.build.skiptestexports=true -Dcapital.testlist.path=/ies/iesd_data3_nb/iesdwa/qualitygates/wa/2021.1_ADP1_INT/code/iesd/chs_home/bld/testjobs.linux/job.590.txt runtestsonlyqg -f /ies/iesd_data3_nb/iesdwa/qualitygates/wa/2021.1_ADP1_INT/code/iesd/ctopology_src/tests/build.xml
Buildfile: /ies/iesd_data3_nb/iesdwa/qualitygates/wa/2021.1_ADP1_INT/code/iesd/ctopology_src/tests/build.xml
Trying to override old definition of task jar
   [script] Warning: Nashorn engine is planned to be removed from a future JDK release

initJaCoCoExecFilePerJob:
     [echo] jacoco.execfileprefix = linux.job.590

-os-init-linux:
     [echo] Reset to include attachlistener
[propertyreset] Warning: Nashorn engine is planned to be removed from a future JDK release
[propertyreset] Warning: Nashorn engine is planned to be removed from a future JDK release
[propertyreset] Warning: Nashorn engine is planned to be removed from a future JDK release
[propertyreset] Warning: Nashorn engine is planned to be removed from a future JDK release
[propertyreset] Warning: Nashorn engine is planned to be removed from a future JDK release
     [echo] capital.skiplookandfeel=true 

extendedtestsinit:
[propertyreset] Warning: Nashorn engine is planned to be removed from a future JDK release
     [echo] Test results directory, /ies/iesd_data3_nb/iesdwa/qualitygates/wa/2021.1_ADP1_INT/code/iesd/chs_home/bld/testresults/topology exists.

instrument:

runtestsonlyqg:
     [echo] Running runtestsonly from TestTargets - called from Capital Integrator Tests /ies/iesd_data3_nb/iesdwa/qualitygates/wa/2021.1_ADP1_INT/code/iesd/ctopology_src/tests/build.xml
[readtestlist] Found 15 test classes in testlist '/ies/iesd_data3_nb/iesdwa/qualitygates/wa/2021.1_ADP1_INT/code/iesd/chs_home/bld/testjobs.linux/job.590.txt'
    [junit] WARNING: An illegal reflective access operation has occurred
    [junit] WARNING: Illegal reflective access by sun.awt.peer.cacio.Reflection (file:/ies/iesd_data4_nb/qualitygates/iesd-21.1/2021.1_ADP1_INT/code/iesd/chs_home/bld/lib/cacio-shared.jar) to field java.awt.Component.peer
    [junit] WARNING: Please consider reporting this to the maintainers of sun.awt.peer.cacio.Reflection
    [junit] WARNING: Use --illegal-access=warn to enable warnings of further illegal reflective access operations
    [junit] WARNING: All illegal access operations will be denied in a future release
    [junit] Running chs.caplets.topo.compwiring.MulticoreRouterTest
    [junit] Tests run: 7, Failures: 0, Errors: 0, Skipped: 0, Time elapsed: 26.557 sec
    [junit] Running chs.caplets.topo.compwiring.NullStatusMessageConsumerTest
    [junit] Tests run: 2, Failures: 0, Errors: 0, Skipped: 0, Time elapsed: 0.531 sec
    [junit] Running chs.caplets.topo.compwiring.OptionConstraintGroupCombinerTest
    [junit] Tests run: 7, Failures: 0, Errors: 0, Skipped: 0, Time elapsed: 0.499 sec
    [junit] Running chs.caplets.topo.compwiring.OptionConstraintTest
    [junit] Tests run: 1, Failures: 0, Errors: 0, Skipped: 0, Time elapsed: 1.311 sec
    [junit] Running chs.caplets.topo.compwiring.OptionExpressionDetectorTest
    [junit] Tests run: 1, Failures: 0, Errors: 0, Skipped: 0, Time elapsed: 9.731 sec
    [junit] WARNING: An illegal reflective access operation has occurred
    [junit] WARNING: Illegal reflective access by sun.awt.peer.cacio.Reflection (file:/ies/iesd_data4_nb/qualitygates/iesd-21.1/2021.1_ADP1_INT/code/iesd/chs_home/bld/lib/cacio-shared.jar) to field java.awt.Component.peer
    [junit] WARNING: Please consider reporting this to the maintainers of sun.awt.peer.cacio.Reflection
    [junit] WARNING: Use --illegal-access=warn to enable warnings of further illegal reflective access operations
    [junit] WARNING: All illegal access operations will be denied in a future release
    [junit] Running chs.caplets.topo.compwiring.OptionPromoterFromWiringTest
    [junit] Tests run: 4, Failures: 0, Errors: 0, Skipped: 0, Time elapsed: 14.443 sec
    [junit] WARNING: An illegal reflective access operation has occurred
    [junit] WARNING: Illegal reflective access by sun.awt.peer.cacio.Reflection (file:/ies/iesd_data4_nb/qualitygates/iesd-21.1/2021.1_ADP1_INT/code/iesd/chs_home/bld/lib/cacio-shared.jar) to field java.awt.Component.peer
    [junit] WARNING: Please consider reporting this to the maintainers of sun.awt.peer.cacio.Reflection
    [junit] WARNING: Use --illegal-access=warn to enable warnings of further illegal reflective access operations
    [junit] WARNING: All illegal access operations will be denied in a future release
    [junit] Running chs.caplets.topo.compwiring.OptionPromoterTest
    [junit] Tests run: 5, Failures: 0, Errors: 0, Skipped: 0, Time elapsed: 11.85 sec
    [junit] WARNING: An illegal reflective access operation has occurred
    [junit] WARNING: Illegal reflective access by sun.awt.peer.cacio.Reflection (file:/ies/iesd_data4_nb/qualitygates/iesd-21.1/2021.1_ADP1_INT/code/iesd/chs_home/bld/lib/cacio-shared.jar) to field java.awt.Component.peer
    [junit] WARNING: Please consider reporting this to the maintainers of sun.awt.peer.cacio.Reflection
    [junit] WARNING: Use --illegal-access=warn to enable warnings of further illegal reflective access operations
    [junit] WARNING: All illegal access operations will be denied in a future release
    [junit] Running chs.caplets.topo.compwiring.ProductPlanImporterTest
    [junit] Tests run: 2, Failures: 0, Errors: 0, Skipped: 0, Time elapsed: 7.175 sec
    [junit] WARNING: An illegal reflective access operation has occurred
    [junit] WARNING: Illegal reflective access by sun.awt.peer.cacio.Reflection (file:/ies/iesd_data4_nb/qualitygates/iesd-21.1/2021.1_ADP1_INT/code/iesd/chs_home/bld/lib/cacio-shared.jar) to field java.awt.Component.peer
    [junit] WARNING: Please consider reporting this to the maintainers of sun.awt.peer.cacio.Reflection
    [junit] WARNING: Use --illegal-access=warn to enable warnings of further illegal reflective access operations
    [junit] WARNING: All illegal access operations will be denied in a future release
    [junit] Running chs.caplets.topo.compwiring.RouteAllRegressionTest
    [junit] Tests run: 2, Failures: 0, Errors: 0, Skipped: 0, Time elapsed: 19.763 sec
    [junit] WARNING: An illegal reflective access operation has occurred
    [junit] WARNING: Illegal reflective access by sun.awt.peer.cacio.Reflection (file:/ies/iesd_data4_nb/qualitygates/iesd-21.1/2021.1_ADP1_INT/code/iesd/chs_home/bld/lib/cacio-shared.jar) to field java.awt.Component.peer
    [junit] WARNING: Please consider reporting this to the maintainers of sun.awt.peer.cacio.Reflection
    [junit] WARNING: Use --illegal-access=warn to enable warnings of further illegal reflective access operations
    [junit] WARNING: All illegal access operations will be denied in a future release
    [junit] Running chs.caplets.topo.compwiring.RouteSelectedRegressionTest
    [junit] Tests run: 5, Failures: 0, Errors: 0, Skipped: 0, Time elapsed: 15.931 sec
    [junit] WARNING: An illegal reflective access operation has occurred
    [junit] WARNING: Illegal reflective access by sun.awt.peer.cacio.Reflection (file:/ies/iesd_data4_nb/qualitygates/iesd-21.1/2021.1_ADP1_INT/code/iesd/chs_home/bld/lib/cacio-shared.jar) to field java.awt.Component.peer
    [junit] WARNING: Please consider reporting this to the maintainers of sun.awt.peer.cacio.Reflection
    [junit] WARNING: Use --illegal-access=warn to enable warnings of further illegal reflective access operations
    [junit] WARNING: All illegal access operations will be denied in a future release
    [junit] Running chs.caplets.topo.compwiring.SpliceHarnessLevelTest
    [junit] Tests run: 1, Failures: 0, Errors: 0, Skipped: 0, Time elapsed: 7.032 sec
    [junit] WARNING: An illegal reflective access operation has occurred
    [junit] WARNING: Illegal reflective access by sun.awt.peer.cacio.Reflection (file:/ies/iesd_data4_nb/qualitygates/iesd-21.1/2021.1_ADP1_INT/code/iesd/chs_home/bld/lib/cacio-shared.jar) to field java.awt.Component.peer
    [junit] WARNING: Please consider reporting this to the maintainers of sun.awt.peer.cacio.Reflection
    [junit] WARNING: Use --illegal-access=warn to enable warnings of further illegal reflective access operations
    [junit] WARNING: All illegal access operations will be denied in a future release
    [junit] Running chs.caplets.topo.compwiring.SynthGroundMasterSignalsTest
    [junit] #
    [junit] # A fatal error has been detected by the Java Runtime Environment:
    [junit] #
    [junit] #  SIGSEGV (0xb) at pc=0x00002b2b7ce27810, pid=1419, tid=1423
    [junit] #
    [junit] # JRE version: OpenJDK Runtime Environment (11.0.4+11) (build 11.0.4-ojdkbuild+11)
    [junit] # Java VM: OpenJDK 64-Bit Server VM (11.0.4-ojdkbuild+11, mixed mode, tiered, compressed oops, g1 gc, linux-amd64)
    [junit] # Problematic frame:
    [junit] # J 13307 c2 chs.utility.topology.activechecker.ActiveLevelChecker.isExpressionActiveForLevel(Lchs/common/IExpression;Lchs/cof/topology/shared/IVehicleModel;Lchs/cof/harness/shared/IHarnessLevel;)Z (212 bytes) @ 0x00002b2b7ce27810 [0x00002b2b7ce26d40+0x0000000000000ad0]
    [junit] #
    [junit] # Core dump will be written. Default location: /ies/iesd_data4_nb/qualitygates/iesd-21.1/2021.1_ADP1_INT/code/iesd/core.1419
    [junit] #
    [junit] # An error report file with more information is saved as:
    [junit] # /ies/iesd_data4_nb/qualitygates/iesd-21.1/2021.1_ADP1_INT/code/iesd/hs_err_pid1419.log
    [junit] Could not load hsdis-amd64.so; library not loadable; PrintAssembly is disabled
    [junit] #
    [junit] # If you would like to submit a bug report, please visit:
    [junit] #   http://bugreport.java.com/bugreport/crash.jsp
    [junit] #
    [junit] Running chs.caplets.topo.compwiring.SynthGroundMasterSignalsTest
    [junit] Tests run: 1, Failures: 0, Errors: 1, Skipped: 0, Time elapsed: 0 sec
    [junit] Test chs.caplets.topo.compwiring.SynthGroundMasterSignalsTest FAILED (crashed)
    [junit] WARNING: An illegal reflective access operation has occurred
    [junit] WARNING: Illegal reflective access by sun.awt.peer.cacio.Reflection (file:/ies/iesd_data4_nb/qualitygates/iesd-21.1/2021.1_ADP1_INT/code/iesd/chs_home/bld/lib/cacio-shared.jar) to field java.awt.Component.peer
    [junit] WARNING: Please consider reporting this to the maintainers of sun.awt.peer.cacio.Reflection
    [junit] WARNING: Use --illegal-access=warn to enable warnings of further illegal reflective access operations
    [junit] WARNING: All illegal access operations will be denied in a future release
    [junit] Running chs.caplets.topo.compwiring.SynthInternalSpliceTest
    [junit] Tests run: 2, Failures: 0, Errors: 0, Skipped: 0, Time elapsed: 15.13 sec
    [junit] WARNING: An illegal reflective access operation has occurred
    [junit] WARNING: Illegal reflective access by sun.awt.peer.cacio.Reflection (file:/ies/iesd_data4_nb/qualitygates/iesd-21.1/2021.1_ADP1_INT/code/iesd/chs_home/bld/lib/cacio-shared.jar) to field java.awt.Component.peer
    [junit] WARNING: Please consider reporting this to the maintainers of sun.awt.peer.cacio.Reflection
    [junit] WARNING: Use --illegal-access=warn to enable warnings of further illegal reflective access operations
    [junit] WARNING: All illegal access operations will be denied in a future release
    [junit] Running chs.caplets.topo.compwiring.SynthJumperTest
    [junit] Tests run: 7, Failures: 0, Errors: 0, Skipped: 0, Time elapsed: 32.945 sec
    [junit] WARNING: An illegal reflective access operation has occurred
    [junit] WARNING: Illegal reflective access by sun.awt.peer.cacio.Reflection (file:/ies/iesd_data4_nb/qualitygates/iesd-21.1/2021.1_ADP1_INT/code/iesd/chs_home/bld/lib/cacio-shared.jar) to field java.awt.Component.peer
    [junit] WARNING: Please consider reporting this to the maintainers of sun.awt.peer.cacio.Reflection
    [junit] WARNING: Use --illegal-access=warn to enable warnings of further illegal reflective access operations
    [junit] WARNING: All illegal access operations will be denied in a future release
    [junit] Running chs.caplets.topo.compwiring.SynthMCTakeoutTest
    [junit] Tests run: 9, Failures: 0, Errors: 0, Skipped: 0, Time elapsed: 25.44 sec

BUILD SUCCESSFUL
Total time: 6 minutes 15 seconds
-- Wed May  5 00:37:45 2021: ant  -Dbuild_vco=aol -Dbuild_env=linux -propertyfile /ies/iesd_data3_nb/iesdwa/qualitygates/wa/2021.1_ADP1_INT/code/iesd/build.properties -Dchs.build.skiptestexports=true -Dcapital.testlist.path=/ies/iesd_data3_nb/iesdwa/qualitygates/wa/2021.1_ADP1_INT/code/iesd/chs_home/bld/testjobs.linux/job.590.txt runtestsonlyqg -f /ies/iesd_data3_nb/iesdwa/qualitygates/wa/2021.1_ADP1_INT/code/iesd/ctopology_src/tests/build.xml DONE in 377075ms
-- Wed May  5 00:37:45 2021: TestListExecutor /ies/iesd_data3_nb/iesdwa/qualitygates/wa/2021.1_ADP1_INT/code/iesd/chs_home/bld/testjobs.linux/job.590.txt DONE in 377137ms
-- Wed May  5 00:37:45 2021: /ies/iesd_data11/iesdgridhome/scripts/prod/BuildScripts/bin/rununittest.pl DONE - exit code : 0
