
/var/spool/sge/ies/ies-grid-it-50/job_scripts/227599242 -stream 2021.1_ADP1_INT -projHome /ies/iesd_data3_nb/iesdwa/qualitygates/wa/2021.1_ADP1_INT/code/iesd -buildFile /ies/iesd_data3_nb/iesdwa/qualitygates/wa/2021.1_ADP1_INT/code/iesd/clogic_src/tests/build.xml -testlist /ies/iesd_data3_nb/iesdwa/qualitygates/wa/2021.1_ADP1_INT/code/iesd/chs_home/bld/testjobs.linux/job.527.txt

ARC=lx-amd64
_=/bin/env
CVS_RSH=ssh
DISPLAY=lnx-ies-bld-06.ies.mentorg.com:3
ENVIRONMENT=BATCH
GRID_SCRIPT_TO_EXECUTE=/ies/iesd_data11/iesdgridhome/scripts/prod/BuildScripts/bin/rununittest.pl
HISTCONTROL=ignoredups
HISTSIZE=1000
HOME=/home/iesdgrid
HOSTNAME=ies-grid-it-50
IESD_GRIDDATA=/ies/iesd_data11/iesdgridhome/data
IESD_SCRIPTS=/ies/iesd_data11/iesdgridhome/scripts/prod
JOB_ID=227599242
JOB_NAME=gridrunner.sh
JOB_SCRIPT=/var/spool/sge/ies/ies-grid-it-50/job_scripts/227599242
KDEDIRS=/usr
LANG=en_US.UTF-8
LESSOPEN=||/usr/bin/lesspipe.sh %s
LOGNAME=iesdgrid
MAIL=/var/spool/mail/iesdgrid
MANPATH=:/opt/puppetlabs/puppet/share/man
NHOSTS=1
NQUEUES=1
NSLOTS=1
PATH=/usr/lib64/qt-3.3/bin:/home/iesdgrid/perl5/bin:/var/spool/sge/ies/tmp/227599242.1.all.q:/usr/local/bin:/bin:/usr/bin:/usr/local/sbin:/usr/sbin:/opt/puppetlabs/bin:/home/iesdgrid/opt/intellij/idea-IC-162.2228.15/bin
PERL5LIB=/home/iesdgrid/perl5/lib/perl5:
PERL_LOCAL_LIB_ROOT=:/home/iesdgrid/perl5
PERL_MB_OPT=--install_base /home/iesdgrid/perl5
PERL_MM_OPT=INSTALL_BASE=/home/iesdgrid/perl5
PWD=/home/iesdgrid
QTDIR=/usr/lib64/qt-3.3
QT_GRAPHICSSYSTEM_CHECKED=1
QTINC=/usr/lib64/qt-3.3/include
QTLIB=/usr/lib64/qt-3.3/lib
QT_PLUGIN_PATH=/usr/lib64/kde4/plugins:/usr/lib/kde4/plugins
QUEUE=all.q
REQNAME=gridrunner.sh
REQUEST=gridrunner.sh
RESTARTED=0
SGE_ACCOUNT=sge
SGE_ARCH=lx-amd64
SGE_BINARY_PATH=/ies/grid/uge86/bin/lx-amd64
SGE_CELL=default
SGE_CWD_PATH=/home/iesdgrid
SGE_EXECD_PORT=6471
SGE_HGR_memory=5.588G
SGE_JOB_SPOOL_DIR=/var/spool/sge/ies/ies-grid-it-50/active_jobs/227599242.1
SGE_O_HOME=/home/iesdgrid
SGE_O_HOST=ies-iesd-grd002
SGE_O_LOGNAME=iesdgrid
SGE_O_MAIL=/var/mail/iesdgrid
SGE_O_PATH=/ies/iesd_data11/iesdgridhome/tools/appsroot/aol/java/jdk-11.0.4/bin:/ies/iesd_data3_nb/iesdwa/qualitygates/wa/2021.1_ADP1_INT/code/iesd/chs_home/bld/bin:/ies/iesd_data3_nb/iesdwa/qualitygates/wa/2021.1_ADP1_INT/code/iesd/chs_home/bin:/ies/iesd_data3_nb/iesdwa/qualitygates/wa/2021.1_ADP1_INT/code/iesd/chs_home/lib:/ies/iesd_data3_nb/iesdwa/qualitygates/wa/2021.1_ADP1_INT/code/iesd/chs_home/bld/lib:/usr/atria/bin:/ies/grid/uge86/mgc:/ies/grid/uge86/bin/lx-amd64:/usr/local/bin:/usr/bin
SGE_O_SHELL=/bin/ksh
SGE_O_WORKDIR=/tmp/slave/ci01/workspace/SubmitQualityGatesGit
SGE_QMASTER_PORT=6470
SGE_RERUN_JOB=1
SGE_RERUN_REQUESTED=1
SGE_ROOT=/ies/grid/uge86
SGE_STDERR_PATH=/ies/iesd_data3_nb/iesdwa/qualitygates/wa/2021.1_ADP1_INT/junit_test_result/logs/linux/job.527.log
SGE_STDIN_PATH=/dev/null
SGE_STDOUT_PATH=/ies/iesd_data3_nb/iesdwa/qualitygates/wa/2021.1_ADP1_INT/junit_test_result/logs/linux/job.527.log
SGE_TASK_FIRST=undefined
SGE_TASK_ID=undefined
SGE_TASK_LAST=undefined
SGE_TASK_STEPSIZE=undefined
SHELL=/bin/sh
SHLVL=1
SSH_ASKPASS=/usr/libexec/openssh/gnome-ssh-askpass
TMPDIR=/var/spool/sge/ies/tmp/227599242.1.all.q
TMP=/var/spool/sge/ies/tmp/227599242.1.all.q
TZ=UTC
USER=iesdgrid
XDG_DATA_DIRS=/home/iesdgrid/.local/share/flatpak/exports/share:/var/lib/flatpak/exports/share:/usr/local/share:/usr/share
+ export MGC_VCO=aol
+ MGC_VCO=aol
+ export LD_LIBRARY_PATH=/ies/iesd_data11/iesdgridhome/scripts/prod/Modules/aol:
+ LD_LIBRARY_PATH=/ies/iesd_data11/iesdgridhome/scripts/prod/Modules/aol:
+ export PATH=/bin:/usr/lib64/qt-3.3/bin:/home/iesdgrid/perl5/bin:/var/spool/sge/ies/tmp/227599242.1.all.q:/usr/local/bin:/bin:/usr/bin:/usr/local/sbin:/usr/sbin:/opt/puppetlabs/bin:/home/iesdgrid/opt/intellij/idea-IC-162.2228.15/bin
+ PATH=/bin:/usr/lib64/qt-3.3/bin:/home/iesdgrid/perl5/bin:/var/spool/sge/ies/tmp/227599242.1.all.q:/usr/local/bin:/bin:/usr/bin:/usr/local/sbin:/usr/sbin:/opt/puppetlabs/bin:/home/iesdgrid/opt/intellij/idea-IC-162.2228.15/bin
+ '[' -x /ies/grid/uge86/default/common/settings.sh ']'
+ echo 'Calling perl /ies/iesd_data11/iesdgridhome/scripts/prod/BuildScripts/bin/rununittest.pl -stream' 2021.1_ADP1_INT -projHome /ies/iesd_data3_nb/iesdwa/qualitygates/wa/2021.1_ADP1_INT/code/iesd -buildFile /ies/iesd_data3_nb/iesdwa/qualitygates/wa/2021.1_ADP1_INT/code/iesd/clogic_src/tests/build.xml -testlist '/ies/iesd_data3_nb/iesdwa/qualitygates/wa/2021.1_ADP1_INT/code/iesd/chs_home/bld/testjobs.linux/job.527.txt '
Calling perl /ies/iesd_data11/iesdgridhome/scripts/prod/BuildScripts/bin/rununittest.pl -stream 2021.1_ADP1_INT -projHome /ies/iesd_data3_nb/iesdwa/qualitygates/wa/2021.1_ADP1_INT/code/iesd -buildFile /ies/iesd_data3_nb/iesdwa/qualitygates/wa/2021.1_ADP1_INT/code/iesd/clogic_src/tests/build.xml -testlist /ies/iesd_data3_nb/iesdwa/qualitygates/wa/2021.1_ADP1_INT/code/iesd/chs_home/bld/testjobs.linux/job.527.txt 
+ echo 'Fail if file not found '
Fail if file not found 
+ perl /ies/iesd_data11/iesdgridhome/scripts/prod/BuildScripts/bin/rununittest.pl -stream 2021.1_ADP1_INT -projHome /ies/iesd_data3_nb/iesdwa/qualitygates/wa/2021.1_ADP1_INT/code/iesd -buildFile /ies/iesd_data3_nb/iesdwa/qualitygates/wa/2021.1_ADP1_INT/code/iesd/clogic_src/tests/build.xml -testlist /ies/iesd_data3_nb/iesdwa/qualitygates/wa/2021.1_ADP1_INT/code/iesd/chs_home/bld/testjobs.linux/job.527.txt
-- Wed May  5 00:30:12 2021: /ies/iesd_data11/iesdgridhome/scripts/prod/BuildScripts/bin/rununittest.pl -stream 2021.1_ADP1_INT -projHome /ies/iesd_data3_nb/iesdwa/qualitygates/wa/2021.1_ADP1_INT/code/iesd -buildFile /ies/iesd_data3_nb/iesdwa/qualitygates/wa/2021.1_ADP1_INT/code/iesd/clogic_src/tests/build.xml -testlist /ies/iesd_data3_nb/iesdwa/qualitygates/wa/2021.1_ADP1_INT/code/iesd/chs_home/bld/testjobs.linux/job.527.txt
-- Wed May  5 00:30:12 2021: Checking for branch configuration attributes file: '/ies/iesd_data11/iesdgridhome/BranchDataRoot/2021.1_ADP1_INT/attributes.ini'
-- Wed May  5 00:30:12 2021: Found /ies/iesd_data3_nb/iesdwa/qualitygates/wa/2021.1_ADP1_INT/code/iesd/infrastructure_src/src/infra_features.ini. Reading the config with least precedence.
-- Wed May  5 00:30:12 2021: TestListExecutor /ies/iesd_data3_nb/iesdwa/qualitygates/wa/2021.1_ADP1_INT/code/iesd/chs_home/bld/testjobs.linux/job.527.txt STARTED
-- Wed May  5 00:30:12 2021: PROJ_HOME=/ies/iesd_data3_nb/iesdwa/qualitygates/wa/2021.1_ADP1_INT/code/iesd
-- Wed May  5 00:30:12 2021: BUILD_HOME=/ies/iesd_data3_nb/iesdwa/qualitygates/wa/2021.1_ADP1_INT/code/iesd
-- Wed May  5 00:30:12 2021: CHS_HOME=/ies/iesd_data3_nb/iesdwa/qualitygates/wa/2021.1_ADP1_INT/code/iesd/chs_home
-- Wed May  5 00:30:12 2021: JAVA_HOME=/ies/iesd_data11/iesdgridhome/tools/appsroot/aol/java/jdk-11.0.4
-- Wed May  5 00:30:12 2021: ANT_HOME=/ies/iesd_data3_nb/iesdwa/qualitygates/wa/2021.1_ADP1_INT/code/iesd/chs_home/bld
-- Wed May  5 00:30:12 2021: PATH=/ies/iesd_data3_nb/iesdwa/qualitygates/wa/2021.1_ADP1_INT/code/iesd/chs_home/bin:/bin:/usr/lib64/qt-3.3/bin:/home/iesdgrid/perl5/bin:/var/spool/sge/ies/tmp/227599242.1.all.q:/usr/local/bin:/bin:/usr/bin:/usr/local/sbin:/usr/sbin:/opt/puppetlabs/bin:/home/iesdgrid/opt/intellij/idea-IC-162.2228.15/bin
-- Wed May  5 00:30:12 2021: PATH=/ies/iesd_data3_nb/iesdwa/qualitygates/wa/2021.1_ADP1_INT/code/iesd/chs_home/bld/bin:/ies/iesd_data3_nb/iesdwa/qualitygates/wa/2021.1_ADP1_INT/code/iesd/chs_home/bin:/bin:/usr/lib64/qt-3.3/bin:/home/iesdgrid/perl5/bin:/var/spool/sge/ies/tmp/227599242.1.all.q:/usr/local/bin:/bin:/usr/bin:/usr/local/sbin:/usr/sbin:/opt/puppetlabs/bin:/home/iesdgrid/opt/intellij/idea-IC-162.2228.15/bin
-- Wed May  5 00:30:12 2021: PATH=/ies/iesd_data11/iesdgridhome/tools/appsroot/aol/java/jdk-11.0.4/bin:/ies/iesd_data3_nb/iesdwa/qualitygates/wa/2021.1_ADP1_INT/code/iesd/chs_home/bld/bin:/ies/iesd_data3_nb/iesdwa/qualitygates/wa/2021.1_ADP1_INT/code/iesd/chs_home/bin:/bin:/usr/lib64/qt-3.3/bin:/home/iesdgrid/perl5/bin:/var/spool/sge/ies/tmp/227599242.1.all.q:/usr/local/bin:/bin:/usr/bin:/usr/local/sbin:/usr/sbin:/opt/puppetlabs/bin:/home/iesdgrid/opt/intellij/idea-IC-162.2228.15/bin
-- Wed May  5 00:30:12 2021: ANT_OPTS=-Xmx2G -Dfile.encoding=iso-8859-1
-- Wed May  5 00:30:12 2021: ant  -Dbuild_vco=aol -Dbuild_env=linux -propertyfile /ies/iesd_data3_nb/iesdwa/qualitygates/wa/2021.1_ADP1_INT/code/iesd/build.properties -Dchs.build.skiptestexports=true -Dcapital.testlist.path=/ies/iesd_data3_nb/iesdwa/qualitygates/wa/2021.1_ADP1_INT/code/iesd/chs_home/bld/testjobs.linux/job.527.txt runtestsonlyqg -f /ies/iesd_data3_nb/iesdwa/qualitygates/wa/2021.1_ADP1_INT/code/iesd/clogic_src/tests/build.xml STARTED
-- Wed May  5 00:30:12 2021: /ies/iesd_data3_nb/iesdwa/qualitygates/wa/2021.1_ADP1_INT/code/iesd/chs_home/bld/bin/ant  -Dbuild_vco=aol -Dbuild_env=linux -propertyfile /ies/iesd_data3_nb/iesdwa/qualitygates/wa/2021.1_ADP1_INT/code/iesd/build.properties -Dchs.build.skiptestexports=true -Dcapital.testlist.path=/ies/iesd_data3_nb/iesdwa/qualitygates/wa/2021.1_ADP1_INT/code/iesd/chs_home/bld/testjobs.linux/job.527.txt runtestsonlyqg -f /ies/iesd_data3_nb/iesdwa/qualitygates/wa/2021.1_ADP1_INT/code/iesd/clogic_src/tests/build.xml
Buildfile: /ies/iesd_data3_nb/iesdwa/qualitygates/wa/2021.1_ADP1_INT/code/iesd/clogic_src/tests/build.xml
Trying to override old definition of task jar
   [script] Warning: Nashorn engine is planned to be removed from a future JDK release

initJaCoCoExecFilePerJob:
     [echo] jacoco.execfileprefix = linux.job.527

-os-init-linux:
     [echo] Reset to include attachlistener
[propertyreset] Warning: Nashorn engine is planned to be removed from a future JDK release
[propertyreset] Warning: Nashorn engine is planned to be removed from a future JDK release
[propertyreset] Warning: Nashorn engine is planned to be removed from a future JDK release
[propertyreset] Warning: Nashorn engine is planned to be removed from a future JDK release
[propertyreset] Warning: Nashorn engine is planned to be removed from a future JDK release
     [echo] capital.skiplookandfeel=true 

extendedtestsinit:
[propertyreset] Warning: Nashorn engine is planned to be removed from a future JDK release
     [echo] Test results directory, /ies/iesd_data3_nb/iesdwa/qualitygates/wa/2021.1_ADP1_INT/code/iesd/chs_home/bld/testresults/logic exists.

instrument:

runtestsonlyqg:
     [echo] Running runtestsonly from TestTargets - called from Capital Logic Tests /ies/iesd_data3_nb/iesdwa/qualitygates/wa/2021.1_ADP1_INT/code/iesd/clogic_src/tests/build.xml
[readtestlist] Found 15 test classes in testlist '/ies/iesd_data3_nb/iesdwa/qualitygates/wa/2021.1_ADP1_INT/code/iesd/chs_home/bld/testjobs.linux/job.527.txt'
    [junit] Running chs.ctf.caf.utils.FreezeHelperTest
    [junit] Tests run: 3, Failures: 0, Errors: 0, Skipped: 0, Time elapsed: 1.276 sec
    [junit] Running chs.ctf.caf.utils.FreezeSharedObjectsDialogForReleaseLevelTest
    [junit] Tests run: 2, Failures: 0, Errors: 0, Skipped: 0, Time elapsed: 6.074 sec
    [junit] WARNING: An illegal reflective access operation has occurred
    [junit] WARNING: Illegal reflective access by sun.awt.peer.cacio.Reflection (file:/ies/iesd_data4_nb/qualitygates/iesd-21.1/2021.1_ADP1_INT/code/iesd/chs_home/bld/lib/cacio-shared.jar) to field java.awt.Component.peer
    [junit] WARNING: Please consider reporting this to the maintainers of sun.awt.peer.cacio.Reflection
    [junit] WARNING: Use --illegal-access=warn to enable warnings of further illegal reflective access operations
    [junit] WARNING: All illegal access operations will be denied in a future release
    [junit] Running chs.ctf.caf.utils.LibraryDevicePinMapProviderTest
    [junit] Tests run: 7, Failures: 0, Errors: 0, Skipped: 0, Time elapsed: 2.149 sec
    [junit] WARNING: An illegal reflective access operation has occurred
    [junit] WARNING: Illegal reflective access by sun.awt.peer.cacio.Reflection (file:/ies/iesd_data4_nb/qualitygates/iesd-21.1/2021.1_ADP1_INT/code/iesd/chs_home/bld/lib/cacio-shared.jar) to field java.awt.Component.peer
    [junit] WARNING: Please consider reporting this to the maintainers of sun.awt.peer.cacio.Reflection
    [junit] WARNING: Use --illegal-access=warn to enable warnings of further illegal reflective access operations
    [junit] WARNING: All illegal access operations will be denied in a future release
    [junit] Running chs.ctf.caf.utils.LogicConnUIPropPinMappingTest
    [junit] Tests run: 25, Failures: 0, Errors: 0, Skipped: 0, Time elapsed: 11.908 sec
    [junit] WARNING: An illegal reflective access operation has occurred
    [junit] WARNING: Illegal reflective access by sun.awt.peer.cacio.Reflection (file:/ies/iesd_data4_nb/qualitygates/iesd-21.1/2021.1_ADP1_INT/code/iesd/chs_home/bld/lib/cacio-shared.jar) to field java.awt.Component.peer
    [junit] WARNING: Please consider reporting this to the maintainers of sun.awt.peer.cacio.Reflection
    [junit] WARNING: Use --illegal-access=warn to enable warnings of further illegal reflective access operations
    [junit] WARNING: All illegal access operations will be denied in a future release
    [junit] Running chs.ctf.caf.utils.LogicSharedConnUIPropertyPinMappingTest
    [junit] Tests run: 29, Failures: 0, Errors: 0, Skipped: 0, Time elapsed: 17.026 sec
    [junit] WARNING: An illegal reflective access operation has occurred
    [junit] WARNING: Illegal reflective access by sun.awt.peer.cacio.Reflection (file:/ies/iesd_data4_nb/qualitygates/iesd-21.1/2021.1_ADP1_INT/code/iesd/chs_home/bld/lib/cacio-shared.jar) to field java.awt.Component.peer
    [junit] WARNING: Please consider reporting this to the maintainers of sun.awt.peer.cacio.Reflection
    [junit] WARNING: Use --illegal-access=warn to enable warnings of further illegal reflective access operations
    [junit] WARNING: All illegal access operations will be denied in a future release
    [junit] Running chs.ctf.caf.utils.MulticoreWrapperTest
    [junit] Tests run: 1, Failures: 0, Errors: 0, Skipped: 0, Time elapsed: 1.142 sec
    [junit] Running chs.ctf.ui.engineeringchangeorder.drc.ProjectIssuesSupplierTest
    [junit] Tests run: 2, Failures: 0, Errors: 0, Skipped: 0, Time elapsed: 6.379 sec
    [junit] WARNING: An illegal reflective access operation has occurred
    [junit] WARNING: Illegal reflective access by sun.awt.peer.cacio.Reflection (file:/ies/iesd_data4_nb/qualitygates/iesd-21.1/2021.1_ADP1_INT/code/iesd/chs_home/bld/lib/cacio-shared.jar) to field java.awt.Component.peer
    [junit] WARNING: Please consider reporting this to the maintainers of sun.awt.peer.cacio.Reflection
    [junit] WARNING: Use --illegal-access=warn to enable warnings of further illegal reflective access operations
    [junit] WARNING: All illegal access operations will be denied in a future release
    [junit] Running chs.ctf.ui.form.SymbolSelectionPanelTest
    [junit] Tests run: 5, Failures: 0, Errors: 0, Skipped: 0, Time elapsed: 0.627 sec
    [junit] Running chs.ctf.ui.form.preferences.ConductorPreferenceBeanTest
    [junit] Tests run: 5, Failures: 0, Errors: 0, Skipped: 0, Time elapsed: 9.014 sec
    [junit] Running chs.ctf.ui.form.preferences.LayoutDimensionPreferenceBeanTest
    [junit] Tests run: 3, Failures: 0, Errors: 0, Skipped: 0, Time elapsed: 2.283 sec
    [junit] Running chs.ctf.ui.form.preferences.LogicPreferenceBeanTest
    [junit] Tests run: 5, Failures: 0, Errors: 0, Skipped: 0, Time elapsed: 9.431 sec
    [junit] Running chs.ctf.ui.form.preferences.MulticoreShortcutsPreferenceBeanTest
    [junit] Tests run: 6, Failures: 0, Errors: 0, Skipped: 0, Time elapsed: 8.208 sec
    [junit] Running chs.ctf.ui.form.preferences.OverbraidShortcutPreferenceBeanTest
    [junit] Tests run: 4, Failures: 0, Errors: 0, Skipped: 0, Time elapsed: 8.857 sec
    [junit] WARNING: An illegal reflective access operation has occurred
    [junit] WARNING: Illegal reflective access by sun.awt.peer.cacio.Reflection (file:/ies/iesd_data4_nb/qualitygates/iesd-21.1/2021.1_ADP1_INT/code/iesd/chs_home/bld/lib/cacio-shared.jar) to field java.awt.Component.peer
    [junit] WARNING: Please consider reporting this to the maintainers of sun.awt.peer.cacio.Reflection
    [junit] WARNING: Use --illegal-access=warn to enable warnings of further illegal reflective access operations
    [junit] WARNING: All illegal access operations will be denied in a future release
    [junit] Running chs.ctf.ui.form.preferences.connectivityMatch.ConnectivityMatchBeanTest
    [junit] No protocol specified
    [junit] No protocol specified
    [junit] Running chs.ctf.ui.form.preferences.connectivityMatch.ConnectivityMatchBeanTest
    [junit] Tests run: 1, Failures: 0, Errors: 1, Skipped: 0, Time elapsed: 0 sec
    [junit] Test chs.ctf.ui.form.preferences.connectivityMatch.ConnectivityMatchBeanTest FAILED (timeout)
    [junit] WARNING: An illegal reflective access operation has occurred
    [junit] WARNING: Illegal reflective access by sun.awt.peer.cacio.Reflection (file:/ies/iesd_data4_nb/qualitygates/iesd-21.1/2021.1_ADP1_INT/code/iesd/chs_home/bld/lib/cacio-shared.jar) to field java.awt.Component.peer
    [junit] WARNING: Please consider reporting this to the maintainers of sun.awt.peer.cacio.Reflection
    [junit] WARNING: Use --illegal-access=warn to enable warnings of further illegal reflective access operations
    [junit] WARNING: All illegal access operations will be denied in a future release
    [junit] Running chs.ctf.ui.form.preferences.connectivityMatch.dialog.SelectAbstractionPanelTest
    [junit] Tests run: 3, Failures: 0, Errors: 0, Skipped: 0, Time elapsed: 1.964 sec

BUILD SUCCESSFUL
Total time: 22 minutes 44 seconds
-- Wed May  5 00:52:58 2021: ant  -Dbuild_vco=aol -Dbuild_env=linux -propertyfile /ies/iesd_data3_nb/iesdwa/qualitygates/wa/2021.1_ADP1_INT/code/iesd/build.properties -Dchs.build.skiptestexports=true -Dcapital.testlist.path=/ies/iesd_data3_nb/iesdwa/qualitygates/wa/2021.1_ADP1_INT/code/iesd/chs_home/bld/testjobs.linux/job.527.txt runtestsonlyqg -f /ies/iesd_data3_nb/iesdwa/qualitygates/wa/2021.1_ADP1_INT/code/iesd/clogic_src/tests/build.xml DONE in 1365554ms
-- Wed May  5 00:52:58 2021: TestListExecutor /ies/iesd_data3_nb/iesdwa/qualitygates/wa/2021.1_ADP1_INT/code/iesd/chs_home/bld/testjobs.linux/job.527.txt DONE in 1365575ms
-- Wed May  5 00:52:58 2021: /ies/iesd_data11/iesdgridhome/scripts/prod/BuildScripts/bin/rununittest.pl DONE - exit code : 0
