-- Tue Jun 22 17:31:18 2021: G:/iesdwa/qualitygates/wa/2021.1_ADP1_DEV_installer_porting/code/iesd/chs_home/bld/bin/ant -propertyfile G:/iesdwa/qualitygates/wa/2021.1_ADP1_DEV_installer_porting/code/iesd/build.windows.properties -Dsrc_file="C:/repos/iesd/chs_home.zip" -Dchecksum_file="G:/iesdwa/qualitygates/wa/2021.1_ADP1_DEV_installer_porting/code/iesd/chs_home.zip.MD5"  verify-checksum -f G:/iesdwa/qualitygates/wa/2021.1_ADP1_DEV_installer_porting/code/iesd/infrastructure_src/src/build.xml
Buildfile: G:\iesdwa\qualitygates\wa\2021.1_ADP1_DEV_installer_porting\code\iesd\infrastructure_src\src\build.xml
Trying to override old definition of task jar

verify-checksum:
     [echo] Generated checksum of source - c6f3c97868a1e3cfc329c6443a9f30e7
     [echo] Generated checksum of dest   - ed558ec7d76f2bf2011d9b5dcad363ed
     [echo] Checksum does not match? : true

BUILD FAILED
G:\iesdwa\qualitygates\wa\2021.1_ADP1_DEV_installer_porting\code\iesd\infrastructure_src\src\build.xml:1907: Checksum mismatch between C:/repos/iesd/chs_home.zip : ed558ec7d76f2bf2011d9b5dcad363ed and G:/iesdwa/qualitygates/wa/2021.1_ADP1_DEV_installer_porting/code/iesd/chs_home.zip.MD5 : c6f3c97868a1e3cfc329c6443a9f30e7

Total time: 32 seconds
-- Tue Jun 22 17:32:09 2021: G:/iesdwa/qualitygates/wa/2021.1_ADP1_DEV_installer_porting/code/iesd/chs_home/bld/bin/ant -propertyfile G:/iesdwa/qualitygates/wa/2021.1_ADP1_DEV_installer_porting/code/iesd/build.windows.properties -Dget-file-url="http://ies-iesd-qgweb.ies.mentorg.com:8080/qualitygates/wa/2021.1_ADP1_DEV_installer_porting/code/iesd/chs_home.zip" -Dget-file-dest="C:/repos/iesd/chs_home.zip" get-file -f G:/iesdwa/qualitygates/wa/2021.1_ADP1_DEV_installer_porting/code/iesd/infrastructure_src/src/build.xml
Buildfile: G:\iesdwa\qualitygates\wa\2021.1_ADP1_DEV_installer_porting\code\iesd\infrastructure_src\src\build.xml
Trying to override old definition of task jar

get-file:
      [get] Getting: http://ies-iesd-qgweb.ies.mentorg.com:8080/qualitygates/wa/2021.1_ADP1_DEV_installer_porting/code/iesd/chs_home.zip
      [get] To: C:\repos\iesd\chs_home.zip

BUILD SUCCESSFUL
Total time: 1 minute 25 seconds
-- Tue Jun 22 17:33:36 2021: G:/iesdwa/qualitygates/wa/2021.1_ADP1_DEV_installer_porting/code/iesd/chs_home/bld/bin/ant -propertyfile G:/iesdwa/qualitygates/wa/2021.1_ADP1_DEV_installer_porting/code/iesd/build.windows.properties -Dsrc_file="C:/repos/iesd/chs_home.zip" -Dchecksum_file="G:/iesdwa/qualitygates/wa/2021.1_ADP1_DEV_installer_porting/code/iesd/chs_home.zip.MD5"  verify-checksum -f G:/iesdwa/qualitygates/wa/2021.1_ADP1_DEV_installer_porting/code/iesd/infrastructure_src/src/build.xml
Buildfile: G:\iesdwa\qualitygates\wa\2021.1_ADP1_DEV_installer_porting\code\iesd\infrastructure_src\src\build.xml
Trying to override old definition of task jar

verify-checksum:
     [echo] Generated checksum of source - c6f3c97868a1e3cfc329c6443a9f30e7
     [echo] Generated checksum of dest   - c6f3c97868a1e3cfc329c6443a9f30e7
     [echo] Checksum does not match? : ${checksumDoesNotMatch}

BUILD SUCCESSFUL
Total time: 15 seconds
-- Tue Jun 22 17:33:52 2021: IESD::ChsHomeUtil::downloadAndExtractBuildZip - Deleting chs_home dir: C:/repos/iesd/chs_home.
-- Tue Jun 22 17:34:07 2021: Directory 'C:/repos/iesd/chs_home' deleted.
-- Tue Jun 22 17:34:07 2021: Total time: 14.613 seconds
-- Tue Jun 22 17:34:07 2021: 7z x C:/repos/iesd/chs_home.zip -y -oC:/repos/iesd/chs_home
-- Tue Jun 22 17:34:44 2021: Total time: 37.088 seconds
-- Tue Jun 22 17:34:44 2021: C:/repos/iesd/chs_home/bld/bin/ant -propertyfile G:/iesdwa/qualitygates/wa/2021.1_ADP1_DEV_installer_porting/code/iesd/build.windows.properties -Dchshome=C:/repos/iesd/chs_home -Dchs.home=C:/repos/iesd/chs_home -Dchsbuildtools_home=C:/repos/iesd/chs_home/bld -Dtest.results.base=G:/iesdwa/qualitygates/wa/2021.1_ADP1_DEV_installer_porting/code/iesd/chs_home/bld/testresults  -Dchs.build.skiptestexports=true -Dcapital.testlist.path=G:/iesdwa/qualitygates/wa/2021.1_ADP1_DEV_installer_porting/code/iesd/chs_home/bld/testjobs.windows/job.3.txt runtestsonlyqg -f G:/iesdwa/qualitygates/wa/2021.1_ADP1_DEV_installer_porting/code/iesd/datamodel_src/tests/build.xml
Buildfile: G:\iesdwa\qualitygates\wa\2021.1_ADP1_DEV_installer_porting\code\iesd\datamodel_src\tests\build.xml
Trying to override old definition of task jar
   [script] Warning: Nashorn engine is planned to be removed from a future JDK release

initJaCoCoExecFilePerJob:
     [echo] jacoco.execfileprefix = windows.job.3

-os-init-linux:

extendedtestsinit:
[propertyreset] Warning: Nashorn engine is planned to be removed from a future JDK release
     [echo] Test results directory, G:/iesdwa/qualitygates/wa/2021.1_ADP1_DEV_installer_porting/code/iesd/chs_home/bld/testresults/datamodel exists.

instrument:

runtestsonlyqg:
     [echo] Running runtestsonly from TestTargets - called from COF Tests G:\iesdwa\qualitygates\wa\2021.1_ADP1_DEV_installer_porting\code\iesd\datamodel_src\tests\build.xml
[readtestlist] Found 50 test classes in testlist 'G:\iesdwa\qualitygates\wa\2021.1_ADP1_DEV_installer_porting\code\iesd\chs_home\bld\testjobs.windows\job.3.txt'
    [junit] Running chs.cofUtils.ImportAndNewInsulationRenderTest
    [junit] WARNING: An illegal reflective access operation has occurred
    [junit] WARNING: Illegal reflective access by chs.junit.JUnitUtil (file:/C:/repos/iesd/chs_home/bld/testlib/capitaltestsinterfaces.jar) to field java.lang.ProcessEnvironment.theCaseInsensitiveEnvironment
    [junit] WARNING: Please consider reporting this to the maintainers of chs.junit.JUnitUtil
    [junit] WARNING: Use --illegal-access=warn to enable warnings of further illegal reflective access operations
    [junit] WARNING: All illegal access operations will be denied in a future release
    [junit] Tests run: 1, Failures: 0, Errors: 0, Skipped: 0, Time elapsed: 12.066 sec
    [junit] Running chs.cofUtils.ImportAndRenderAllBordersTest
    [junit] Tests run: 1, Failures: 0, Errors: 0, Skipped: 0, Time elapsed: 13.64 sec
    [junit] Running chs.cofUtils.ImportAndRenderTest
    [junit] WARNING: An illegal reflective access operation has occurred
    [junit] WARNING: Illegal reflective access by chs.utility.helpers.Java8CompatibleFontMetricsUtil (file:/C:/repos/iesd/chs_home/lib/capitalcofutils.jar) to field sun.font.FontDesignMetrics.ascent
    [junit] WARNING: Please consider reporting this to the maintainers of chs.utility.helpers.Java8CompatibleFontMetricsUtil
    [junit] WARNING: Use --illegal-access=warn to enable warnings of further illegal reflective access operations
    [junit] WARNING: All illegal access operations will be denied in a future release
    [junit] Tests run: 103, Failures: 0, Errors: 0, Skipped: 0, Time elapsed: 110.582 sec
    [junit] Running chs.cofUtils.IntegratorScrubberImportTest
    [junit] Tests run: 77, Failures: 0, Errors: 0, Skipped: 0, Time elapsed: 84.431 sec
    [junit] Running chs.cofUtils.PDFFontEncodingEnumTest
    [junit] WARNING: An illegal reflective access operation has occurred
    [junit] WARNING: Illegal reflective access by com.lowagie.text.pdf.MappedRandomAccessFile$1 (file:/C:/repos/iesd/chs_home/lib/itext.jar) to method java.nio.DirectByteBuffer.cleaner()
    [junit] WARNING: Please consider reporting this to the maintainers of com.lowagie.text.pdf.MappedRandomAccessFile$1
    [junit] WARNING: Use --illegal-access=warn to enable warnings of further illegal reflective access operations
    [junit] WARNING: All illegal access operations will be denied in a future release
    [junit] Tests run: 4, Failures: 0, Errors: 0, Skipped: 0, Time elapsed: 3.671 sec
    [junit] Running chs.cofUtils.PDFUtilsTest
    [junit] WARNING: An illegal reflective access operation has occurred
    [junit] WARNING: Illegal reflective access by com.lowagie.text.pdf.MappedRandomAccessFile$1 (file:/C:/repos/iesd/chs_home/lib/itext.jar) to method java.nio.DirectByteBuffer.cleaner()
    [junit] WARNING: Please consider reporting this to the maintainers of com.lowagie.text.pdf.MappedRandomAccessFile$1
    [junit] WARNING: Use --illegal-access=warn to enable warnings of further illegal reflective access operations
    [junit] WARNING: All illegal access operations will be denied in a future release
    [junit] Tests run: 11, Failures: 0, Errors: 0, Skipped: 0, Time elapsed: 1.672 sec
    [junit] Running chs.cofUtils.PrintRegionsToPDFTest
    [junit] WARNING: An illegal reflective access operation has occurred
    [junit] WARNING: Illegal reflective access by com.lowagie.text.pdf.MappedRandomAccessFile$1 (file:/C:/repos/iesd/chs_home/lib/itext.jar) to method java.nio.DirectByteBuffer.cleaner()
    [junit] WARNING: Please consider reporting this to the maintainers of com.lowagie.text.pdf.MappedRandomAccessFile$1
    [junit] WARNING: Use --illegal-access=warn to enable warnings of further illegal reflective access operations
    [junit] WARNING: All illegal access operations will be denied in a future release
    [junit] Tests run: 6, Failures: 0, Errors: 0, Skipped: 0, Time elapsed: 23.45 sec
    [junit] Running chs.cofUtils.PrintToPDFTest
    [junit] WARNING: An illegal reflective access operation has occurred
    [junit] WARNING: Illegal reflective access by com.lowagie.text.pdf.MappedRandomAccessFile$1 (file:/C:/repos/iesd/chs_home/lib/itext.jar) to method java.nio.DirectByteBuffer.cleaner()
    [junit] WARNING: Please consider reporting this to the maintainers of com.lowagie.text.pdf.MappedRandomAccessFile$1
    [junit] WARNING: Use --illegal-access=warn to enable warnings of further illegal reflective access operations
    [junit] WARNING: All illegal access operations will be denied in a future release
    [junit] Tests run: 10, Failures: 0, Errors: 0, Skipped: 0, Time elapsed: 21.746 sec
    [junit] Running chs.cofUtils.ProjectTemplateTest
    [junit] Tests run: 1, Failures: 0, Errors: 0, Skipped: 0, Time elapsed: 10.975 sec
    [junit] Running chs.cofUtils.SVGUtilsTest
    [junit] Tests run: 8, Failures: 0, Errors: 0, Skipped: 0, Time elapsed: 4.379 sec
    [junit] Running chs.cofUtils.SymbolLibImportAndRenderTest
    [junit] Tests run: 13, Failures: 0, Errors: 0, Skipped: 0, Time elapsed: 15.41 sec
    [junit] Running chs.cofUtils.ZOrderRenderTest
    [junit] Tests run: 11, Failures: 0, Errors: 0, Skipped: 0, Time elapsed: 16.329 sec
    [junit] Running chs.cofUtils.cgm.CGMCodeInternalsTest
    [junit] WARNING: An illegal reflective access operation has occurred
    [junit] WARNING: Illegal reflective access by chs.utility.cgm.write.unit.CGMTextUnit (file:/C:/repos/iesd/chs_home/lib/capitalcofutils.jar) to field java.awt.Font.values
    [junit] WARNING: Please consider reporting this to the maintainers of chs.utility.cgm.write.unit.CGMTextUnit
    [junit] WARNING: Use --illegal-access=warn to enable warnings of further illegal reflective access operations
    [junit] WARNING: All illegal access operations will be denied in a future release
    [junit] Tests run: 8, Failures: 0, Errors: 0, Skipped: 0, Time elapsed: 1.832 sec
    [junit] Running chs.cofUtils.exporter.ConfigurationExporterTest
    [junit] Tests run: 6, Failures: 0, Errors: 0, Skipped: 0, Time elapsed: 19.318 sec
    [junit] Running chs.cofUtils.exporter.sbom.workbooktemplate.WorkbookTemplatePersistenceTest
    [junit] Tests run: 2, Failures: 0, Errors: 0, Skipped: 0, Time elapsed: 17.729 sec
    [junit] Running chs.cofUtils.exporter.securitydata.UserAccountBasedFilterRefreshTest
    [junit] Tests run: 4, Failures: 0, Errors: 0, Skipped: 0, Time elapsed: 15.378 sec
    [junit] Running chs.cofUtils.hcv.HCVSVGGenerationComparisonTest
    [junit] WARNING: An illegal reflective access operation has occurred
    [junit] WARNING: Illegal reflective access by chs.utility.helpers.Java8CompatibleFontMetricsUtil (file:/C:/repos/iesd/chs_home/lib/capitalcofutils.jar) to field sun.font.FontDesignMetrics.ascent
    [junit] WARNING: Please consider reporting this to the maintainers of chs.utility.helpers.Java8CompatibleFontMetricsUtil
    [junit] WARNING: Use --illegal-access=warn to enable warnings of further illegal reflective access operations
    [junit] WARNING: All illegal access operations will be denied in a future release
    [junit] Tests run: 1, Failures: 0, Errors: 0, Skipped: 0, Time elapsed: 27.013 sec
    [junit] Running chs.cofUtils.importer.AbsoluteLineThicknessImportAndRenderTest
    [junit] Tests run: 2, Failures: 0, Errors: 0, Skipped: 0, Time elapsed: 52.682 sec
    [junit] Running chs.cofUtils.importer.SecurityUserAccountTagBuilderPasswordTest
    [junit] Tests run: 2, Failures: 0, Errors: 0, Skipped: 0, Time elapsed: 15.014 sec
    [junit] Running chs.cofUtils.importer.SharedConductorTagBuilderTest
    [junit] Tests run: 1, Failures: 0, Errors: 0, Skipped: 0, Time elapsed: 0.811 sec
    [junit] Running chs.cofUtils.importer.SymbolLibraryImportTest
    [junit] Tests run: 9, Failures: 0, Errors: 0, Skipped: 0, Time elapsed: 21.319 sec
    [junit] WARNING: An illegal reflective access operation has occurred
    [junit] WARNING: Illegal reflective access by org.uispec4j.UISpec4J (file:/C:/repos/iesd/chs_home/bld/lib/uispec4j.jar) to field java.awt.Toolkit.toolkit
    [junit] WARNING: Please consider reporting this to the maintainers of org.uispec4j.UISpec4J
    [junit] WARNING: Use --illegal-access=warn to enable warnings of further illegal reflective access operations
    [junit] WARNING: All illegal access operations will be denied in a future release
    [junit] Running chs.cofUtils.importer.symbolimporthelper.SymbolImportHelperTest
    [junit] Tests run: 25, Failures: 0, Errors: 0, Skipped: 0, Time elapsed: 8.694 sec
    [junit] Running chs.cog.COGGeneratedByteArraySupportTest
    [junit] Tests run: 1, Failures: 0, Errors: 0, Skipped: 0, Time elapsed: 1.977 sec
    [junit] Running chs.common.DesignContainerPermissionCollectorTest
    [junit] Tests run: 2, Failures: 0, Errors: 0, Skipped: 0, Time elapsed: 16.748 sec
    [junit] Running chs.common.GenericExportImportTest
    [junit] WARNING: An illegal reflective access operation has occurred
    [junit] WARNING: Illegal reflective access by chs.utility.helpers.Java8CompatibleFontMetricsUtil (file:/C:/repos/iesd/chs_home/lib/capitalcofutils.jar) to field sun.font.FontDesignMetrics.ascent
    [junit] WARNING: Please consider reporting this to the maintainers of chs.utility.helpers.Java8CompatibleFontMetricsUtil
    [junit] WARNING: Use --illegal-access=warn to enable warnings of further illegal reflective access operations
    [junit] WARNING: All illegal access operations will be denied in a future release
    [junit] Tests run: 5, Failures: 0, Errors: 0, Skipped: 0, Time elapsed: 21.32 sec
    [junit] Running chs.common.attr.AttributeTypeTest
    [junit] Tests run: 1, Failures: 0, Errors: 0, Skipped: 0, Time elapsed: 0.529 sec
    [junit] Running chs.common.attr.HarnessDesignAttributeValidatorTest
    [junit] Tests run: 1, Failures: 0, Errors: 0, Skipped: 0, Time elapsed: 1.819 sec
    [junit] Running chs.common.cache.TextLayoutCacheTest
    [junit] Tests run: 15, Failures: 0, Errors: 0, Skipped: 0, Time elapsed: 22.248 sec
    [junit] Running chs.common.criteria.BasicCriteriaTest
    [junit] Tests run: 35, Failures: 0, Errors: 0, Skipped: 0, Time elapsed: 4.043 sec
    [junit] Running chs.common.dump.ObjectDumperTest
    [junit] Tests run: 4, Failures: 0, Errors: 0, Skipped: 0, Time elapsed: 18.481 sec
    [junit] Running chs.common.query.MulticoresQueryUtilsTest
    [junit] Tests run: 2, Failures: 0, Errors: 0, Skipped: 0, Time elapsed: 23.184 sec
    [junit] Running chs.common.reporting.TeamcenterLogicComponentBOMTest
    [junit] WARNING: An illegal reflective access operation has occurred
    [junit] WARNING: Illegal reflective access by chs.utility.helpers.Java8CompatibleFontMetricsUtil (file:/C:/repos/iesd/chs_home/lib/capitalcofutils.jar) to field sun.font.FontDesignMetrics.ascent
    [junit] WARNING: Please consider reporting this to the maintainers of chs.utility.helpers.Java8CompatibleFontMetricsUtil
    [junit] WARNING: Use --illegal-access=warn to enable warnings of further illegal reflective access operations
    [junit] WARNING: All illegal access operations will be denied in a future release
    [junit] Tests run: 42, Failures: 36, Errors: 0, Skipped: 0, Time elapsed: 103.151 sec
    [junit] Test chs.common.reporting.TeamcenterLogicComponentBOMTest FAILED
    [junit] Running chs.common.reporting.embeddedReports.EmbeddedHarnessTubeBOMReportTest
    [junit] Tests run: 1, Failures: 0, Errors: 0, Skipped: 0, Time elapsed: 25.466 sec
    [junit] Running chs.common.reporting.embeddedReports.TeamcenterSOAHarnessComponentBOMTest
    [junit] WARNING: An illegal reflective access operation has occurred
    [junit] WARNING: Illegal reflective access by chs.utility.helpers.Java8CompatibleFontMetricsUtil (file:/C:/repos/iesd/chs_home/lib/capitalcofutils.jar) to field sun.font.FontDesignMetrics.ascent
    [junit] WARNING: Please consider reporting this to the maintainers of chs.utility.helpers.Java8CompatibleFontMetricsUtil
    [junit] WARNING: Use --illegal-access=warn to enable warnings of further illegal reflective access operations
    [junit] WARNING: All illegal access operations will be denied in a future release
    [junit] Tests run: 1, Failures: 0, Errors: 0, Skipped: 0, Time elapsed: 22.9 sec
    [junit] Running chs.common.styles.ApplyHarnessStyleSet1Test
    [junit] WARNING: An illegal reflective access operation has occurred
    [junit] WARNING: Illegal reflective access by chs.utility.helpers.Java8CompatibleFontMetricsUtil (file:/C:/repos/iesd/chs_home/lib/capitalcofutils.jar) to field sun.font.FontDesignMetrics.ascent
    [junit] WARNING: Please consider reporting this to the maintainers of chs.utility.helpers.Java8CompatibleFontMetricsUtil
    [junit] WARNING: Use --illegal-access=warn to enable warnings of further illegal reflective access operations
    [junit] WARNING: All illegal access operations will be denied in a future release
    [junit] Tests run: 15, Failures: 0, Errors: 0, Skipped: 0, Time elapsed: 48.981 sec
    [junit] Running chs.common.styles.ApplyHarnessStyleSet2Test
    [junit] WARNING: An illegal reflective access operation has occurred
    [junit] WARNING: Illegal reflective access by chs.utility.helpers.Java8CompatibleFontMetricsUtil (file:/C:/repos/iesd/chs_home/lib/capitalcofutils.jar) to field sun.font.FontDesignMetrics.ascent
    [junit] WARNING: Please consider reporting this to the maintainers of chs.utility.helpers.Java8CompatibleFontMetricsUtil
    [junit] WARNING: Use --illegal-access=warn to enable warnings of further illegal reflective access operations
    [junit] WARNING: All illegal access operations will be denied in a future release
    [junit] Tests run: 15, Failures: 0, Errors: 0, Skipped: 0, Time elapsed: 46.133 sec
    [junit] Running chs.common.styles.ApplyHarnessStyleSet5Test
    [junit] WARNING: An illegal reflective access operation has occurred
    [junit] WARNING: Illegal reflective access by chs.utility.helpers.Java8CompatibleFontMetricsUtil (file:/C:/repos/iesd/chs_home/lib/capitalcofutils.jar) to field sun.font.FontDesignMetrics.ascent
    [junit] WARNING: Please consider reporting this to the maintainers of chs.utility.helpers.Java8CompatibleFontMetricsUtil
    [junit] WARNING: Use --illegal-access=warn to enable warnings of further illegal reflective access operations
    [junit] WARNING: All illegal access operations will be denied in a future release
    [junit] Tests run: 14, Failures: 0, Errors: 0, Skipped: 0, Time elapsed: 43.637 sec
    [junit] Running chs.common.styles.ApplyHarnessStyleSet6Test
    [junit] WARNING: An illegal reflective access operation has occurred
    [junit] WARNING: Illegal reflective access by chs.utility.helpers.Java8CompatibleFontMetricsUtil (file:/C:/repos/iesd/chs_home/lib/capitalcofutils.jar) to field sun.font.FontDesignMetrics.ascent
    [junit] WARNING: Please consider reporting this to the maintainers of chs.utility.helpers.Java8CompatibleFontMetricsUtil
    [junit] WARNING: Use --illegal-access=warn to enable warnings of further illegal reflective access operations
    [junit] WARNING: All illegal access operations will be denied in a future release
    [junit] Tests run: 5, Failures: 0, Errors: 0, Skipped: 0, Time elapsed: 34.142 sec
    [junit] Running chs.common.styles.ApplyHarnessStyleSet7Test
    [junit] WARNING: An illegal reflective access operation has occurred
    [junit] WARNING: Illegal reflective access by chs.utility.helpers.Java8CompatibleFontMetricsUtil (file:/C:/repos/iesd/chs_home/lib/capitalcofutils.jar) to field sun.font.FontDesignMetrics.ascent
    [junit] WARNING: Please consider reporting this to the maintainers of chs.utility.helpers.Java8CompatibleFontMetricsUtil
    [junit] WARNING: Use --illegal-access=warn to enable warnings of further illegal reflective access operations
    [junit] WARNING: All illegal access operations will be denied in a future release
    [junit] Tests run: 8, Failures: 0, Errors: 0, Skipped: 0, Time elapsed: 29.933 sec
    [junit] Running chs.common.styles.ApplyHarnessStyleSetCustomColTest
    [junit] WARNING: An illegal reflective access operation has occurred
    [junit] WARNING: Illegal reflective access by chs.utility.helpers.Java8CompatibleFontMetricsUtil (file:/C:/repos/iesd/chs_home/lib/capitalcofutils.jar) to field sun.font.FontDesignMetrics.ascent
    [junit] WARNING: Please consider reporting this to the maintainers of chs.utility.helpers.Java8CompatibleFontMetricsUtil
    [junit] WARNING: Use --illegal-access=warn to enable warnings of further illegal reflective access operations
    [junit] WARNING: All illegal access operations will be denied in a future release
    [junit] Tests run: 1, Failures: 0, Errors: 0, Skipped: 0, Time elapsed: 24.126 sec
    [junit] Running chs.common.styles.ApplyIntegratorStyleSet1Test
    [junit] Tests run: 15, Failures: 0, Errors: 0, Skipped: 0, Time elapsed: 50.665 sec
    [junit] Running chs.common.styles.ApplyIntegratorStyleSet2Test
    [junit] Tests run: 15, Failures: 0, Errors: 0, Skipped: 0, Time elapsed: 50.189 sec
    [junit] Running chs.common.styles.ApplyIntegratorStyleSet3Test
    [junit] WARNING: An illegal reflective access operation has occurred
    [junit] WARNING: Illegal reflective access by chs.common.introspection.IntrospectiveObjectScan (file:/C:/repos/iesd/chs_home/lib/capitalcofutils.jar) to field java.lang.Enum.name
    [junit] WARNING: Please consider reporting this to the maintainers of chs.common.introspection.IntrospectiveObjectScan
    [junit] WARNING: Use --illegal-access=warn to enable warnings of further illegal reflective access operations
    [junit] WARNING: All illegal access operations will be denied in a future release
    [junit] Tests run: 15, Failures: 0, Errors: 0, Skipped: 0, Time elapsed: 77.774 sec
    [junit] Running chs.common.styles.ApplyLogicStyleSet2Test
    [junit] WARNING: An illegal reflective access operation has occurred
    [junit] WARNING: Illegal reflective access by chs.utility.helpers.Java8CompatibleFontMetricsUtil (file:/C:/repos/iesd/chs_home/lib/capitalcofutils.jar) to field sun.font.FontDesignMetrics.ascent
    [junit] WARNING: Please consider reporting this to the maintainers of chs.utility.helpers.Java8CompatibleFontMetricsUtil
    [junit] WARNING: Use --illegal-access=warn to enable warnings of further illegal reflective access operations
    [junit] WARNING: All illegal access operations will be denied in a future release
    [junit] Tests run: 17, Failures: 0, Errors: 0, Skipped: 0, Time elapsed: 52.954 sec
    [junit] Running chs.common.styles.ApplyLogicStyleSet3Test
    [junit] WARNING: An illegal reflective access operation has occurred
    [junit] WARNING: Illegal reflective access by chs.utility.helpers.Java8CompatibleFontMetricsUtil (file:/C:/repos/iesd/chs_home/lib/capitalcofutils.jar) to field sun.font.FontDesignMetrics.ascent
    [junit] WARNING: Please consider reporting this to the maintainers of chs.utility.helpers.Java8CompatibleFontMetricsUtil
    [junit] WARNING: Use --illegal-access=warn to enable warnings of further illegal reflective access operations
    [junit] WARNING: All illegal access operations will be denied in a future release
    [junit] Tests run: 20, Failures: 0, Errors: 0, Skipped: 0, Time elapsed: 54.65 sec
    [junit] Running chs.common.styles.ApplyLogicStyleSet4Test
    [junit] WARNING: An illegal reflective access operation has occurred
    [junit] WARNING: Illegal reflective access by chs.utility.helpers.Java8CompatibleFontMetricsUtil (file:/C:/repos/iesd/chs_home/lib/capitalcofutils.jar) to field sun.font.FontDesignMetrics.ascent
    [junit] WARNING: Please consider reporting this to the maintainers of chs.utility.helpers.Java8CompatibleFontMetricsUtil
    [junit] WARNING: Use --illegal-access=warn to enable warnings of further illegal reflective access operations
    [junit] WARNING: All illegal access operations will be denied in a future release
    [junit] Tests run: 18, Failures: 0, Errors: 0, Skipped: 0, Time elapsed: 45.9 sec
    [junit] Running chs.common.styles.ApplyLogicStyleSet5Test
    [junit] WARNING: An illegal reflective access operation has occurred
    [junit] WARNING: Illegal reflective access by chs.utility.helpers.Java8CompatibleFontMetricsUtil (file:/C:/repos/iesd/chs_home/lib/capitalcofutils.jar) to field sun.font.FontDesignMetrics.ascent
    [junit] WARNING: Please consider reporting this to the maintainers of chs.utility.helpers.Java8CompatibleFontMetricsUtil
    [junit] WARNING: Use --illegal-access=warn to enable warnings of further illegal reflective access operations
    [junit] WARNING: All illegal access operations will be denied in a future release
    [junit] Tests run: 20, Failures: 0, Errors: 0, Skipped: 0, Time elapsed: 69.139 sec
    [junit] Running chs.common.styles.ApplyLogicStyleSet6Test
    [junit] WARNING: An illegal reflective access operation has occurred
    [junit] WARNING: Illegal reflective access by chs.utility.helpers.Java8CompatibleFontMetricsUtil (file:/C:/repos/iesd/chs_home/lib/capitalcofutils.jar) to field sun.font.FontDesignMetrics.ascent
    [junit] WARNING: Please consider reporting this to the maintainers of chs.utility.helpers.Java8CompatibleFontMetricsUtil
    [junit] WARNING: Use --illegal-access=warn to enable warnings of further illegal reflective access operations
    [junit] WARNING: All illegal access operations will be denied in a future release
    [junit] Tests run: 11, Failures: 0, Errors: 0, Skipped: 0, Time elapsed: 39.508 sec
    [junit] Running chs.common.styles.ApplyLogicStyleSet7Test
    [junit] WARNING: An illegal reflective access operation has occurred
    [junit] WARNING: Illegal reflective access by chs.utility.helpers.Java8CompatibleFontMetricsUtil (file:/C:/repos/iesd/chs_home/lib/capitalcofutils.jar) to field sun.font.FontDesignMetrics.ascent
    [junit] WARNING: Please consider reporting this to the maintainers of chs.utility.helpers.Java8CompatibleFontMetricsUtil
    [junit] WARNING: Use --illegal-access=warn to enable warnings of further illegal reflective access operations
    [junit] WARNING: All illegal access operations will be denied in a future release
    [junit] Tests run: 4, Failures: 0, Errors: 0, Skipped: 0, Time elapsed: 24.005 sec
    [junit] Running chs.common.styles.ApplyLogicStyleSet8Test
    [junit] WARNING: An illegal reflective access operation has occurred
    [junit] WARNING: Illegal reflective access by chs.utility.helpers.Java8CompatibleFontMetricsUtil (file:/C:/repos/iesd/chs_home/lib/capitalcofutils.jar) to field sun.font.FontDesignMetrics.ascent
    [junit] WARNING: Please consider reporting this to the maintainers of chs.utility.helpers.Java8CompatibleFontMetricsUtil
    [junit] WARNING: Use --illegal-access=warn to enable warnings of further illegal reflective access operations
    [junit] WARNING: All illegal access operations will be denied in a future release
    [junit] Tests run: 5, Failures: 0, Errors: 0, Skipped: 0, Time elapsed: 22.145 sec

BUILD SUCCESSFUL
Total time: 52 minutes 33 seconds
